#
# A fatal error has been detected by the Java Runtime Environment:
#
#  EXCEPTION_STACK_OVERFLOW (0xc00000fd) at pc=0x00007ffeec748a58, pid=15876, tid=4212
#
# JRE version: OpenJDK Runtime Environment Corretto-17.0.6.10.1 (17.0.6+10) (build 17.0.6+10-LTS)
# Java VM: OpenJDK 64-Bit Server VM Corretto-17.0.6.10.1 (17.0.6+10-LTS, mixed mode, emulated-client, sharing, tiered, compressed oops, compressed class ptrs, g1 gc, windows-amd64)
# Problematic frame:
# V  [jvm.dll+0x858a58]
#
# No core dump will be written. Minidumps are not enabled by default on client versions of Windows
#
# If you would like to submit a bug report, please visit:
#   https://github.com/corretto/corretto-17/issues/
#

---------------  S U M M A R Y ------------

Command Line: -XX:TieredStopAtLevel=1 -Dspring.output.ansi.enabled=always -Dcom.sun.management.jmxremote -Dspring.jmx.enabled=true -Dspring.liveBeansView.mbeanDomain -Dspring.application.admin.enabled=true -Dmanagement.endpoints.jmx.exposure.include=* -javaagent:C:\Program Files\JetBrains\IntelliJ IDEA 2022.3.2\lib\idea_rt.jar=55330:C:\Program Files\JetBrains\IntelliJ IDEA 2022.3.2\bin -Dfile.encoding=UTF-8 ru.skypro.homework.HomeworkApplication

Host: AMD Athlon Silver 3050U with Radeon Graphics   , 2 cores, 9G,  Windows 11 , 64 bit Build 22621 (10.0.22621.1485)
Time: Wed Apr 19 00:30:03 2023  Windows 11 , 64 bit Build 22621 (10.0.22621.1485) elapsed time: 5.210558 seconds (0d 0h 0m 5s)

---------------  T H R E A D  ---------------

Current thread (0x000002240a573ab0):  VMThread "VM Thread" [stack: 0x0000009f40b00000,0x0000009f40c00000] [id=4212]

Stack: [0x0000009f40b00000,0x0000009f40c00000],  sp=0x0000009f40bfde08,  free space=1015k
Native frames: (J=compiled Java code, j=interpreted, Vv=VM code, C=native code)
V  [jvm.dll+0x858a58]
V  [jvm.dll+0x2d55e8]
V  [jvm.dll+0x2d4c78]
V  [jvm.dll+0x2d5374]
V  [jvm.dll+0x68f3f1]
V  [jvm.dll+0x2d9388]
V  [jvm.dll+0x68f85e]
V  [jvm.dll+0x68ed2a]
V  [jvm.dll+0x68e529]
V  [jvm.dll+0x2d8c10]
V  [jvm.dll+0x2d6fde]
V  [jvm.dll+0x30b340]
V  [jvm.dll+0x80528b]
V  [jvm.dll+0x805f68]
V  [jvm.dll+0x806495]
V  [jvm.dll+0x806864]
V  [jvm.dll+0x80692e]
V  [jvm.dll+0x7b1d6a]
