#
# There is insufficient memory for the Java Runtime Environment to continue.
# Native memory allocation (mmap) failed to map 65536 bytes for Failed to commit metaspace.
# Possible reasons:
#   The system is out of physical RAM or swap space
#   The process is running with CompressedOops enabled, and the Java Heap may be blocking the growth of the native heap
# Possible solutions:
#   Reduce memory load on the system
#   Increase physical memory or swap space
#   Check if swap backing store is full
#   Decrease Java heap size (-Xmx/-Xms)
#   Decrease number of Java threads
#   Decrease Java thread stack sizes (-Xss)
#   Set larger code cache with -XX:ReservedCodeCacheSize=
#   JVM is running with Zero Based Compressed Oops mode in which the Java heap is
#     placed in the first 32GB address space. The Java Heap base address is the
#     maximum limit for the native heap growth. Please use -XX:HeapBaseMinAddress
#     to set the Java Heap base and to place the Java Heap above 32GB virtual address.
# This output file may be truncated or incomplete.
#
#  Out of Memory Error (virtualSpaceNode.cpp:110), pid=13692, tid=15812
#
# JRE version: OpenJDK Runtime Environment Corretto-17.0.6.10.1 (17.0.6+10) (build 17.0.6+10-LTS)
# Java VM: OpenJDK 64-Bit Server VM Corretto-17.0.6.10.1 (17.0.6+10-LTS, mixed mode, emulated-client, sharing, tiered, compressed oops, compressed class ptrs, g1 gc, windows-amd64)
# No core dump will be written. Minidumps are not enabled by default on client versions of Windows
#

---------------  S U M M A R Y ------------

Command Line: -XX:TieredStopAtLevel=1 -Dspring.output.ansi.enabled=always -Dcom.sun.management.jmxremote -Dspring.jmx.enabled=true -Dspring.liveBeansView.mbeanDomain -Dspring.application.admin.enabled=true -Dmanagement.endpoints.jmx.exposure.include=* -javaagent:C:\Program Files\JetBrains\IntelliJ IDEA 2022.3.2\lib\idea_rt.jar=52412:C:\Program Files\JetBrains\IntelliJ IDEA 2022.3.2\bin -Dfile.encoding=UTF-8 ru.skypro.homework.HomeworkApplication

Host: AMD Athlon Silver 3050U with Radeon Graphics   , 2 cores, 9G,  Windows 11 , 64 bit Build 22621 (10.0.22621.1485)
Time: Tue Apr 18 19:39:11 2023  Windows 11 , 64 bit Build 22621 (10.0.22621.1485) elapsed time: 10.028755 seconds (0d 0h 0m 10s)

---------------  T H R E A D  ---------------

Current thread (0x0000025e430605d0):  JavaThread "main" [_thread_in_vm, id=15812, stack(0x000000cce7300000,0x000000cce7400000)]

Stack: [0x000000cce7300000,0x000000cce7400000]
Native frames: (J=compiled Java code, j=interpreted, Vv=VM code, C=native code)
V  [jvm.dll+0x64b39a]
V  [jvm.dll+0x7ff044]
V  [jvm.dll+0x8007fe]
V  [jvm.dll+0x800e53]
V  [jvm.dll+0x235848]
V  [jvm.dll+0x7fb10b]
V  [jvm.dll+0x5f23a6]
V  [jvm.dll+0x1b4e8e]
V  [jvm.dll+0x5f4bf4]
V  [jvm.dll+0x5f2d5d]
V  [jvm.dll+0x23339c]
V  [jvm.dll+0x69ff08]
V  [jvm.dll+0x6a092f]
V  [jvm.dll+0x35b203]
V  [jvm.dll+0x35a452]
V  [jvm.dll+0x35a3f8]
V  [jvm.dll+0x369faa]
C  0x0000025e4ab699a4

Java frames: (J=compiled Java code, j=interpreted, Vv=VM code)
j  net.bytebuddy.dynamic.scaffold.MethodGraph$Compiler$Default.compile(Lnet/bytebuddy/description/type/TypeDefinition;Lnet/bytebuddy/description/type/TypeDescription;)Lnet/bytebuddy/dynamic/scaffold/MethodGraph$Linked;+242
j  net.bytebuddy.dynamic.scaffold.MethodGraph$Compiler$AbstractBase.compile(Lnet/bytebuddy/description/type/TypeDefinition;)Lnet/bytebuddy/dynamic/scaffold/MethodGraph$Linked;+8
j  net.bytebuddy.dynamic.scaffold.MethodRegistry$Default.prepare(Lnet/bytebuddy/dynamic/scaffold/InstrumentedType;Lnet/bytebuddy/dynamic/scaffold/MethodGraph$Compiler;Lnet/bytebuddy/dynamic/scaffold/TypeValidation;Lnet/bytebuddy/dynamic/VisibilityBridgeStrategy;Lnet/bytebuddy/matcher/LatentMatcher;)Lnet/bytebuddy/dynamic/scaffold/MethodRegistry$Prepared;+184
j  net.bytebuddy.dynamic.scaffold.subclass.SubclassDynamicTypeBuilder.toTypeWriter(Lnet/bytebuddy/pool/TypePool;)Lnet/bytebuddy/dynamic/scaffold/TypeWriter;+48
j  net.bytebuddy.dynamic.scaffold.subclass.SubclassDynamicTypeBuilder.toTypeWriter()Lnet/bytebuddy/dynamic/scaffold/TypeWriter;+4
j  net.bytebuddy.dynamic.DynamicType$Builder$AbstractBase$UsingTypeWriter.make(Lnet/bytebuddy/dynamic/TypeResolutionStrategy;)Lnet/bytebuddy/dynamic/DynamicType$Unloaded;+1
j  net.bytebuddy.dynamic.DynamicType$Builder$AbstractBase.make()Lnet/bytebuddy/dynamic/DynamicType$Unloaded;+4
j  net.bytebuddy.dynamic.DynamicType$Builder$AbstractBase$Delegator.make()Lnet/bytebuddy/dynamic/DynamicType$Unloaded;+4
j  org.hibernate.bytecode.internal.bytebuddy.ByteBuddyState.make(Lnet/bytebuddy/pool/TypePool;Lnet/bytebuddy/dynamic/DynamicType$Builder;)Lnet/bytebuddy/dynamic/DynamicType$Unloaded;+26
j  org.hibernate.bytecode.internal.bytebuddy.ByteBuddyState.make(Lnet/bytebuddy/dynamic/DynamicType$Builder;)Lnet/bytebuddy/dynamic/DynamicType$Unloaded;+3
j  org.hibernate.bytecode.internal.bytebuddy.ByteBuddyState.lambda$load$0(Ljava/util/function/Function;Ljava/lang/Class;)Ljava/lang/Class;+14
j  org.hibernate.bytecode.internal.bytebuddy.ByteBuddyState$$Lambda$842+0x00000008012cb2e8.call()Ljava/lang/Object;+12
j  net.bytebuddy.TypeCache.findOrInsert(Ljava/lang/ClassLoader;Ljava/lang/Object;Ljava/util/concurrent/Callable;)Ljava/lang/Class;+20
j  net.bytebuddy.TypeCache.findOrInsert(Ljava/lang/ClassLoader;Ljava/lang/Object;Ljava/util/concurrent/Callable;Ljava/lang/Object;)Ljava/lang/Class;+26
j  org.hibernate.bytecode.internal.bytebuddy.ByteBuddyState.load(Ljava/lang/Class;Lnet/bytebuddy/TypeCache;Lnet/bytebuddy/TypeCache$SimpleKey;Ljava/util/function/Function;)Ljava/lang/Class;+16
j  org.hibernate.bytecode.internal.bytebuddy.ByteBuddyState.loadProxy(Ljava/lang/Class;Lnet/bytebuddy/TypeCache$SimpleKey;Ljava/util/function/Function;)Ljava/lang/Class;+8
j  org.hibernate.proxy.pojo.bytebuddy.ByteBuddyProxyHelper.buildProxy(Ljava/lang/Class;[Ljava/lang/Class;)Ljava/lang/Class;+62
j  org.hibernate.proxy.pojo.bytebuddy.ByteBuddyProxyFactory.postInstantiate(Ljava/lang/String;Ljava/lang/Class;Ljava/util/Set;Ljava/lang/reflect/Method;Ljava/lang/reflect/Method;Lorg/hibernate/type/CompositeType;)V+55
j  org.hibernate.tuple.entity.PojoEntityTuplizer.buildProxyFactory(Lorg/hibernate/mapping/PersistentClass;Lorg/hibernate/property/access/spi/Getter;Lorg/hibernate/property/access/spi/Setter;)Lorg/hibernate/proxy/ProxyFactory;+104
j  org.hibernate.tuple.entity.AbstractEntityTuplizer.<init>(Lorg/hibernate/tuple/entity/EntityMetamodel;Lorg/hibernate/mapping/PersistentClass;)V+198
j  org.hibernate.tuple.entity.PojoEntityTuplizer.<init>(Lorg/hibernate/tuple/entity/EntityMetamodel;Lorg/hibernate/mapping/PersistentClass;)V+3
v  ~StubRoutines::call_stub
J 1622  jdk.internal.reflect.NativeConstructorAccessorImpl.newInstance0(Ljava/lang/reflect/Constructor;[Ljava/lang/Object;)Ljava/lang/Object; java.base@17.0.6 (0 bytes) @ 0x0000025e4af4c28e [0x0000025e4af4c220+0x000000000000006e]
J 1621 c1 jdk.internal.reflect.NativeConstructorAccessorImpl.newInstance([Ljava/lang/Object;)Ljava/lang/Object; java.base@17.0.6 (122 bytes) @ 0x0000025e4af4bb6c [0x0000025e4af4b880+0x00000000000002ec]
J 1376 c1 jdk.internal.reflect.DelegatingConstructorAccessorImpl.newInstance([Ljava/lang/Object;)Ljava/lang/Object; java.base@17.0.6 (9 bytes) @ 0x0000025e4aee91e4 [0x0000025e4aee91a0+0x0000000000000044]
J 1339 c1 java.lang.reflect.Constructor.newInstanceWithCaller([Ljava/lang/Object;ZLjava/lang/Class;)Ljava/lang/Object; java.base@17.0.6 (75 bytes) @ 0x0000025e4aedb3b4 [0x0000025e4aedb2e0+0x00000000000000d4]
J 1370 c1 java.lang.reflect.Constructor.newInstance([Ljava/lang/Object;)Ljava/lang/Object; java.base@17.0.6 (34 bytes) @ 0x0000025e4aee774c [0x0000025e4aee76c0+0x000000000000008c]
j  org.hibernate.tuple.entity.EntityTuplizerFactory.constructTuplizer(Ljava/lang/Class;Lorg/hibernate/tuple/entity/EntityMetamodel;Lorg/hibernate/mapping/PersistentClass;)Lorg/hibernate/tuple/entity/EntityTuplizer;+70
j  org.hibernate.tuple.entity.EntityTuplizerFactory.constructDefaultTuplizer(Lorg/hibernate/EntityMode;Lorg/hibernate/tuple/entity/EntityMetamodel;Lorg/hibernate/mapping/PersistentClass;)Lorg/hibernate/tuple/entity/EntityTuplizer;+57
j  org.hibernate.tuple.entity.EntityMetamodel.<init>(Lorg/hibernate/mapping/PersistentClass;Lorg/hibernate/persister/entity/EntityPersister;Lorg/hibernate/persister/spi/PersisterCreationContext;)V+1814
j  org.hibernate.persister.entity.AbstractEntityPersister.<init>(Lorg/hibernate/mapping/PersistentClass;Lorg/hibernate/cache/spi/access/EntityDataAccess;Lorg/hibernate/cache/spi/access/NaturalIdDataAccess;Lorg/hibernate/persister/spi/PersisterCreationContext;)V+176
j  org.hibernate.persister.entity.SingleTableEntityPersister.<init>(Lorg/hibernate/mapping/PersistentClass;Lorg/hibernate/cache/spi/access/EntityDataAccess;Lorg/hibernate/cache/spi/access/NaturalIdDataAccess;Lorg/hibernate/persister/spi/PersisterCreationContext;)V+6
v  ~StubRoutines::call_stub
J 1622  jdk.internal.reflect.NativeConstructorAccessorImpl.newInstance0(Ljava/lang/reflect/Constructor;[Ljava/lang/Object;)Ljava/lang/Object; java.base@17.0.6 (0 bytes) @ 0x0000025e4af4c28e [0x0000025e4af4c220+0x000000000000006e]
J 1621 c1 jdk.internal.reflect.NativeConstructorAccessorImpl.newInstance([Ljava/lang/Object;)Ljava/lang/Object; java.base@17.0.6 (122 bytes) @ 0x0000025e4af4bb6c [0x0000025e4af4b880+0x00000000000002ec]
J 1376 c1 jdk.internal.reflect.DelegatingConstructorAccessorImpl.newInstance([Ljava/lang/Object;)Ljava/lang/Object; java.base@17.0.6 (9 bytes) @ 0x0000025e4aee91e4 [0x0000025e4aee91a0+0x0000000000000044]
J 1339 c1 java.lang.reflect.Constructor.newInstanceWithCaller([Ljava/lang/Object;ZLjava/lang/Class;)Ljava/lang/Object; java.base@17.0.6 (75 bytes) @ 0x0000025e4aedb3b4 [0x0000025e4aedb2e0+0x00000000000000d4]
J 1370 c1 java.lang.reflect.Constructor.newInstance([Ljava/lang/Object;)Ljava/lang/Object; java.base@17.0.6 (34 bytes) @ 0x0000025e4aee774c [0x0000025e4aee76c0+0x000000000000008c]
j  org.hibernate.persister.internal.PersisterFactoryImpl.createEntityPersister(Ljava/lang/Class;Lorg/hibernate/mapping/PersistentClass;Lorg/hibernate/cache/spi/access/EntityDataAccess;Lorg/hibernate/cache/spi/access/NaturalIdDataAccess;Lorg/hibernate/persister/spi/PersisterCreationContext;)Lorg/hibernate/persister/entity/EntityPersister;+33
j  org.hibernate.persister.internal.PersisterFactoryImpl.createEntityPersister(Lorg/hibernate/mapping/PersistentClass;Lorg/hibernate/cache/spi/access/EntityDataAccess;Lorg/hibernate/cache/spi/access/NaturalIdDataAccess;Lorg/hibernate/persister/spi/PersisterCreationContext;)Lorg/hibernate/persister/entity/EntityPersister;+41
j  org.hibernate.metamodel.internal.MetamodelImpl.initialize(Lorg/hibernate/boot/spi/MetadataImplementor;Lorg/hibernate/metamodel/internal/JpaMetaModelPopulationSetting;)V+148
j  org.hibernate.internal.SessionFactoryImpl.<init>(Lorg/hibernate/boot/spi/MetadataImplementor;Lorg/hibernate/boot/spi/SessionFactoryOptions;Lorg/hibernate/engine/query/spi/QueryPlanCache$QueryPlanCreator;)V+761
j  org.hibernate.boot.internal.SessionFactoryBuilderImpl.build()Lorg/hibernate/SessionFactory;+64
j  org.hibernate.jpa.boot.internal.EntityManagerFactoryBuilderImpl.build()Ljavax/persistence/EntityManagerFactory;+22
j  org.springframework.orm.jpa.vendor.SpringHibernateJpaPersistenceProvider.createContainerEntityManagerFactory(Ljavax/persistence/spi/PersistenceUnitInfo;Ljava/util/Map;)Ljavax/persistence/EntityManagerFactory;+55
j  org.springframework.orm.jpa.LocalContainerEntityManagerFactoryBean.createNativeEntityManagerFactory()Ljavax/persistence/EntityManagerFactory;+129
j  org.springframework.orm.jpa.AbstractEntityManagerFactoryBean.buildNativeEntityManagerFactory()Ljavax/persistence/EntityManagerFactory;+1
j  org.springframework.orm.jpa.AbstractEntityManagerFactoryBean.afterPropertiesSet()V+192
j  org.springframework.orm.jpa.LocalContainerEntityManagerFactoryBean.afterPropertiesSet()V+77
j  org.springframework.beans.factory.support.AbstractAutowireCapableBeanFactory.invokeInitMethods(Ljava/lang/String;Ljava/lang/Object;Lorg/springframework/beans/factory/support/RootBeanDefinition;)V+106
j  org.springframework.beans.factory.support.AbstractAutowireCapableBeanFactory.initializeBean(Ljava/lang/String;Ljava/lang/Object;Lorg/springframework/beans/factory/support/RootBeanDefinition;)Ljava/lang/Object;+59
j  org.springframework.beans.factory.support.AbstractAutowireCapableBeanFactory.doCreateBean(Ljava/lang/String;Lorg/springframework/beans/factory/support/RootBeanDefinition;[Ljava/lang/Object;)Ljava/lang/Object;+245
j  org.springframework.beans.factory.support.AbstractAutowireCapableBeanFactory.createBean(Ljava/lang/String;Lorg/springframework/beans/factory/support/RootBeanDefinition;[Ljava/lang/Object;)Ljava/lang/Object;+169
j  org.springframework.beans.factory.support.AbstractBeanFactory.lambda$doGetBean$0(Ljava/lang/String;Lorg/springframework/beans/factory/support/RootBeanDefinition;[Ljava/lang/Object;)Ljava/lang/Object;+4
j  org.springframework.beans.factory.support.AbstractBeanFactory$$Lambda$321+0x0000000800e14c90.getObject()Ljava/lang/Object;+16
j  org.springframework.beans.factory.support.DefaultSingletonBeanRegistry.getSingleton(Ljava/lang/String;Lorg/springframework/beans/factory/ObjectFactory;)Ljava/lang/Object;+132
J 3009 c1 org.springframework.beans.factory.support.AbstractBeanFactory.doGetBean(Ljava/lang/String;Ljava/lang/Class;[Ljava/lang/Object;Z)Ljava/lang/Object; (832 bytes) @ 0x0000025e4b193214 [0x0000025e4b192c00+0x0000000000000614]
j  org.springframework.beans.factory.support.AbstractBeanFactory.getBean(Ljava/lang/String;)Ljava/lang/Object;+5
j  org.springframework.context.support.AbstractApplicationContext.getBean(Ljava/lang/String;)Ljava/lang/Object;+9
j  org.springframework.context.support.AbstractApplicationContext.finishBeanFactoryInitialization(Lorg/springframework/beans/factory/config/ConfigurableListableBeanFactory;)V+100
j  org.springframework.context.support.AbstractApplicationContext.refresh()V+86
j  org.springframework.boot.web.servlet.context.ServletWebServerApplicationContext.refresh()V+1
j  org.springframework.boot.SpringApplication.refresh(Lorg/springframework/context/ConfigurableApplicationContext;)V+1
j  org.springframework.boot.SpringApplication.refreshContext(Lorg/springframework/context/ConfigurableApplicationContext;)V+16
j  org.springframework.boot.SpringApplication.run([Ljava/lang/String;)Lorg/springframework/context/ConfigurableApplicationContext;+107
j  org.springframework.boot.SpringApplication.run([Ljava/lang/Class;[Ljava/lang/String;)Lorg/springframework/context/ConfigurableApplicationContext;+9
j  org.springframework.boot.SpringApplication.run(Ljava/lang/Class;[Ljava/lang/String;)Lorg/springframework/context/ConfigurableApplicationContext;+9
j  ru.skypro.homework.HomeworkApplication.main([Ljava/lang/String;)V+3
v  ~StubRoutines::call_stub

---------------  P R O C E S S  ---------------

Threads class SMR info:
_java_thread_list=0x0000025e5885e3d0, length=22, elements={
0x0000025e430605d0, 0x0000025e557e5250, 0x0000025e557e5e00, 0x0000025e557fb450,
0x0000025e557fdf10, 0x0000025e558008d0, 0x0000025e55801280, 0x0000025e55801c30,
0x0000025e55805de0, 0x0000025e5588e760, 0x0000025e5645c3f0, 0x0000025e567fdbf0,
0x0000025e567fe0c0, 0x0000025e569f87f0, 0x0000025e56acf410, 0x0000025e56a91040,
0x0000025e582fb580, 0x0000025e582fbed0, 0x0000025e57f6c510, 0x0000025e583b2ef0,
0x0000025e583b3890, 0x0000025e583b2080
}

Java Threads: ( => current thread )
=>0x0000025e430605d0 JavaThread "main" [_thread_in_vm, id=15812, stack(0x000000cce7300000,0x000000cce7400000)]
  0x0000025e557e5250 JavaThread "Reference Handler" daemon [_thread_blocked, id=11752, stack(0x000000cce7b00000,0x000000cce7c00000)]
  0x0000025e557e5e00 JavaThread "Finalizer" daemon [_thread_blocked, id=11776, stack(0x000000cce7c00000,0x000000cce7d00000)]
  0x0000025e557fb450 JavaThread "Signal Dispatcher" daemon [_thread_blocked, id=13952, stack(0x000000cce7d00000,0x000000cce7e00000)]
  0x0000025e557fdf10 JavaThread "Attach Listener" daemon [_thread_blocked, id=12516, stack(0x000000cce7e00000,0x000000cce7f00000)]
  0x0000025e558008d0 JavaThread "Service Thread" daemon [_thread_blocked, id=3628, stack(0x000000cce7f00000,0x000000cce8000000)]
  0x0000025e55801280 JavaThread "Monitor Deflation Thread" daemon [_thread_blocked, id=6272, stack(0x000000cce8000000,0x000000cce8100000)]
  0x0000025e55801c30 JavaThread "C1 CompilerThread0" daemon [_thread_blocked, id=15668, stack(0x000000cce8100000,0x000000cce8200000)]
  0x0000025e55805de0 JavaThread "Sweeper thread" daemon [_thread_blocked, id=10232, stack(0x000000cce8200000,0x000000cce8300000)]
  0x0000025e5588e760 JavaThread "Common-Cleaner" daemon [_thread_blocked, id=5032, stack(0x000000cce8300000,0x000000cce8400000)]
  0x0000025e5645c3f0 JavaThread "C1 CompilerThread1" daemon [_thread_blocked, id=12868, stack(0x000000cce8400000,0x000000cce8500000)]
  0x0000025e567fdbf0 JavaThread "Monitor Ctrl-Break" daemon [_thread_in_native, id=13984, stack(0x000000cce8500000,0x000000cce8600000)]
  0x0000025e567fe0c0 JavaThread "Notification Thread" daemon [_thread_blocked, id=11128, stack(0x000000cce8600000,0x000000cce8700000)]
  0x0000025e569f87f0 JavaThread "RMI TCP Accept-0" daemon [_thread_in_native, id=2116, stack(0x000000cce8800000,0x000000cce8900000)]
  0x0000025e56acf410 JavaThread "RMI TCP Connection(2)-192.168.1.5" daemon [_thread_in_native, id=15840, stack(0x000000cce8a00000,0x000000cce8b00000)]
  0x0000025e56a91040 JavaThread "RMI Scheduler(0)" daemon [_thread_blocked, id=14512, stack(0x000000cce8b00000,0x000000cce8c00000)]
  0x0000025e582fb580 JavaThread "Catalina-utility-1" [_thread_blocked, id=11664, stack(0x000000cce8d00000,0x000000cce8e00000)]
  0x0000025e582fbed0 JavaThread "Catalina-utility-2" [_thread_blocked, id=3816, stack(0x000000cce8e00000,0x000000cce8f00000)]
  0x0000025e57f6c510 JavaThread "container-0" [_thread_blocked, id=15152, stack(0x000000cce8f00000,0x000000cce9000000)]
  0x0000025e583b2ef0 JavaThread "RMI TCP Connection(3)-192.168.1.5" daemon [_thread_in_native, id=13368, stack(0x000000cce9000000,0x000000cce9100000)]
  0x0000025e583b3890 JavaThread "HikariPool-1 housekeeper" daemon [_thread_blocked, id=13132, stack(0x000000cce9200000,0x000000cce9300000)]
  0x0000025e583b2080 JavaThread "HikariPool-1 connection adder" daemon [_thread_blocked, id=14720, stack(0x000000cce9300000,0x000000cce9400000)]

Other Threads:
  0x0000025e557def60 VMThread "VM Thread" [stack: 0x000000cce7a00000,0x000000cce7b00000] [id=14848]
  0x0000025e43061440 WatcherThread [stack: 0x000000cce8900000,0x000000cce8a00000] [id=13056]
  0x0000025e430ac840 GCTaskThread "GC Thread#0" [stack: 0x000000cce7500000,0x000000cce7600000] [id=8856]
  0x0000025e5688d5b0 GCTaskThread "GC Thread#1" [stack: 0x000000cce8700000,0x000000cce8800000] [id=1304]
  0x0000025e430b7590 ConcurrentGCThread "G1 Main Marker" [stack: 0x000000cce7600000,0x000000cce7700000] [id=13680]
  0x0000025e430b8100 ConcurrentGCThread "G1 Conc#0" [stack: 0x000000cce7700000,0x000000cce7800000] [id=7716]
  0x0000025e4310df50 ConcurrentGCThread "G1 Refine#0" [stack: 0x000000cce7800000,0x000000cce7900000] [id=3712]
  0x0000025e581e8540 ConcurrentGCThread "G1 Refine#1" [stack: 0x000000cce8c00000,0x000000cce8d00000] [id=6284]
  0x0000025e4310ead0 ConcurrentGCThread "G1 Service" [stack: 0x000000cce7900000,0x000000cce7a00000] [id=13340]

Threads with active compile tasks:

VM state: not at safepoint (normal execution)

VM Mutex/Monitor currently owned by a thread:  ([mutex/lock_event])
[0x0000025e4305a2e0] Metaspace_lock - owner thread: 0x0000025e430605d0

Heap address: 0x0000000761e00000, size: 2530 MB, Compressed Oops mode: Zero based, Oop shift amount: 3

CDS archive(s) mapped at: [0x0000000800000000-0x0000000800bc0000-0x0000000800bc0000), size 12320768, SharedBaseAddress: 0x0000000800000000, ArchiveRelocationMode: 0.
Compressed class space mapped at: 0x0000000800c00000-0x0000000840c00000, reserved size: 1073741824
Narrow klass base: 0x0000000800000000, Narrow klass shift: 0, Narrow klass range: 0x100000000

GC Precious Log:
 CPUs: 2 total, 2 available
 Memory: 10119M
 Large Page Support: Disabled
 NUMA Support: Disabled
 Compressed Oops: Enabled (Zero based)
 Heap Region Size: 2M
 Heap Min Capacity: 8M
 Heap Initial Capacity: 160M
 Heap Max Capacity: 2530M
 Pre-touch: Disabled
 Parallel Workers: 2
 Concurrent Workers: 1
 Concurrent Refinement Workers: 2
 Periodic GC: Disabled

Heap:
 garbage-first heap   total 69632K, used 21930K [0x0000000761e00000, 0x0000000800000000)
  region size 2048K, 3 young (6144K), 2 survivors (4096K)
 Metaspace       used 49483K, committed 49856K, reserved 1097728K
  class space    used 7010K, committed 7232K, reserved 1048576K

Heap Regions: E=young(eden), S=young(survivor), O=old, HS=humongous(starts), HC=humongous(continues), CS=collection set, F=free, OA=open archive, CA=closed archive, TAMS=top-at-mark-start (previous, next)
|   0|0x0000000761e00000, 0x0000000762000000, 0x0000000762000000|100%| O|  |TAMS 0x0000000762000000, 0x0000000761e00000| Untracked 
|   1|0x0000000762000000, 0x0000000762200000, 0x0000000762200000|100%| O|  |TAMS 0x0000000762200000, 0x0000000762000000| Untracked 
|   2|0x0000000762200000, 0x0000000762400000, 0x0000000762400000|100%| O|  |TAMS 0x0000000762400000, 0x0000000762200000| Untracked 
|   3|0x0000000762400000, 0x0000000762600000, 0x0000000762600000|100%| O|  |TAMS 0x0000000762400000, 0x0000000762400000| Untracked 
|   4|0x0000000762600000, 0x0000000762800000, 0x0000000762800000|100%| O|  |TAMS 0x0000000762800000, 0x0000000762600000| Untracked 
|   5|0x0000000762800000, 0x0000000762a00000, 0x0000000762a00000|100%| O|  |TAMS 0x0000000762a00000, 0x0000000762800000| Untracked 
|   6|0x0000000762a00000, 0x0000000762c00000, 0x0000000762c00000|100%| O|  |TAMS 0x0000000762c00000, 0x0000000762a00000| Untracked 
|   7|0x0000000762c00000, 0x0000000762e00000, 0x0000000762e00000|100%| O|  |TAMS 0x0000000762e00000, 0x0000000762c00000| Untracked 
|   8|0x0000000762e00000, 0x0000000762e1a400, 0x0000000763000000|  5%| O|  |TAMS 0x0000000762e00000, 0x0000000762e00000| Untracked 
|   9|0x0000000763000000, 0x0000000763000000, 0x0000000763200000|  0%| F|  |TAMS 0x0000000763000000, 0x0000000763000000| Untracked 
|  10|0x0000000763200000, 0x0000000763400000, 0x0000000763400000|100%| O|  |TAMS 0x0000000763305400, 0x0000000763200000| Untracked 
|  11|0x0000000763400000, 0x0000000763400000, 0x0000000763600000|  0%| F|  |TAMS 0x0000000763400000, 0x0000000763400000| Untracked 
|  12|0x0000000763600000, 0x0000000763600000, 0x0000000763800000|  0%| F|  |TAMS 0x0000000763600000, 0x0000000763600000| Untracked 
|  13|0x0000000763800000, 0x0000000763800000, 0x0000000763a00000|  0%| F|  |TAMS 0x0000000763800000, 0x0000000763800000| Untracked 
|  14|0x0000000763a00000, 0x0000000763a00000, 0x0000000763c00000|  0%| F|  |TAMS 0x0000000763a00000, 0x0000000763a00000| Untracked 
|  15|0x0000000763c00000, 0x0000000763c00000, 0x0000000763e00000|  0%| F|  |TAMS 0x0000000763c00000, 0x0000000763c00000| Untracked 
|  16|0x0000000763e00000, 0x0000000763e00000, 0x0000000764000000|  0%| F|  |TAMS 0x0000000763e00000, 0x0000000763e00000| Untracked 
|  17|0x0000000764000000, 0x00000007641507a0, 0x0000000764200000| 65%| S|CS|TAMS 0x0000000764000000, 0x0000000764000000| Complete 
|  18|0x0000000764200000, 0x0000000764400000, 0x0000000764400000|100%| S|CS|TAMS 0x0000000764200000, 0x0000000764200000| Complete 
|  19|0x0000000764400000, 0x0000000764400000, 0x0000000764600000|  0%| F|  |TAMS 0x0000000764400000, 0x0000000764400000| Untracked 
|  20|0x0000000764600000, 0x0000000764600000, 0x0000000764800000|  0%| F|  |TAMS 0x0000000764600000, 0x0000000764600000| Untracked 
|  21|0x0000000764800000, 0x0000000764800000, 0x0000000764a00000|  0%| F|  |TAMS 0x0000000764800000, 0x0000000764800000| Untracked 
|  22|0x0000000764a00000, 0x0000000764a00000, 0x0000000764c00000|  0%| F|  |TAMS 0x0000000764a00000, 0x0000000764a00000| Untracked 
|  23|0x0000000764c00000, 0x0000000764c00000, 0x0000000764e00000|  0%| F|  |TAMS 0x0000000764c00000, 0x0000000764c00000| Untracked 
|  24|0x0000000764e00000, 0x0000000764e00000, 0x0000000765000000|  0%| F|  |TAMS 0x0000000764e00000, 0x0000000764e00000| Untracked 
|  25|0x0000000765000000, 0x0000000765000000, 0x0000000765200000|  0%| F|  |TAMS 0x0000000765000000, 0x0000000765000000| Untracked 
|  26|0x0000000765200000, 0x0000000765200000, 0x0000000765400000|  0%| F|  |TAMS 0x0000000765200000, 0x0000000765200000| Untracked 
|  27|0x0000000765400000, 0x0000000765400000, 0x0000000765600000|  0%| F|  |TAMS 0x0000000765400000, 0x0000000765400000| Untracked 
|  28|0x0000000765600000, 0x0000000765600000, 0x0000000765800000|  0%| F|  |TAMS 0x0000000765600000, 0x0000000765600000| Untracked 
|  29|0x0000000765800000, 0x0000000765800000, 0x0000000765a00000|  0%| F|  |TAMS 0x0000000765800000, 0x0000000765800000| Untracked 
|  30|0x0000000765a00000, 0x0000000765a00000, 0x0000000765c00000|  0%| F|  |TAMS 0x0000000765a00000, 0x0000000765a00000| Untracked 
|  76|0x000000076b600000, 0x000000076b600000, 0x000000076b800000|  0%| F|  |TAMS 0x000000076b600000, 0x000000076b600000| Untracked 
|  77|0x000000076b800000, 0x000000076b800000, 0x000000076ba00000|  0%| F|  |TAMS 0x000000076b800000, 0x000000076b800000| Untracked 
|  78|0x000000076ba00000, 0x000000076bb28a78, 0x000000076bc00000| 57%| E|  |TAMS 0x000000076ba00000, 0x000000076ba00000| Complete 

Card table byte_map: [0x0000025e4db50000,0x0000025e4e050000] _byte_map_base: 0x0000025e4a041000

Marking Bits (Prev, Next): (CMBitMap*) 0x0000025e430ace50, (CMBitMap*) 0x0000025e430ace90
 Prev Bits: [0x0000025e4e550000, 0x0000025e50cd8000)
 Next Bits: [0x0000025e50ce0000, 0x0000025e53468000)

Polling page: 0x0000025e40f30000

Metaspace:

Usage:
  Non-class:     41.48 MB used.
      Class:      6.85 MB used.
       Both:     48.32 MB used.

Virtual space:
  Non-class space:       48.00 MB reserved,      41.63 MB ( 87%) committed,  6 nodes.
      Class space:        1.00 GB reserved,       7.06 MB ( <1%) committed,  1 nodes.
             Both:        1.05 GB reserved,      48.69 MB (  5%) committed. 

Chunk freelists:
   Non-Class:  1.98 MB
       Class:  1008.00 KB
        Both:  2.97 MB

MaxMetaspaceSize: unlimited
CompressedClassSpaceSize: 1.00 GB
Initial GC threshold: 21.00 MB
Current GC threshold: 58.69 MB
CDS: on
MetaspaceReclaimPolicy: balanced
 - commit_granule_bytes: 65536.
 - commit_granule_words: 8192.
 - virtual_space_node_default_size: 1048576.
 - enlarge_chunks_in_place: 1.
 - new_chunks_are_fully_committed: 0.
 - uncommit_free_chunks: 1.
 - use_allocation_guard: 0.
 - handle_deallocations: 1.


Internal statistics:

num_allocs_failed_limit: 6.
num_arena_births: 426.
num_arena_deaths: 0.
num_vsnodes_births: 7.
num_vsnodes_deaths: 0.
num_space_committed: 779.
num_space_uncommitted: 0.
num_chunks_returned_to_freelist: 6.
num_chunks_taken_from_freelist: 2169.
num_chunk_merges: 6.
num_chunk_splits: 1594.
num_chunks_enlarged: 1288.
num_purges: 0.
num_inconsistent_stats: 0.

CodeCache: size=49152Kb used=8992Kb max_used=8992Kb free=40160Kb
 bounds [0x0000025e4ab50000, 0x0000025e4b420000, 0x0000025e4db50000]
 total_blobs=5046 nmethods=4480 adapters=491
 compilation: enabled
              stopped_count=0, restarted_count=0
 full_count=0

Compilation events (20 events):
Event: 10.017 Thread 0x0000025e55801c30 nmethod 4470 0x0000025e4b412c90 code [0x0000025e4b412e20, 0x0000025e4b412ef8]
Event: 10.017 Thread 0x0000025e55801c30 4472       1       net.bytebuddy.matcher.ElementMatcher$Junction$ForNonNullValues::matches (18 bytes)
Event: 10.017 Thread 0x0000025e5645c3f0 nmethod 4471 0x0000025e4b412f90 code [0x0000025e4b413140, 0x0000025e4b413278]
Event: 10.017 Thread 0x0000025e55801c30 nmethod 4472 0x0000025e4b413310 code [0x0000025e4b4134a0, 0x0000025e4b4135a8]
Event: 10.018 Thread 0x0000025e55801c30 4473       1       net.bytebuddy.description.type.TypeList$Explicit::size (10 bytes)
Event: 10.018 Thread 0x0000025e55801c30 nmethod 4473 0x0000025e4b413610 code [0x0000025e4b4137a0, 0x0000025e4b413888]
Event: 10.018 Thread 0x0000025e5645c3f0 4474       1       java.util.AbstractList::iterator (9 bytes)
Event: 10.018 Thread 0x0000025e55801c30 4475   !   1       net.bytebuddy.utility.dispatcher.JavaDispatcher$ProxiedInvocationHandler::invoke (305 bytes)
Event: 10.018 Thread 0x0000025e5645c3f0 nmethod 4474 0x0000025e4b413910 code [0x0000025e4b413aa0, 0x0000025e4b413c38]
Event: 10.019 Thread 0x0000025e5645c3f0 4476       1       net.bytebuddy.description.method.MethodDescription$TypeToken::getParameterTypes (5 bytes)
Event: 10.019 Thread 0x0000025e5645c3f0 nmethod 4476 0x0000025e4b413d10 code [0x0000025e4b413ea0, 0x0000025e4b413f78]
Event: 10.019 Thread 0x0000025e5645c3f0 4477       1       net.bytebuddy.utility.dispatcher.JavaDispatcher$Dispatcher$ForNonStaticMethod::invoke (47 bytes)
Event: 10.019 Thread 0x0000025e5645c3f0 nmethod 4477 0x0000025e4b414010 code [0x0000025e4b4141e0, 0x0000025e4b4145a8]
Event: 10.019 Thread 0x0000025e5645c3f0 4478       1       net.bytebuddy.utility.dispatcher.JavaDispatcher::access$100 (4 bytes)
Event: 10.019 Thread 0x0000025e5645c3f0 nmethod 4478 0x0000025e4b414790 code [0x0000025e4b414920, 0x0000025e4b4149d8]
Event: 10.019 Thread 0x0000025e5645c3f0 4479       1       net.bytebuddy.utility.Invoker$Dispatcher::invoke (7 bytes)
Event: 10.020 Thread 0x0000025e5645c3f0 nmethod 4479 0x0000025e4b414a90 code [0x0000025e4b414c60, 0x0000025e4b414e58]
Event: 10.021 Thread 0x0000025e55801c30 nmethod 4475 0x0000025e4b414f90 code [0x0000025e4b415440, 0x0000025e4b416c88]
Event: 10.022 Thread 0x0000025e5645c3f0 4480       1       net.bytebuddy.description.type.TypeDescription$Generic$AbstractBase::<init> (5 bytes)
Event: 10.022 Thread 0x0000025e5645c3f0 nmethod 4480 0x0000025e4b417d10 code [0x0000025e4b417ea0, 0x0000025e4b417f58]

GC Heap History (20 events):
Event: 2.112 GC heap before
{Heap before GC invocations=3 (full 0):
 garbage-first heap   total 163840K, used 22439K [0x0000000761e00000, 0x0000000800000000)
  region size 2048K, 8 young (16384K), 1 survivors (2048K)
 Metaspace       used 10038K, committed 10304K, reserved 1064960K
  class space    used 1359K, committed 1472K, reserved 1048576K
}
Event: 2.119 GC heap after
{Heap after GC invocations=4 (full 0):
 garbage-first heap   total 163840K, used 9331K [0x0000000761e00000, 0x0000000800000000)
  region size 2048K, 1 young (2048K), 1 survivors (2048K)
 Metaspace       used 10038K, committed 10304K, reserved 1064960K
  class space    used 1359K, committed 1472K, reserved 1048576K
}
Event: 4.277 GC heap before
{Heap before GC invocations=4 (full 0):
 garbage-first heap   total 163840K, used 83059K [0x0000000761e00000, 0x0000000800000000)
  region size 2048K, 37 young (75776K), 1 survivors (2048K)
 Metaspace       used 21185K, committed 21440K, reserved 1073152K
  class space    used 2861K, committed 3008K, reserved 1048576K
}
Event: 4.289 GC heap after
{Heap after GC invocations=5 (full 0):
 garbage-first heap   total 163840K, used 13311K [0x0000000761e00000, 0x0000000800000000)
  region size 2048K, 3 young (6144K), 3 survivors (6144K)
 Metaspace       used 21185K, committed 21440K, reserved 1073152K
  class space    used 2861K, committed 3008K, reserved 1048576K
}
Event: 4.317 GC heap before
{Heap before GC invocations=5 (full 0):
 garbage-first heap   total 163840K, used 13311K [0x0000000761e00000, 0x0000000800000000)
  region size 2048K, 4 young (8192K), 3 survivors (6144K)
 Metaspace       used 21261K, committed 21504K, reserved 1073152K
  class space    used 2873K, committed 3008K, reserved 1048576K
}
Event: 4.337 GC heap after
{Heap after GC invocations=6 (full 0):
 garbage-first heap   total 163840K, used 13741K [0x0000000761e00000, 0x0000000800000000)
  region size 2048K, 3 young (6144K), 3 survivors (6144K)
 Metaspace       used 21261K, committed 21504K, reserved 1073152K
  class space    used 2873K, committed 3008K, reserved 1048576K
}
Event: 5.166 GC heap before
{Heap before GC invocations=7 (full 0):
 garbage-first heap   total 49152K, used 36269K [0x0000000761e00000, 0x0000000800000000)
  region size 2048K, 14 young (28672K), 3 survivors (6144K)
 Metaspace       used 24612K, committed 24960K, reserved 1073152K
  class space    used 3436K, committed 3584K, reserved 1048576K
}
Event: 5.180 GC heap after
{Heap after GC invocations=8 (full 0):
 garbage-first heap   total 49152K, used 15858K [0x0000000761e00000, 0x0000000800000000)
  region size 2048K, 2 young (4096K), 2 survivors (4096K)
 Metaspace       used 24612K, committed 24960K, reserved 1073152K
  class space    used 3436K, committed 3584K, reserved 1048576K
}
Event: 5.243 GC heap before
{Heap before GC invocations=8 (full 0):
 garbage-first heap   total 49152K, used 17906K [0x0000000761e00000, 0x0000000800000000)
  region size 2048K, 3 young (6144K), 2 survivors (4096K)
 Metaspace       used 24788K, committed 25152K, reserved 1073152K
  class space    used 3465K, committed 3648K, reserved 1048576K
}
Event: 5.252 GC heap after
{Heap after GC invocations=9 (full 0):
 garbage-first heap   total 49152K, used 15985K [0x0000000761e00000, 0x0000000800000000)
  region size 2048K, 1 young (2048K), 1 survivors (2048K)
 Metaspace       used 24788K, committed 25152K, reserved 1073152K
  class space    used 3465K, committed 3648K, reserved 1048576K
}
Event: 5.948 GC heap before
{Heap before GC invocations=9 (full 0):
 garbage-first heap   total 49152K, used 30321K [0x0000000761e00000, 0x0000000800000000)
  region size 2048K, 9 young (18432K), 1 survivors (2048K)
 Metaspace       used 27380K, committed 27776K, reserved 1073152K
  class space    used 3762K, committed 3968K, reserved 1048576K
}
Event: 5.955 GC heap after
{Heap after GC invocations=10 (full 0):
 garbage-first heap   total 69632K, used 17025K [0x0000000761e00000, 0x0000000800000000)
  region size 2048K, 1 young (2048K), 1 survivors (2048K)
 Metaspace       used 27380K, committed 27776K, reserved 1073152K
  class space    used 3762K, committed 3968K, reserved 1048576K
}
Event: 7.529 GC heap before
{Heap before GC invocations=10 (full 0):
 garbage-first heap   total 69632K, used 47745K [0x0000000761e00000, 0x0000000800000000)
  region size 2048K, 17 young (34816K), 1 survivors (2048K)
 Metaspace       used 35024K, committed 35392K, reserved 1081344K
  class space    used 4736K, committed 4928K, reserved 1048576K
}
Event: 7.536 GC heap after
{Heap after GC invocations=11 (full 0):
 garbage-first heap   total 69632K, used 18736K [0x0000000761e00000, 0x0000000800000000)
  region size 2048K, 2 young (4096K), 2 survivors (4096K)
 Metaspace       used 35024K, committed 35392K, reserved 1081344K
  class space    used 4736K, committed 4928K, reserved 1048576K
}
Event: 7.620 GC heap before
{Heap before GC invocations=11 (full 0):
 garbage-first heap   total 69632K, used 20784K [0x0000000761e00000, 0x0000000800000000)
  region size 2048K, 4 young (8192K), 2 survivors (4096K)
 Metaspace       used 35604K, committed 35968K, reserved 1081344K
  class space    used 4797K, committed 4992K, reserved 1048576K
}
Event: 7.626 GC heap after
{Heap after GC invocations=12 (full 0):
 garbage-first heap   total 69632K, used 18993K [0x0000000761e00000, 0x0000000800000000)
  region size 2048K, 2 young (4096K), 2 survivors (4096K)
 Metaspace       used 35604K, committed 35968K, reserved 1081344K
  class space    used 4797K, committed 4992K, reserved 1048576K
}
Event: 9.000 GC heap before
{Heap before GC invocations=13 (full 0):
 garbage-first heap   total 69632K, used 49713K [0x0000000761e00000, 0x0000000800000000)
  region size 2048K, 18 young (36864K), 2 survivors (4096K)
 Metaspace       used 41675K, committed 41984K, reserved 1089536K
  class space    used 5695K, committed 5824K, reserved 1048576K
}
Event: 9.007 GC heap after
{Heap after GC invocations=14 (full 0):
 garbage-first heap   total 69632K, used 20601K [0x0000000761e00000, 0x0000000800000000)
  region size 2048K, 2 young (4096K), 2 survivors (4096K)
 Metaspace       used 41675K, committed 41984K, reserved 1089536K
  class space    used 5695K, committed 5824K, reserved 1048576K
}
Event: 9.985 GC heap before
{Heap before GC invocations=14 (full 0):
 garbage-first heap   total 69632K, used 49273K [0x0000000761e00000, 0x0000000800000000)
  region size 2048K, 17 young (34816K), 2 survivors (4096K)
 Metaspace       used 49336K, committed 49728K, reserved 1097728K
  class space    used 6978K, committed 7168K, reserved 1048576K
}
Event: 9.994 GC heap after
{Heap after GC invocations=15 (full 0):
 garbage-first heap   total 69632K, used 21930K [0x0000000761e00000, 0x0000000800000000)
  region size 2048K, 2 young (4096K), 2 survivors (4096K)
 Metaspace       used 49336K, committed 49728K, reserved 1097728K
  class space    used 6978K, committed 7168K, reserved 1048576K
}

Dll operation events (13 events):
Event: 0.049 Loaded shared library C:\Users\1380e\.jdks\corretto-17.0.6\bin\java.dll
Event: 0.066 Loaded shared library C:\Users\1380e\.jdks\corretto-17.0.6\bin\jsvml.dll
Event: 0.202 Loaded shared library C:\Users\1380e\.jdks\corretto-17.0.6\bin\zip.dll
Event: 0.205 Loaded shared library C:\Users\1380e\.jdks\corretto-17.0.6\bin\instrument.dll
Event: 0.214 Loaded shared library C:\Users\1380e\.jdks\corretto-17.0.6\bin\net.dll
Event: 0.215 Loaded shared library C:\Users\1380e\.jdks\corretto-17.0.6\bin\nio.dll
Event: 0.221 Loaded shared library C:\Users\1380e\.jdks\corretto-17.0.6\bin\zip.dll
Event: 0.403 Loaded shared library C:\Program Files\JetBrains\IntelliJ IDEA 2022.3.2\bin\breakgen64.dll
Event: 0.416 Loaded shared library C:\Users\1380e\.jdks\corretto-17.0.6\bin\jimage.dll
Event: 0.453 Loaded shared library C:\Users\1380e\.jdks\corretto-17.0.6\bin\management.dll
Event: 0.490 Loaded shared library C:\Users\1380e\.jdks\corretto-17.0.6\bin\management_ext.dll
Event: 1.030 Loaded shared library C:\Users\1380e\.jdks\corretto-17.0.6\bin\verify.dll
Event: 5.791 Loaded shared library C:\Users\1380e\.jdks\corretto-17.0.6\bin\sunmscapi.dll

Deoptimization events (8 events):
Event: 2.434 Thread 0x0000025e430605d0 DEOPT PACKING pc=0x0000025e4aff46f9 sp=0x000000cce73fd1e0
Event: 2.434 Thread 0x0000025e430605d0 DEOPT UNPACKING pc=0x0000025e4aba7143 sp=0x000000cce73fc6c0 mode 3
Event: 4.124 Thread 0x0000025e430605d0 DEOPT PACKING pc=0x0000025e4b011754 sp=0x000000cce73fd710
Event: 4.124 Thread 0x0000025e430605d0 DEOPT UNPACKING pc=0x0000025e4aba7143 sp=0x000000cce73fcc68 mode 0
Event: 5.967 Thread 0x0000025e430605d0 DEOPT PACKING pc=0x0000025e4b2b2da5 sp=0x000000cce73fc4a0
Event: 5.967 Thread 0x0000025e430605d0 DEOPT UNPACKING pc=0x0000025e4aba7143 sp=0x000000cce73fba08 mode 3
Event: 7.890 Thread 0x0000025e430605d0 DEOPT PACKING pc=0x0000025e4b357364 sp=0x000000cce73fd970
Event: 7.890 Thread 0x0000025e430605d0 DEOPT UNPACKING pc=0x0000025e4aba7143 sp=0x000000cce73fcea0 mode 0

Classes unloaded (0 events):
No events

Classes redefined (0 events):
No events

Internal exceptions (20 events):
Event: 5.131 Thread 0x0000025e430605d0 Exception <a 'java/lang/NoSuchMethodError'{0x0000000763307b28}: 'int java.lang.invoke.DirectMethodHandle$Holder.invokeSpecial(java.lang.Object, java.lang.Object, int)'> (0x0000000763307b28) 
thrown [s\src\hotspot\share\interpreter\linkResolver.cpp, line 759]
Event: 5.386 Thread 0x0000025e56acf410 Exception <a 'java/lang/reflect/InvocationTargetException'{0x000000076b656b40}> (0x000000076b656b40) 
thrown [s\src\hotspot\share\runtime\reflection.cpp, line 1121]
Event: 5.828 Thread 0x0000025e430605d0 Exception <a 'java/io/FileNotFoundException'{0x0000000763e1a9c0}> (0x0000000763e1a9c0) 
thrown [s\src\hotspot\share\prims\jni.cpp, line 516]
Event: 5.891 Thread 0x0000025e430605d0 Exception <a 'java/lang/NoSuchMethodError'{0x0000000763ff5738}: 'int java.lang.invoke.DirectMethodHandle$Holder.invokeInterface(java.lang.Object, java.lang.Object, java.lang.Object, java.lang.Object)'> (0x0000000763ff5738) 
thrown [s\src\hotspot\share\interpreter\linkResolver.cpp, line 759]
Event: 5.913 Thread 0x0000025e56acf410 Exception <a 'java/lang/reflect/InvocationTargetException'{0x0000000763ced3c0}> (0x0000000763ced3c0) 
thrown [s\src\hotspot\share\runtime\reflection.cpp, line 1121]
Event: 5.978 Thread 0x0000025e430605d0 Exception <a 'java/lang/NoSuchMethodError'{0x000000076ba9f0c0}: 'long java.lang.invoke.DirectMethodHandle$Holder.invokeVirtual(java.lang.Object, java.lang.Object)'> (0x000000076ba9f0c0) 
thrown [s\src\hotspot\share\interpreter\linkResolver.cpp, line 759]
Event: 5.983 Thread 0x0000025e430605d0 Exception <a 'java/io/FileNotFoundException'{0x000000076bacd8b0}> (0x000000076bacd8b0) 
thrown [s\src\hotspot\share\prims\jni.cpp, line 516]
Event: 6.485 Thread 0x0000025e583b2ef0 Exception <a 'java/lang/reflect/InvocationTargetException'{0x00000007657e6508}> (0x00000007657e6508) 
thrown [s\src\hotspot\share\runtime\reflection.cpp, line 1121]
Event: 6.750 Thread 0x0000025e430605d0 Exception <a 'java/lang/NoSuchMethodError'{0x0000000764e04240}: 'int java.lang.invoke.DirectMethodHandle$Holder.invokeStaticInit(java.lang.Object, java.lang.Object, java.lang.Object, java.lang.Object)'> (0x0000000764e04240) 
thrown [s\src\hotspot\share\interpreter\linkResolver.cpp, line 759]
Event: 6.955 Thread 0x0000025e430605d0 Exception <a 'sun/nio/fs/WindowsException'{0x0000000764c77280}> (0x0000000764c77280) 
thrown [s\src\hotspot\share\prims\jni.cpp, line 516]
Event: 7.002 Thread 0x0000025e583b2ef0 Exception <a 'java/lang/reflect/InvocationTargetException'{0x00000007657f2cc8}> (0x00000007657f2cc8) 
thrown [s\src\hotspot\share\runtime\reflection.cpp, line 1121]
Event: 7.551 Thread 0x0000025e583b2ef0 Exception <a 'java/lang/reflect/InvocationTargetException'{0x000000076babd430}> (0x000000076babd430) 
thrown [s\src\hotspot\share\runtime\reflection.cpp, line 1121]
Event: 7.561 Thread 0x0000025e430605d0 Exception <a 'java/lang/NoSuchMethodError'{0x000000076baafa68}: 'java.lang.Object java.lang.invoke.DirectMethodHandle$Holder.newInvokeSpecial(java.lang.Object, java.lang.Object, java.lang.Object, java.lang.Object, int)'> (0x000000076baafa68) 
thrown [s\src\hotspot\share\interpreter\linkResolver.cpp, line 759]
Event: 7.562 Thread 0x0000025e430605d0 Exception <a 'java/lang/NoSuchMethodError'{0x000000076bab3ca8}: 'java.lang.Object java.lang.invoke.DirectMethodHandle$Holder.invokeSpecial(java.lang.Object, java.lang.Object, java.lang.Object, java.lang.Object, java.lang.Object, int)'> (0x000000076bab3ca8) 
thrown [s\src\hotspot\share\interpreter\linkResolver.cpp, line 759]
Event: 7.562 Thread 0x0000025e430605d0 Exception <a 'java/lang/NoSuchMethodError'{0x000000076bacea48}: 'java.lang.Object java.lang.invoke.Invokers$Holder.linkToTargetMethod(java.lang.Object, java.lang.Object, java.lang.Object, int, java.lang.Object)'> (0x000000076bacea48) 
thrown [s\src\hotspot\share\interpreter\linkResolver.cpp, line 759]
Event: 7.571 Thread 0x0000025e430605d0 Exception <a 'java/lang/NoSuchMethodError'{0x000000076bb16778}: 'java.lang.Object java.lang.invoke.DirectMethodHandle$Holder.invokeStaticInit(java.lang.Object, java.lang.Object, java.lang.Object, java.lang.Object)'> (0x000000076bb16778) 
thrown [s\src\hotspot\share\interpreter\linkResolver.cpp, line 759]
Event: 8.172 Thread 0x0000025e583b2ef0 Exception <a 'java/lang/reflect/InvocationTargetException'{0x0000000765209438}> (0x0000000765209438) 
thrown [s\src\hotspot\share\runtime\reflection.cpp, line 1121]
Event: 8.692 Thread 0x0000025e583b2ef0 Exception <a 'java/lang/reflect/InvocationTargetException'{0x000000076479a2e0}> (0x000000076479a2e0) 
thrown [s\src\hotspot\share\runtime\reflection.cpp, line 1121]
Event: 9.206 Thread 0x0000025e583b2ef0 Exception <a 'java/lang/reflect/InvocationTargetException'{0x000000076b7586c0}> (0x000000076b7586c0) 
thrown [s\src\hotspot\share\runtime\reflection.cpp, line 1121]
Event: 9.608 Thread 0x0000025e430605d0 Exception <a 'java/lang/NoSuchMethodError'{0x0000000764e65fd0}: 'java.lang.Object java.lang.invoke.DirectMethodHandle$Holder.newInvokeSpecial(java.lang.Object, java.lang.Object, int, java.lang.Object, java.lang.Object)'> (0x0000000764e65fd0) 
thrown [s\src\hotspot\share\interpreter\linkResolver.cpp, line 759]

VM Operations (20 events):
Event: 7.620 Executing VM operation: CollectForMetadataAllocation
Event: 7.626 Executing VM operation: CollectForMetadataAllocation done
Event: 7.652 Executing VM operation: G1Concurrent
Event: 7.660 Executing VM operation: G1Concurrent done
Event: 7.671 Executing VM operation: G1Concurrent
Event: 7.672 Executing VM operation: G1Concurrent done
Event: 7.812 Executing VM operation: HandshakeAllThreads
Event: 7.812 Executing VM operation: HandshakeAllThreads done
Event: 7.890 Executing VM operation: HandshakeAllThreads
Event: 7.890 Executing VM operation: HandshakeAllThreads done
Event: 7.890 Executing VM operation: HandshakeAllThreads
Event: 7.890 Executing VM operation: HandshakeAllThreads done
Event: 7.959 Executing VM operation: HandshakeAllThreads
Event: 7.959 Executing VM operation: HandshakeAllThreads done
Event: 8.267 Executing VM operation: HandshakeAllThreads
Event: 8.267 Executing VM operation: HandshakeAllThreads done
Event: 9.000 Executing VM operation: G1CollectForAllocation
Event: 9.007 Executing VM operation: G1CollectForAllocation done
Event: 9.985 Executing VM operation: G1CollectForAllocation
Event: 9.994 Executing VM operation: G1CollectForAllocation done

Events (20 events):
Event: 9.605 loading class java/io/InvalidObjectException
Event: 9.605 loading class java/io/InvalidObjectException done
Event: 9.643 loading class java/util/concurrent/CompletionStage
Event: 9.643 loading class java/util/concurrent/CompletionStage done
Event: 9.645 loading class java/util/concurrent/CompletableFuture
Event: 9.646 loading class java/util/concurrent/CompletableFuture done
Event: 9.646 loading class java/util/concurrent/CompletableFuture$AltResult
Event: 9.646 loading class java/util/concurrent/CompletableFuture$AltResult done
Event: 9.646 loading class java/util/concurrent/CompletableFuture$ThreadPerTaskExecutor
Event: 9.647 loading class java/util/concurrent/CompletableFuture$ThreadPerTaskExecutor done
Event: 9.647 loading class java/util/concurrent/CompletableFuture$Completion
Event: 9.647 loading class java/util/concurrent/CompletableFuture$AsynchronousCompletionTask
Event: 9.647 loading class java/util/concurrent/CompletableFuture$AsynchronousCompletionTask done
Event: 9.647 loading class java/util/concurrent/CompletableFuture$Completion done
Event: 9.716 Thread 0x0000025e583b2a20 Thread added: 0x0000025e583b2a20
Event: 9.730 Thread 0x0000025e583b2a20 Thread exited: 0x0000025e583b2a20
Event: 9.832 loading class jdk/internal/reflect/UnsafeObjectFieldAccessorImpl
Event: 9.832 loading class jdk/internal/reflect/UnsafeObjectFieldAccessorImpl done
Event: 9.974 loading class java/util/AbstractList$SubList
Event: 9.974 loading class java/util/AbstractList$SubList done


Dynamic libraries:
0x00007ff7157f0000 - 0x00007ff7157fd000 	C:\Users\1380e\.jdks\corretto-17.0.6\bin\java.exe
0x00007fff48650000 - 0x00007fff48864000 	C:\WINDOWS\SYSTEM32\ntdll.dll
0x00007fff47f20000 - 0x00007fff47fe2000 	C:\WINDOWS\System32\KERNEL32.DLL
0x00007fff45a90000 - 0x00007fff45e2c000 	C:\WINDOWS\System32\KERNELBASE.dll
0x00007fff45e60000 - 0x00007fff45f71000 	C:\WINDOWS\System32\ucrtbase.dll
0x00007fff34230000 - 0x00007fff34247000 	C:\Users\1380e\.jdks\corretto-17.0.6\bin\jli.dll
0x00007fff47ff0000 - 0x00007fff4819b000 	C:\WINDOWS\System32\USER32.dll
0x00007fff45e30000 - 0x00007fff45e56000 	C:\WINDOWS\System32\win32u.dll
0x00007fff484c0000 - 0x00007fff484e9000 	C:\WINDOWS\System32\GDI32.dll
0x00007fff462d0000 - 0x00007fff463e3000 	C:\WINDOWS\System32\gdi32full.dll
0x00007fff45f80000 - 0x00007fff4601a000 	C:\WINDOWS\System32\msvcp_win.dll
0x00007fff2e070000 - 0x00007fff2e085000 	C:\Users\1380e\.jdks\corretto-17.0.6\bin\VCRUNTIME140.dll
0x00007fff44d80000 - 0x00007fff4500e000 	C:\WINDOWS\WinSxS\amd64_microsoft.windows.common-controls_6595b64144ccf1df_6.0.22621.608_none_a9444ca7c10bb01d\COMCTL32.dll
0x00007fff46c50000 - 0x00007fff46cf7000 	C:\WINDOWS\System32\msvcrt.dll
0x00007fff46510000 - 0x00007fff46541000 	C:\WINDOWS\System32\IMM32.DLL
0x00007fff1c850000 - 0x00007fff1c8eb000 	C:\Users\1380e\.jdks\corretto-17.0.6\bin\msvcp140.dll
0x00007fff09ce0000 - 0x00007fff0a8f8000 	C:\Users\1380e\.jdks\corretto-17.0.6\bin\server\jvm.dll
0x00007fff46460000 - 0x00007fff4650e000 	C:\WINDOWS\System32\ADVAPI32.dll
0x00007fff47c40000 - 0x00007fff47ce4000 	C:\WINDOWS\System32\sechost.dll
0x00007fff47690000 - 0x00007fff477a7000 	C:\WINDOWS\System32\RPCRT4.dll
0x00007fff2b900000 - 0x00007fff2b909000 	C:\WINDOWS\SYSTEM32\WSOCK32.dll
0x00007fff46d00000 - 0x00007fff46d71000 	C:\WINDOWS\System32\WS2_32.dll
0x00007fff3d090000 - 0x00007fff3d0c4000 	C:\WINDOWS\SYSTEM32\WINMM.dll
0x00007fff3cc00000 - 0x00007fff3cc0a000 	C:\WINDOWS\SYSTEM32\VERSION.dll
0x00007fff44400000 - 0x00007fff44418000 	C:\WINDOWS\SYSTEM32\kernel.appcore.dll
0x00007fff3de60000 - 0x00007fff3de6a000 	C:\Users\1380e\.jdks\corretto-17.0.6\bin\jimage.dll
0x00007fff45320000 - 0x00007fff4554e000 	C:\WINDOWS\SYSTEM32\DBGHELP.DLL
0x00007fff477c0000 - 0x00007fff47b49000 	C:\WINDOWS\System32\combase.dll
0x00007fff47d00000 - 0x00007fff47dd7000 	C:\WINDOWS\System32\OLEAUT32.dll
0x00007fff451e0000 - 0x00007fff45212000 	C:\WINDOWS\SYSTEM32\dbgcore.DLL
0x00007fff46250000 - 0x00007fff462cb000 	C:\WINDOWS\System32\bcryptPrimitives.dll
0x00007fff10e10000 - 0x00007fff10e1e000 	C:\Users\1380e\.jdks\corretto-17.0.6\bin\instrument.dll
0x00007fff2dc50000 - 0x00007fff2dc75000 	C:\Users\1380e\.jdks\corretto-17.0.6\bin\java.dll
0x00007fff13620000 - 0x00007fff136f6000 	C:\Users\1380e\.jdks\corretto-17.0.6\bin\jsvml.dll
0x00007fff46ea0000 - 0x00007fff47690000 	C:\WINDOWS\System32\SHELL32.dll
0x00007fff431f0000 - 0x00007fff43abd000 	C:\WINDOWS\SYSTEM32\windows.storage.dll
0x00007fff430b0000 - 0x00007fff431ee000 	C:\WINDOWS\SYSTEM32\wintypes.dll
0x00007fff484f0000 - 0x00007fff485e1000 	C:\WINDOWS\System32\SHCORE.dll
0x00007fff47b50000 - 0x00007fff47bae000 	C:\WINDOWS\System32\shlwapi.dll
0x00007fff459c0000 - 0x00007fff459e1000 	C:\WINDOWS\SYSTEM32\profapi.dll
0x00007fff2dfc0000 - 0x00007fff2dfd8000 	C:\Users\1380e\.jdks\corretto-17.0.6\bin\zip.dll
0x00007fff2dc30000 - 0x00007fff2dc49000 	C:\Users\1380e\.jdks\corretto-17.0.6\bin\net.dll
0x00007fff3cdd0000 - 0x00007fff3cf07000 	C:\WINDOWS\SYSTEM32\WINHTTP.dll
0x00007fff44850000 - 0x00007fff448b9000 	C:\WINDOWS\system32\mswsock.dll
0x00007fff2c0a0000 - 0x00007fff2c0b5000 	C:\Users\1380e\.jdks\corretto-17.0.6\bin\nio.dll
0x00007fff10df0000 - 0x00007fff10e0a000 	C:\Program Files\JetBrains\IntelliJ IDEA 2022.3.2\bin\breakgen64.dll
0x00007fff43de0000 - 0x00007fff43ed3000 	C:\WINDOWS\SYSTEM32\DNSAPI.dll
0x00007fff43da0000 - 0x00007fff43dcd000 	C:\WINDOWS\SYSTEM32\IPHLPAPI.DLL
0x00007fff47cf0000 - 0x00007fff47cf9000 	C:\WINDOWS\System32\NSI.dll
0x00007fff38760000 - 0x00007fff3876a000 	C:\Windows\System32\rasadhlp.dll
0x00007fff3a600000 - 0x00007fff3a683000 	C:\WINDOWS\System32\fwpuclnt.dll
0x00007fff319e0000 - 0x00007fff319e9000 	C:\Users\1380e\.jdks\corretto-17.0.6\bin\management.dll
0x00007fff31810000 - 0x00007fff3181b000 	C:\Users\1380e\.jdks\corretto-17.0.6\bin\management_ext.dll
0x00007fff47c30000 - 0x00007fff47c38000 	C:\WINDOWS\System32\PSAPI.DLL
0x00007fff45640000 - 0x00007fff4565b000 	C:\WINDOWS\SYSTEM32\CRYPTSP.dll
0x00007fff44220000 - 0x00007fff44255000 	C:\WINDOWS\system32\rsaenh.dll
0x00007fff44ad0000 - 0x00007fff44af8000 	C:\WINDOWS\SYSTEM32\USERENV.dll
0x00007fff452f0000 - 0x00007fff45318000 	C:\WINDOWS\SYSTEM32\bcrypt.dll
0x00007fff44b00000 - 0x00007fff44b0c000 	C:\WINDOWS\SYSTEM32\CRYPTBASE.dll
0x00007fff3cbe0000 - 0x00007fff3cbf9000 	C:\WINDOWS\SYSTEM32\dhcpcsvc6.DLL
0x00007fff3cbc0000 - 0x00007fff3cbdf000 	C:\WINDOWS\SYSTEM32\dhcpcsvc.DLL
0x00007fff0f3f0000 - 0x00007fff0f407000 	C:\WINDOWS\system32\napinsp.dll
0x00007fff0f350000 - 0x00007fff0f36b000 	C:\WINDOWS\system32\pnrpnsp.dll
0x00007fff0f330000 - 0x00007fff0f341000 	C:\WINDOWS\System32\winrnr.dll
0x00007fff26260000 - 0x00007fff26275000 	C:\WINDOWS\system32\wshbth.dll
0x00007fff0b5f0000 - 0x00007fff0b611000 	C:\WINDOWS\system32\nlansp_c.dll
0x00007fff2de40000 - 0x00007fff2de50000 	C:\Users\1380e\.jdks\corretto-17.0.6\bin\verify.dll
0x00007fff305e0000 - 0x00007fff305ee000 	C:\Users\1380e\.jdks\corretto-17.0.6\bin\sunmscapi.dll
0x00007fff46020000 - 0x00007fff46186000 	C:\WINDOWS\System32\CRYPT32.dll
0x00007fff44c60000 - 0x00007fff44c8e000 	C:\WINDOWS\SYSTEM32\ncrypt.dll
0x00007fff44c20000 - 0x00007fff44c57000 	C:\WINDOWS\SYSTEM32\NTASN1.dll

dbghelp: loaded successfully - version: 4.0.5 - missing functions: none
symbol engine: initialized successfully - sym options: 0x614 - pdb path: .;C:\Users\1380e\.jdks\corretto-17.0.6\bin;C:\WINDOWS\SYSTEM32;C:\WINDOWS\WinSxS\amd64_microsoft.windows.common-controls_6595b64144ccf1df_6.0.22621.608_none_a9444ca7c10bb01d;C:\Users\1380e\.jdks\corretto-17.0.6\bin\server;C:\Program Files\JetBrains\IntelliJ IDEA 2022.3.2\bin

VM Arguments:
jvm_args: -XX:TieredStopAtLevel=1 -Dspring.output.ansi.enabled=always -Dcom.sun.management.jmxremote -Dspring.jmx.enabled=true -Dspring.liveBeansView.mbeanDomain -Dspring.application.admin.enabled=true -Dmanagement.endpoints.jmx.exposure.include=* -javaagent:C:\Program Files\JetBrains\IntelliJ IDEA 2022.3.2\lib\idea_rt.jar=52412:C:\Program Files\JetBrains\IntelliJ IDEA 2022.3.2\bin -Dfile.encoding=UTF-8 
java_command: ru.skypro.homework.HomeworkApplication
java_class_path (initial): C:\Users\1380e\IdeaProjects\example-for-graduate-work-main\graduate-work\target\classes;C:\Users\1380e\.m2\repository\org\springframework\boot\spring-boot-starter-web\2.7.10\spring-boot-starter-web-2.7.10.jar;C:\Users\1380e\.m2\repository\org\springframework\boot\spring-boot-starter\2.7.10\spring-boot-starter-2.7.10.jar;C:\Users\1380e\.m2\repository\org\springframework\boot\spring-boot\2.7.10\spring-boot-2.7.10.jar;C:\Users\1380e\.m2\repository\org\springframework\boot\spring-boot-autoconfigure\2.7.10\spring-boot-autoconfigure-2.7.10.jar;C:\Users\1380e\.m2\repository\org\springframework\boot\spring-boot-starter-logging\2.7.10\spring-boot-starter-logging-2.7.10.jar;C:\Users\1380e\.m2\repository\ch\qos\logback\logback-classic\1.2.11\logback-classic-1.2.11.jar;C:\Users\1380e\.m2\repository\ch\qos\logback\logback-core\1.2.11\logback-core-1.2.11.jar;C:\Users\1380e\.m2\repository\org\apache\logging\log4j\log4j-to-slf4j\2.17.2\log4j-to-slf4j-2.17.2.jar;C:\Users\1380e\.m2\repository\org\apache\logging\log4j\log4j-api\2.17.2\log4j-api-2.17.2.jar;C:\Users\1380e\.m2\repository\org\slf4j\jul-to-slf4j\1.7.36\jul-to-slf4j-1.7.36.jar;C:\Users\1380e\.m2\repository\jakarta\annotation\jakarta.annotation-api\1.3.5\jakarta.annotation-api-1.3.5.jar;C:\Users\1380e\.m2\repository\org\yaml\snakeyaml\1.30\snakeyaml-1.30.jar;C:\Users\1380e\.m2\repository\org\springframework\boot\spring-boot-starter-json\2.7.10\spring-boot-starter-json-2.7.10.jar;C:\Users\1380e\.m2\repository\com\fasterxml\jackson\core\jackson-databind\2.13.5\jackson-databind-2.13.5.jar;C:\Users\1380e\.m2\repository\com\fasterxml\jackson\core\jackson-annotations\2.13.5\jackson-annotations-2.13.5.jar;C:\Users\1380e\.m2\repository\com\fasterxml\jackson\datatype\jackson-datatype-jdk8\2.13.5\jackson-datatype-jdk8-2.13.5.jar;C:\Users\1380e\.m2\repository\com\fasterxml\jackson\datatype\jackson-datatype-jsr310\2.13.5\jackson-datatype-jsr310-2.13.5.jar;C:\Users\1380e\.m2\repository\com\fasterxml\jackson\m
Launcher Type: SUN_STANDARD

[Global flags]
     intx CICompilerCount                          = 2                                         {product} {ergonomic}
     uint ConcGCThreads                            = 1                                         {product} {ergonomic}
     uint G1ConcRefinementThreads                  = 2                                         {product} {ergonomic}
   size_t G1HeapRegionSize                         = 2097152                                   {product} {ergonomic}
    uintx GCDrainStackTargetSize                   = 64                                        {product} {ergonomic}
   size_t InitialHeapSize                          = 167772160                                 {product} {ergonomic}
     bool ManagementServer                         = true                                      {product} {command line}
   size_t MarkStackSize                            = 4194304                                   {product} {ergonomic}
   size_t MaxHeapSize                              = 2652897280                                {product} {ergonomic}
   size_t MaxNewSize                               = 1591738368                                {product} {ergonomic}
   size_t MinHeapDeltaBytes                        = 2097152                                   {product} {ergonomic}
   size_t MinHeapSize                              = 8388608                                   {product} {ergonomic}
    uintx NonProfiledCodeHeapSize                  = 0                                      {pd product} {ergonomic}
     bool ProfileInterpreter                       = false                                  {pd product} {command line}
    uintx ProfiledCodeHeapSize                     = 0                                      {pd product} {ergonomic}
   size_t SoftMaxHeapSize                          = 2652897280                             {manageable} {ergonomic}
     intx TieredStopAtLevel                        = 1                                         {product} {command line}
     bool UseCompressedClassPointers               = true                           {product lp64_product} {ergonomic}
     bool UseCompressedOops                        = true                           {product lp64_product} {ergonomic}
     bool UseG1GC                                  = true                                      {product} {ergonomic}
     bool UseLargePagesIndividualAllocation        = false                                  {pd product} {ergonomic}

Logging:
Log output configuration:
 #0: stdout all=warning uptime,level,tags
 #1: stderr all=off uptime,level,tags

Environment Variables:
PATH=C:\WINDOWS\system32;C:\WINDOWS;C:\WINDOWS\System32\Wbem;C:\WINDOWS\System32\WindowsPowerShell\v1.0\;C:\WINDOWS\System32\OpenSSH\;C:\Program Files\Docker\Docker\resources\bin;C:\Program Files\Git\cmd;C:\Users\1380e\AppData\Local\Microsoft\WindowsApps;;C:\Program Files\JetBrains\IntelliJ IDEA 2022.3.2\bin;
USERNAME=1380e
OS=Windows_NT
PROCESSOR_IDENTIFIER=AMD64 Family 23 Model 24 Stepping 1, AuthenticAMD
TMP=C:\Users\1380e\AppData\Local\Temp
TEMP=C:\Users\1380e\AppData\Local\Temp



---------------  S Y S T E M  ---------------

OS:
 Windows 11 , 64 bit Build 22621 (10.0.22621.1485)
OS uptime: 0 days 19:01 hours
Hyper-V role detected

CPU: total 2 (initial active 2) (2 cores per cpu, 1 threads per core) family 23 model 24 stepping 1 microcode 0x0, cx8, cmov, fxsr, mmx, 3dnowpref, sse, sse2, sse3, ssse3, sse4a, sse4.1, sse4.2, popcnt, lzcnt, tsc, tscinvbit, avx, avx2, aes, clmul, bmi1, bmi2, adx, sha, fma, vzeroupper, clflush, clflushopt, hv

Memory: 4k page, system-wide physical 10119M (986M free)
TotalPageFile size 13119M (AvailPageFile size 4M)
current process WorkingSet (physical memory assigned to process): 184M, peak: 184M
current process commit charge ("private bytes"): 211M, peak: 267M

vm_info: OpenJDK 64-Bit Server VM (17.0.6+10-LTS) for windows-amd64 JRE (17.0.6+10-LTS), built on Jan 13 2023 22:57:04 by "Administrator" with MS VC++ 15.9 (VS2017)

END.
