#
# There is insufficient memory for the Java Runtime Environment to continue.
# Native memory allocation (mmap) failed to map 79691776 bytes for G1 virtual space
# Possible reasons:
#   The system is out of physical RAM or swap space
#   The process is running with CompressedOops enabled, and the Java Heap may be blocking the growth of the native heap
# Possible solutions:
#   Reduce memory load on the system
#   Increase physical memory or swap space
#   Check if swap backing store is full
#   Decrease Java heap size (-Xmx/-Xms)
#   Decrease number of Java threads
#   Decrease Java thread stack sizes (-Xss)
#   Set larger code cache with -XX:ReservedCodeCacheSize=
#   JVM is running with Zero Based Compressed Oops mode in which the Java heap is
#     placed in the first 32GB address space. The Java Heap base address is the
#     maximum limit for the native heap growth. Please use -XX:HeapBaseMinAddress
#     to set the Java Heap base and to place the Java Heap above 32GB virtual address.
# This output file may be truncated or incomplete.
#
#  Out of Memory Error (os_windows.cpp:3557), pid=8728, tid=8252
#
# JRE version: OpenJDK Runtime Environment Corretto-17.0.6.10.1 (17.0.6+10) (build 17.0.6+10-LTS)
# Java VM: OpenJDK 64-Bit Server VM Corretto-17.0.6.10.1 (17.0.6+10-LTS, mixed mode, emulated-client, sharing, tiered, compressed oops, compressed class ptrs, g1 gc, windows-amd64)
# No core dump will be written. Minidumps are not enabled by default on client versions of Windows
#

---------------  S U M M A R Y ------------

Command Line: -XX:TieredStopAtLevel=1 -Dspring.output.ansi.enabled=always -Dcom.sun.management.jmxremote -Dspring.jmx.enabled=true -Dspring.liveBeansView.mbeanDomain -Dspring.application.admin.enabled=true -Dmanagement.endpoints.jmx.exposure.include=* -javaagent:C:\Program Files\JetBrains\IntelliJ IDEA 2022.3.2\lib\idea_rt.jar=62761:C:\Program Files\JetBrains\IntelliJ IDEA 2022.3.2\bin -Dfile.encoding=UTF-8 ru.skypro.homework.HomeworkApplication

Host: AMD Athlon Silver 3050U with Radeon Graphics   , 2 cores, 9G,  Windows 11 , 64 bit Build 22621 (10.0.22621.1485)
Time: Wed Apr 19 20:51:10 2023  Windows 11 , 64 bit Build 22621 (10.0.22621.1485) elapsed time: 20.889429 seconds (0d 0h 0m 20s)

---------------  T H R E A D  ---------------

Current thread (0x00000262e27b14b0):  VMThread "VM Thread" [stack: 0x0000009dc5900000,0x0000009dc5a00000] [id=8252]

Stack: [0x0000009dc5900000,0x0000009dc5a00000]
Native frames: (J=compiled Java code, j=interpreted, Vv=VM code, C=native code)
V  [jvm.dll+0x64b39a]
V  [jvm.dll+0x7ff044]
V  [jvm.dll+0x8007fe]
V  [jvm.dll+0x800e53]
V  [jvm.dll+0x235848]
V  [jvm.dll+0x6482fa]
V  [jvm.dll+0x63ca0a]
V  [jvm.dll+0x2f3d59]
V  [jvm.dll+0x2faee6]
V  [jvm.dll+0x34755a]
V  [jvm.dll+0x34779f]
V  [jvm.dll+0x2ca128]
V  [jvm.dll+0x2c8617]
V  [jvm.dll+0x2c7bfc]
V  [jvm.dll+0x30b12b]
V  [jvm.dll+0x80528b]
V  [jvm.dll+0x805f68]
V  [jvm.dll+0x806495]
V  [jvm.dll+0x806864]
V  [jvm.dll+0x80692e]
V  [jvm.dll+0x7b1d6a]
V  [jvm.dll+0x64a265]
C  [ucrtbase.dll+0x29363]
C  [KERNEL32.DLL+0x1269d]
C  [ntdll.dll+0x5a9f8]

VM_Operation (0x0000009dc52fd2f0): G1CollectForAllocation, mode: safepoint, requested by thread 0x00000262d00305d0


---------------  P R O C E S S  ---------------

Threads class SMR info:
_java_thread_list=0x00000262e7f4c420, length=18, elements={
0x00000262d00305d0, 0x00000262e27b46e0, 0x00000262e27b7a40, 0x00000262e27cbad0,
0x00000262e27ce590, 0x00000262e27cef40, 0x00000262e27cf8f0, 0x00000262e27d22b0,
0x00000262e27e8150, 0x00000262e27a0020, 0x00000262e34df3b0, 0x00000262e385a240,
0x00000262e38a85a0, 0x00000262e39d3fa0, 0x00000262e53690b0, 0x00000262e5369a00,
0x00000262e4fe9520, 0x00000262e53579f0
}

Java Threads: ( => current thread )
  0x00000262d00305d0 JavaThread "main" [_thread_blocked, id=12172, stack(0x0000009dc5200000,0x0000009dc5300000)]
  0x00000262e27b46e0 JavaThread "Reference Handler" daemon [_thread_blocked, id=4980, stack(0x0000009dc5a00000,0x0000009dc5b00000)]
  0x00000262e27b7a40 JavaThread "Finalizer" daemon [_thread_blocked, id=13260, stack(0x0000009dc5b00000,0x0000009dc5c00000)]
  0x00000262e27cbad0 JavaThread "Signal Dispatcher" daemon [_thread_blocked, id=6768, stack(0x0000009dc5c00000,0x0000009dc5d00000)]
  0x00000262e27ce590 JavaThread "Attach Listener" daemon [_thread_blocked, id=2488, stack(0x0000009dc5d00000,0x0000009dc5e00000)]
  0x00000262e27cef40 JavaThread "Service Thread" daemon [_thread_blocked, id=3080, stack(0x0000009dc5e00000,0x0000009dc5f00000)]
  0x00000262e27cf8f0 JavaThread "Monitor Deflation Thread" daemon [_thread_blocked, id=13220, stack(0x0000009dc5f00000,0x0000009dc6000000)]
  0x00000262e27d22b0 JavaThread "C1 CompilerThread0" daemon [_thread_blocked, id=6508, stack(0x0000009dc6000000,0x0000009dc6100000)]
  0x00000262e27e8150 JavaThread "Sweeper thread" daemon [_thread_blocked, id=12040, stack(0x0000009dc6100000,0x0000009dc6200000)]
  0x00000262e27a0020 JavaThread "Common-Cleaner" daemon [_thread_blocked, id=12976, stack(0x0000009dc6200000,0x0000009dc6300000)]
  0x00000262e34df3b0 JavaThread "C1 CompilerThread1" daemon [_thread_blocked, id=6628, stack(0x0000009dc6300000,0x0000009dc6400000)]
  0x00000262e385a240 JavaThread "Monitor Ctrl-Break" daemon [_thread_in_native, id=13844, stack(0x0000009dc6500000,0x0000009dc6600000)]
  0x00000262e38a85a0 JavaThread "Notification Thread" daemon [_thread_blocked, id=8660, stack(0x0000009dc6600000,0x0000009dc6700000)]
  0x00000262e39d3fa0 JavaThread "RMI TCP Accept-0" daemon [_thread_in_native, id=7408, stack(0x0000009dc6700000,0x0000009dc6800000)]
  0x00000262e53690b0 JavaThread "Catalina-utility-1" [_thread_blocked, id=7252, stack(0x0000009dc6a00000,0x0000009dc6b00000)]
  0x00000262e5369a00 JavaThread "Catalina-utility-2" [_thread_blocked, id=13904, stack(0x0000009dc6b00000,0x0000009dc6c00000)]
  0x00000262e4fe9520 JavaThread "container-0" [_thread_blocked, id=12156, stack(0x0000009dc6c00000,0x0000009dc6d00000)]
  0x00000262e53579f0 JavaThread "HikariPool-1 housekeeper" daemon [_thread_blocked, id=5052, stack(0x0000009dc6e00000,0x0000009dc6f00000)]

Other Threads:
=>0x00000262e27b14b0 VMThread "VM Thread" [stack: 0x0000009dc5900000,0x0000009dc5a00000] [id=8252]
  0x00000262e39d7a00 WatcherThread [stack: 0x0000009dc6800000,0x0000009dc6900000] [id=13224]
  0x00000262d007c840 GCTaskThread "GC Thread#0" [stack: 0x0000009dc5400000,0x0000009dc5500000] [id=14124]
  0x00000262e36f1400 GCTaskThread "GC Thread#1" [stack: 0x0000009dc6400000,0x0000009dc6500000] [id=3644]
  0x00000262d00876f0 ConcurrentGCThread "G1 Main Marker" [stack: 0x0000009dc5500000,0x0000009dc5600000] [id=5724]
  0x00000262d0088fb0 ConcurrentGCThread "G1 Conc#0" [stack: 0x0000009dc5600000,0x0000009dc5700000] [id=4968]
  0x00000262d00e0560 ConcurrentGCThread "G1 Refine#0" [stack: 0x0000009dc5700000,0x0000009dc5800000] [id=12596]
  0x00000262e52bb8a0 ConcurrentGCThread "G1 Refine#1" [stack: 0x0000009dc6900000,0x0000009dc6a00000] [id=14116]
  0x00000262d00e0e20 ConcurrentGCThread "G1 Service" [stack: 0x0000009dc5800000,0x0000009dc5900000] [id=12752]

Threads with active compile tasks:

VM state: at safepoint (normal execution)

VM Mutex/Monitor currently owned by a thread:  ([mutex/lock_event])
[0x00000262d002b0b0] Threads_lock - owner thread: 0x00000262e27b14b0
[0x00000262d002b890] Heap_lock - owner thread: 0x00000262d00305d0

Heap address: 0x0000000761e00000, size: 2530 MB, Compressed Oops mode: Zero based, Oop shift amount: 3

CDS archive(s) mapped at: [0x0000000800000000-0x0000000800bc0000-0x0000000800bc0000), size 12320768, SharedBaseAddress: 0x0000000800000000, ArchiveRelocationMode: 0.
Compressed class space mapped at: 0x0000000800c00000-0x0000000840c00000, reserved size: 1073741824
Narrow klass base: 0x0000000800000000, Narrow klass shift: 0, Narrow klass range: 0x100000000

GC Precious Log:
 CPUs: 2 total, 2 available
 Memory: 10119M
 Large Page Support: Disabled
 NUMA Support: Disabled
 Compressed Oops: Enabled (Zero based)
 Heap Region Size: 2M
 Heap Min Capacity: 8M
 Heap Initial Capacity: 160M
 Heap Max Capacity: 2530M
 Pre-touch: Disabled
 Parallel Workers: 2
 Concurrent Workers: 1
 Concurrent Refinement Workers: 2
 Periodic GC: Disabled

Heap:
 garbage-first heap   total 163840K, used 43496K [0x0000000761e00000, 0x0000000800000000)
  region size 2048K, 1 young (2048K), 1 survivors (2048K)
 Metaspace       used 61339K, committed 61760K, reserved 1105920K
  class space    used 8755K, committed 8960K, reserved 1048576K

Heap Regions: E=young(eden), S=young(survivor), O=old, HS=humongous(starts), HC=humongous(continues), CS=collection set, F=free, OA=open archive, CA=closed archive, TAMS=top-at-mark-start (previous, next)
|   0|0x0000000761e00000, 0x0000000762000000, 0x0000000762000000|100%| O|  |TAMS 0x0000000762000000, 0x0000000761e00000| Untracked 
|   1|0x0000000762000000, 0x0000000762200000, 0x0000000762200000|100%| O|  |TAMS 0x0000000762200000, 0x0000000762000000| Untracked 
|   2|0x0000000762200000, 0x0000000762400000, 0x0000000762400000|100%| O|  |TAMS 0x0000000762400000, 0x0000000762200000| Untracked 
|   3|0x0000000762400000, 0x0000000762514a00, 0x0000000762600000| 54%| O|  |TAMS 0x0000000762514a00, 0x0000000762400000| Untracked 
|   4|0x0000000762600000, 0x0000000762800000, 0x0000000762800000|100%| O|  |TAMS 0x0000000762800000, 0x0000000762600000| Untracked 
|   5|0x0000000762800000, 0x0000000762a00000, 0x0000000762a00000|100%| O|  |TAMS 0x0000000762a00000, 0x0000000762800000| Untracked 
|   6|0x0000000762a00000, 0x0000000762c00000, 0x0000000762c00000|100%| O|  |TAMS 0x0000000762c00000, 0x0000000762a00000| Untracked 
|   7|0x0000000762c00000, 0x0000000762e00000, 0x0000000762e00000|100%| O|  |TAMS 0x0000000762e00000, 0x0000000762c00000| Untracked 
|   8|0x0000000762e00000, 0x0000000763000000, 0x0000000763000000|100%| O|  |TAMS 0x0000000763000000, 0x0000000762e00000| Untracked 
|   9|0x0000000763000000, 0x0000000763200000, 0x0000000763200000|100%| O|  |TAMS 0x0000000763200000, 0x0000000763000000| Untracked 
|  10|0x0000000763200000, 0x0000000763400000, 0x0000000763400000|100%| O|  |TAMS 0x0000000763400000, 0x0000000763200000| Untracked 
|  11|0x0000000763400000, 0x0000000763600000, 0x0000000763600000|100%| O|  |TAMS 0x0000000763600000, 0x0000000763400000| Untracked 
|  12|0x0000000763600000, 0x0000000763800000, 0x0000000763800000|100%| O|  |TAMS 0x0000000763800000, 0x0000000763600000| Untracked 
|  13|0x0000000763800000, 0x0000000763800000, 0x0000000763a00000|  0%| F|  |TAMS 0x0000000763800000, 0x0000000763800000| Untracked 
|  14|0x0000000763a00000, 0x0000000763a00000, 0x0000000763c00000|  0%| F|  |TAMS 0x0000000763a00000, 0x0000000763a00000| Untracked 
|  15|0x0000000763c00000, 0x0000000763e00000, 0x0000000763e00000|100%| O|  |TAMS 0x0000000763e00000, 0x0000000763c00000| Untracked 
|  16|0x0000000763e00000, 0x0000000763edda00, 0x0000000764000000| 43%| O|  |TAMS 0x0000000763e00000, 0x0000000763e00000| Untracked 
|  17|0x0000000764000000, 0x0000000764200000, 0x0000000764200000|100%| O|  |TAMS 0x0000000764000000, 0x0000000764000000| Untracked 
|  18|0x0000000764200000, 0x0000000764200000, 0x0000000764400000|  0%| F|  |TAMS 0x0000000764200000, 0x0000000764200000| Untracked 
|  19|0x0000000764400000, 0x0000000764400000, 0x0000000764600000|  0%| F|  |TAMS 0x0000000764400000, 0x0000000764400000| Untracked 
|  20|0x0000000764600000, 0x0000000764600000, 0x0000000764800000|  0%| F|  |TAMS 0x0000000764600000, 0x0000000764600000| Untracked 
|  21|0x0000000764800000, 0x0000000764a00000, 0x0000000764a00000|100%| O|  |TAMS 0x0000000764800000, 0x0000000764800000| Untracked 
|  22|0x0000000764a00000, 0x0000000764c00000, 0x0000000764c00000|100%| O|  |TAMS 0x0000000764c00000, 0x0000000764a00000| Untracked 
|  23|0x0000000764c00000, 0x0000000764e00000, 0x0000000764e00000|100%| O|  |TAMS 0x0000000764e00000, 0x0000000764c00000| Untracked 
|  24|0x0000000764e00000, 0x0000000764e00000, 0x0000000765000000|  0%| F|  |TAMS 0x0000000764e00000, 0x0000000764e00000| Untracked 
|  25|0x0000000765000000, 0x0000000765000000, 0x0000000765200000|  0%| F|  |TAMS 0x0000000765000000, 0x0000000765000000| Untracked 
|  26|0x0000000765200000, 0x0000000765400000, 0x0000000765400000|100%| O|  |TAMS 0x0000000765200000, 0x0000000765200000| Untracked 
|  27|0x0000000765400000, 0x0000000765600000, 0x0000000765600000|100%| O|  |TAMS 0x0000000765400000, 0x0000000765400000| Untracked 
|  28|0x0000000765600000, 0x0000000765800000, 0x0000000765800000|100%| O|  |TAMS 0x0000000765600000, 0x0000000765600000| Untracked 
|  29|0x0000000765800000, 0x0000000765800000, 0x0000000765a00000|  0%| F|  |TAMS 0x0000000765800000, 0x0000000765800000| Untracked 
|  30|0x0000000765a00000, 0x0000000765a00000, 0x0000000765c00000|  0%| F|  |TAMS 0x0000000765a00000, 0x0000000765a00000| Untracked 
|  31|0x0000000765c00000, 0x0000000765c00000, 0x0000000765e00000|  0%| F|  |TAMS 0x0000000765c00000, 0x0000000765c00000| Untracked 
|  32|0x0000000765e00000, 0x0000000765e00000, 0x0000000766000000|  0%| F|  |TAMS 0x0000000765e00000, 0x0000000765e00000| Untracked 
|  33|0x0000000766000000, 0x0000000766000000, 0x0000000766200000|  0%| F|  |TAMS 0x0000000766000000, 0x0000000766000000| Untracked 
|  34|0x0000000766200000, 0x0000000766200000, 0x0000000766400000|  0%| F|  |TAMS 0x0000000766200000, 0x0000000766200000| Untracked 
|  35|0x0000000766400000, 0x0000000766400000, 0x0000000766600000|  0%| F|  |TAMS 0x0000000766400000, 0x0000000766400000| Untracked 
|  36|0x0000000766600000, 0x0000000766600000, 0x0000000766800000|  0%| F|  |TAMS 0x0000000766600000, 0x0000000766600000| Untracked 
|  37|0x0000000766800000, 0x0000000766800000, 0x0000000766a00000|  0%| F|  |TAMS 0x0000000766800000, 0x0000000766800000| Untracked 
|  38|0x0000000766a00000, 0x0000000766a00000, 0x0000000766c00000|  0%| F|  |TAMS 0x0000000766a00000, 0x0000000766a00000| Untracked 
|  39|0x0000000766c00000, 0x0000000766c00000, 0x0000000766e00000|  0%| F|  |TAMS 0x0000000766c00000, 0x0000000766c00000| Untracked 
|  40|0x0000000766e00000, 0x0000000766e00000, 0x0000000767000000|  0%| F|  |TAMS 0x0000000766e00000, 0x0000000766e00000| Untracked 
|  41|0x0000000767000000, 0x0000000767000000, 0x0000000767200000|  0%| F|  |TAMS 0x0000000767000000, 0x0000000767000000| Untracked 
|  42|0x0000000767200000, 0x0000000767200000, 0x0000000767400000|  0%| F|  |TAMS 0x0000000767200000, 0x0000000767200000| Untracked 
|  43|0x0000000767400000, 0x0000000767400000, 0x0000000767600000|  0%| F|  |TAMS 0x0000000767400000, 0x0000000767400000| Untracked 
|  44|0x0000000767600000, 0x0000000767600000, 0x0000000767800000|  0%| F|  |TAMS 0x0000000767600000, 0x0000000767600000| Untracked 
|  45|0x0000000767800000, 0x0000000767800000, 0x0000000767a00000|  0%| F|  |TAMS 0x0000000767800000, 0x0000000767800000| Untracked 
|  46|0x0000000767a00000, 0x0000000767a00000, 0x0000000767c00000|  0%| F|  |TAMS 0x0000000767a00000, 0x0000000767a00000| Untracked 
|  47|0x0000000767c00000, 0x0000000767c00000, 0x0000000767e00000|  0%| F|  |TAMS 0x0000000767c00000, 0x0000000767c00000| Untracked 
|  48|0x0000000767e00000, 0x0000000767e00000, 0x0000000768000000|  0%| F|  |TAMS 0x0000000767e00000, 0x0000000767e00000| Untracked 
|  49|0x0000000768000000, 0x0000000768000000, 0x0000000768200000|  0%| F|  |TAMS 0x0000000768000000, 0x0000000768000000| Untracked 
|  50|0x0000000768200000, 0x0000000768200000, 0x0000000768400000|  0%| F|  |TAMS 0x0000000768200000, 0x0000000768200000| Untracked 
|  51|0x0000000768400000, 0x0000000768400000, 0x0000000768600000|  0%| F|  |TAMS 0x0000000768400000, 0x0000000768400000| Untracked 
|  52|0x0000000768600000, 0x0000000768600000, 0x0000000768800000|  0%| F|  |TAMS 0x0000000768600000, 0x0000000768600000| Untracked 
|  53|0x0000000768800000, 0x0000000768800000, 0x0000000768a00000|  0%| F|  |TAMS 0x0000000768800000, 0x0000000768800000| Untracked 
|  54|0x0000000768a00000, 0x0000000768a00000, 0x0000000768c00000|  0%| F|  |TAMS 0x0000000768a00000, 0x0000000768a00000| Untracked 
|  55|0x0000000768c00000, 0x0000000768c00000, 0x0000000768e00000|  0%| F|  |TAMS 0x0000000768c00000, 0x0000000768c00000| Untracked 
|  56|0x0000000768e00000, 0x0000000768e00000, 0x0000000769000000|  0%| F|  |TAMS 0x0000000768e00000, 0x0000000768e00000| Untracked 
|  57|0x0000000769000000, 0x0000000769000000, 0x0000000769200000|  0%| F|  |TAMS 0x0000000769000000, 0x0000000769000000| Untracked 
|  58|0x0000000769200000, 0x0000000769200000, 0x0000000769400000|  0%| F|  |TAMS 0x0000000769200000, 0x0000000769200000| Untracked 
|  59|0x0000000769400000, 0x0000000769400000, 0x0000000769600000|  0%| F|  |TAMS 0x0000000769400000, 0x0000000769400000| Untracked 
|  60|0x0000000769600000, 0x0000000769600000, 0x0000000769800000|  0%| F|  |TAMS 0x0000000769600000, 0x0000000769600000| Untracked 
|  61|0x0000000769800000, 0x0000000769800000, 0x0000000769a00000|  0%| F|  |TAMS 0x0000000769800000, 0x0000000769800000| Untracked 
|  62|0x0000000769a00000, 0x0000000769a00000, 0x0000000769c00000|  0%| F|  |TAMS 0x0000000769a00000, 0x0000000769a00000| Untracked 
|  63|0x0000000769c00000, 0x0000000769c00000, 0x0000000769e00000|  0%| F|  |TAMS 0x0000000769c00000, 0x0000000769c00000| Untracked 
|  64|0x0000000769e00000, 0x0000000769e00000, 0x000000076a000000|  0%| F|  |TAMS 0x0000000769e00000, 0x0000000769e00000| Untracked 
|  65|0x000000076a000000, 0x000000076a000000, 0x000000076a200000|  0%| F|  |TAMS 0x000000076a000000, 0x000000076a000000| Untracked 
|  66|0x000000076a200000, 0x000000076a200000, 0x000000076a400000|  0%| F|  |TAMS 0x000000076a200000, 0x000000076a200000| Untracked 
|  67|0x000000076a400000, 0x000000076a400000, 0x000000076a600000|  0%| F|  |TAMS 0x000000076a400000, 0x000000076a400000| Untracked 
|  68|0x000000076a600000, 0x000000076a600000, 0x000000076a800000|  0%| F|  |TAMS 0x000000076a600000, 0x000000076a600000| Untracked 
|  69|0x000000076a800000, 0x000000076a800000, 0x000000076aa00000|  0%| F|  |TAMS 0x000000076a800000, 0x000000076a800000| Untracked 
|  70|0x000000076aa00000, 0x000000076aa87de0, 0x000000076ac00000| 26%| S|CS|TAMS 0x000000076aa00000, 0x000000076aa00000| Complete 
|  71|0x000000076ac00000, 0x000000076ac00000, 0x000000076ae00000|  0%| F|  |TAMS 0x000000076ac00000, 0x000000076ac00000| Untracked 
|  72|0x000000076ae00000, 0x000000076ae00000, 0x000000076b000000|  0%| F|  |TAMS 0x000000076ae00000, 0x000000076ae00000| Untracked 
|  73|0x000000076b000000, 0x000000076b000000, 0x000000076b200000|  0%| F|  |TAMS 0x000000076b000000, 0x000000076b000000| Untracked 
|  74|0x000000076b200000, 0x000000076b200000, 0x000000076b400000|  0%| F|  |TAMS 0x000000076b200000, 0x000000076b200000| Untracked 
|  75|0x000000076b400000, 0x000000076b400000, 0x000000076b600000|  0%| F|  |TAMS 0x000000076b400000, 0x000000076b400000| Untracked 
|  76|0x000000076b600000, 0x000000076b600000, 0x000000076b800000|  0%| F|  |TAMS 0x000000076b600000, 0x000000076b600000| Untracked 
|  77|0x000000076b800000, 0x000000076b800000, 0x000000076ba00000|  0%| F|  |TAMS 0x000000076b800000, 0x000000076b800000| Untracked 
|  78|0x000000076ba00000, 0x000000076ba00000, 0x000000076bc00000|  0%| F|  |TAMS 0x000000076ba00000, 0x000000076ba00000| Untracked 
|  79|0x000000076bc00000, 0x000000076bc00000, 0x000000076be00000|  0%| F|  |TAMS 0x000000076bc00000, 0x000000076bc00000| Untracked 

Card table byte_map: [0x00000262dab20000,0x00000262db020000] _byte_map_base: 0x00000262d7011000

Marking Bits (Prev, Next): (CMBitMap*) 0x00000262d007ce90, (CMBitMap*) 0x00000262d007ce50
 Prev Bits: [0x00000262ddcb0000, 0x00000262e0438000)
 Next Bits: [0x00000262db520000, 0x00000262ddca8000)

Polling page: 0x00000262cdfc0000

Metaspace:

Usage:
  Non-class:     51.35 MB used.
      Class:      8.55 MB used.
       Both:     59.90 MB used.

Virtual space:
  Non-class space:       56.00 MB reserved,      51.56 MB ( 92%) committed,  7 nodes.
      Class space:        1.00 GB reserved,       8.75 MB ( <1%) committed,  1 nodes.
             Both:        1.05 GB reserved,      60.31 MB (  6%) committed. 

Chunk freelists:
   Non-Class:  304.00 KB
       Class:  3.14 MB
        Both:  3.44 MB

MaxMetaspaceSize: unlimited
CompressedClassSpaceSize: 1.00 GB
Initial GC threshold: 21.00 MB
Current GC threshold: 97.94 MB
CDS: on
MetaspaceReclaimPolicy: balanced
 - commit_granule_bytes: 65536.
 - commit_granule_words: 8192.
 - virtual_space_node_default_size: 1048576.
 - enlarge_chunks_in_place: 1.
 - new_chunks_are_fully_committed: 0.
 - uncommit_free_chunks: 1.
 - use_allocation_guard: 0.
 - handle_deallocations: 1.


Internal statistics:

num_allocs_failed_limit: 9.
num_arena_births: 448.
num_arena_deaths: 0.
num_vsnodes_births: 8.
num_vsnodes_deaths: 0.
num_space_committed: 965.
num_space_uncommitted: 0.
num_chunks_returned_to_freelist: 9.
num_chunks_taken_from_freelist: 2640.
num_chunk_merges: 9.
num_chunk_splits: 1975.
num_chunks_enlarged: 1628.
num_purges: 0.
num_inconsistent_stats: 0.

CodeCache: size=49152Kb used=11423Kb max_used=11423Kb free=37728Kb
 bounds [0x00000262d7b20000, 0x00000262d8650000, 0x00000262dab20000]
 total_blobs=6370 nmethods=5787 adapters=509
 compilation: enabled
              stopped_count=0, restarted_count=0
 full_count=0

Compilation events (20 events):
Event: 20.717 Thread 0x00000262e34df3b0 5778       1       org.springframework.aop.framework.autoproxy.AbstractAutoProxyCreator::getCustomTargetSource (134 bytes)
Event: 20.717 Thread 0x00000262e34df3b0 nmethod 5778 0x00000262d8641d90 code [0x00000262d8641fe0, 0x00000262d86425c8]
Event: 20.721 Thread 0x00000262e34df3b0 5779       1       java.lang.reflect.Constructor::hashCode (11 bytes)
Event: 20.721 Thread 0x00000262e34df3b0 nmethod 5779 0x00000262d8642910 code [0x00000262d8642ac0, 0x00000262d8642bd8]
Event: 20.723 Thread 0x00000262e27d22b0 5780       1       org.springframework.boot.context.properties.ConfigurationPropertiesBinder$ConfigurationPropertiesBindHandler::onStart (33 bytes)
Event: 20.723 Thread 0x00000262e34df3b0 5781       1       org.springframework.boot.context.properties.ConfigurationPropertiesBinder$ConfigurationPropertiesBindHandler::isConfigurationProperties (24 bytes)
Event: 20.724 Thread 0x00000262e34df3b0 nmethod 5781 0x00000262d8642d10 code [0x00000262d8642ec0, 0x00000262d86430e8]
Event: 20.724 Thread 0x00000262e27d22b0 nmethod 5780 0x00000262d8643290 code [0x00000262d8643480, 0x00000262d8643898]
Event: 20.725 Thread 0x00000262e34df3b0 5782       1       org.springframework.aop.framework.autoproxy.AbstractAutoProxyCreator::determineCandidateConstructors (2 bytes)
Event: 20.725 Thread 0x00000262e34df3b0 nmethod 5782 0x00000262d8643b10 code [0x00000262d8643ca0, 0x00000262d8643d78]
Event: 20.736 Thread 0x00000262e27d22b0 5783       1       java.lang.Class::getEnclosingClass (70 bytes)
Event: 20.737 Thread 0x00000262e27d22b0 nmethod 5783 0x00000262d8643e10 code [0x00000262d8644000, 0x00000262d8644348]
Event: 20.737 Thread 0x00000262e27d22b0 5784       1       java.util.HashSet::toArray (16 bytes)
Event: 20.737 Thread 0x00000262e27d22b0 nmethod 5784 0x00000262d8644590 code [0x00000262d8644740, 0x00000262d8644858]
Event: 20.865 Thread 0x00000262e34df3b0 5785       1       java.lang.String::repeat (190 bytes)
Event: 20.866 Thread 0x00000262e34df3b0 nmethod 5785 0x00000262d8644910 code [0x00000262d8644b80, 0x00000262d8645618]
Event: 20.868 Thread 0x00000262e34df3b0 5786       1       org.springframework.beans.factory.support.DefaultListableBeanFactory::findAutowireCandidates (389 bytes)
Event: 20.868 Thread 0x00000262e27d22b0 5787       1       org.springframework.beans.factory.annotation.QualifierAnnotationAutowireCandidateResolver::checkQualifiers (199 bytes)
Event: 20.869 Thread 0x00000262e27d22b0 nmethod 5787 0x00000262d8645990 code [0x00000262d8645be0, 0x00000262d8646308]
Event: 20.869 Thread 0x00000262e34df3b0 nmethod 5786 0x00000262d8646810 code [0x00000262d8646b80, 0x00000262d86476c8]

GC Heap History (20 events):
Event: 18.552 GC heap after
{Heap after GC invocations=17 (full 0):
 garbage-first heap   total 73728K, used 27462K [0x0000000761e00000, 0x0000000800000000)
  region size 2048K, 3 young (6144K), 3 survivors (6144K)
 Metaspace       used 58167K, committed 58496K, reserved 1105920K
  class space    used 8288K, committed 8448K, reserved 1048576K
}
Event: 19.007 GC heap before
{Heap before GC invocations=17 (full 0):
 garbage-first heap   total 73728K, used 54086K [0x0000000761e00000, 0x0000000800000000)
  region size 2048K, 17 young (34816K), 3 survivors (6144K)
 Metaspace       used 59746K, committed 60096K, reserved 1105920K
  class space    used 8473K, committed 8640K, reserved 1048576K
}
Event: 19.020 GC heap after
{Heap after GC invocations=18 (full 0):
 garbage-first heap   total 73728K, used 31967K [0x0000000761e00000, 0x0000000800000000)
  region size 2048K, 3 young (6144K), 3 survivors (6144K)
 Metaspace       used 59746K, committed 60096K, reserved 1105920K
  class space    used 8473K, committed 8640K, reserved 1048576K
}
Event: 19.085 GC heap before
{Heap before GC invocations=18 (full 0):
 garbage-first heap   total 73728K, used 44255K [0x0000000761e00000, 0x0000000800000000)
  region size 2048K, 10 young (20480K), 3 survivors (6144K)
 Metaspace       used 59746K, committed 60096K, reserved 1105920K
  class space    used 8473K, committed 8640K, reserved 1048576K
}
Event: 19.094 GC heap after
{Heap after GC invocations=19 (full 0):
 garbage-first heap   total 73728K, used 34675K [0x0000000761e00000, 0x0000000800000000)
  region size 2048K, 2 young (4096K), 2 survivors (4096K)
 Metaspace       used 59746K, committed 60096K, reserved 1105920K
  class space    used 8473K, committed 8640K, reserved 1048576K
}
Event: 19.298 GC heap before
{Heap before GC invocations=20 (full 0):
 garbage-first heap   total 73728K, used 51059K [0x0000000761e00000, 0x0000000800000000)
  region size 2048K, 11 young (22528K), 2 survivors (4096K)
 Metaspace       used 59777K, committed 60160K, reserved 1105920K
  class space    used 8484K, committed 8640K, reserved 1048576K
}
Event: 19.309 GC heap after
{Heap after GC invocations=21 (full 0):
 garbage-first heap   total 73728K, used 40584K [0x0000000761e00000, 0x0000000800000000)
  region size 2048K, 2 young (4096K), 2 survivors (4096K)
 Metaspace       used 59777K, committed 60160K, reserved 1105920K
  class space    used 8484K, committed 8640K, reserved 1048576K
}
Event: 19.352 GC heap before
{Heap before GC invocations=21 (full 0):
 garbage-first heap   total 73728K, used 50824K [0x0000000761e00000, 0x0000000800000000)
  region size 2048K, 8 young (16384K), 2 survivors (4096K)
 Metaspace       used 59777K, committed 60160K, reserved 1105920K
  class space    used 8484K, committed 8640K, reserved 1048576K
}
Event: 19.359 GC heap after
{Heap after GC invocations=22 (full 0):
 garbage-first heap   total 102400K, used 43416K [0x0000000761e00000, 0x0000000800000000)
  region size 2048K, 1 young (2048K), 1 survivors (2048K)
 Metaspace       used 59777K, committed 60160K, reserved 1105920K
  class space    used 8484K, committed 8640K, reserved 1048576K
}
Event: 19.600 GC heap before
{Heap before GC invocations=23 (full 0):
 garbage-first heap   total 102400K, used 70040K [0x0000000761e00000, 0x0000000800000000)
  region size 2048K, 15 young (30720K), 1 survivors (2048K)
 Metaspace       used 59779K, committed 60160K, reserved 1105920K
  class space    used 8485K, committed 8640K, reserved 1048576K
}
Event: 19.613 GC heap after
{Heap after GC invocations=24 (full 0):
 garbage-first heap   total 102400K, used 51635K [0x0000000761e00000, 0x0000000800000000)
  region size 2048K, 2 young (4096K), 2 survivors (4096K)
 Metaspace       used 59779K, committed 60160K, reserved 1105920K
  class space    used 8485K, committed 8640K, reserved 1048576K
}
Event: 19.620 GC heap before
{Heap before GC invocations=24 (full 0):
 garbage-first heap   total 102400K, used 53683K [0x0000000761e00000, 0x0000000800000000)
  region size 2048K, 3 young (6144K), 2 survivors (4096K)
 Metaspace       used 59779K, committed 60160K, reserved 1105920K
  class space    used 8485K, committed 8640K, reserved 1048576K
}
Event: 19.626 GC heap after
{Heap after GC invocations=25 (full 0):
 garbage-first heap   total 102400K, used 51914K [0x0000000761e00000, 0x0000000800000000)
  region size 2048K, 1 young (2048K), 1 survivors (2048K)
 Metaspace       used 59779K, committed 60160K, reserved 1105920K
  class space    used 8485K, committed 8640K, reserved 1048576K
}
Event: 19.703 GC heap before
{Heap before GC invocations=25 (full 0):
 garbage-first heap   total 102400K, used 72394K [0x0000000761e00000, 0x0000000800000000)
  region size 2048K, 12 young (24576K), 1 survivors (2048K)
 Metaspace       used 59779K, committed 60160K, reserved 1105920K
  class space    used 8485K, committed 8640K, reserved 1048576K
}
Event: 19.712 GC heap after
{Heap after GC invocations=26 (full 0):
 garbage-first heap   total 102400K, used 57314K [0x0000000761e00000, 0x0000000800000000)
  region size 2048K, 2 young (4096K), 2 survivors (4096K)
 Metaspace       used 59779K, committed 60160K, reserved 1105920K
  class space    used 8485K, committed 8640K, reserved 1048576K
}
Event: 20.655 GC heap before
{Heap before GC invocations=27 (full 0):
 garbage-first heap   total 102400K, used 73698K [0x0000000761e00000, 0x0000000800000000)
  region size 2048K, 11 young (22528K), 2 survivors (4096K)
 Metaspace       used 61158K, committed 61568K, reserved 1105920K
  class space    used 8722K, committed 8960K, reserved 1048576K
}
Event: 20.667 GC heap after
{Heap after GC invocations=28 (full 0):
 garbage-first heap   total 102400K, used 58338K [0x0000000761e00000, 0x0000000800000000)
  region size 2048K, 2 young (4096K), 2 survivors (4096K)
 Metaspace       used 61158K, committed 61568K, reserved 1105920K
  class space    used 8722K, committed 8960K, reserved 1048576K
}
Event: 20.726 GC heap before
{Heap before GC invocations=28 (full 0):
 garbage-first heap   total 102400K, used 60386K [0x0000000761e00000, 0x0000000800000000)
  region size 2048K, 3 young (6144K), 2 survivors (4096K)
 Metaspace       used 61261K, committed 61696K, reserved 1105920K
  class space    used 8741K, committed 8960K, reserved 1048576K
}
Event: 20.733 GC heap after
{Heap after GC invocations=29 (full 0):
 garbage-first heap   total 102400K, used 48783K [0x0000000761e00000, 0x0000000800000000)
  region size 2048K, 1 young (2048K), 1 survivors (2048K)
 Metaspace       used 61261K, committed 61696K, reserved 1105920K
  class space    used 8741K, committed 8960K, reserved 1048576K
}
Event: 20.874 GC heap before
{Heap before GC invocations=29 (full 0):
 garbage-first heap   total 102400K, used 50831K [0x0000000761e00000, 0x0000000800000000)
  region size 2048K, 2 young (4096K), 1 survivors (2048K)
 Metaspace       used 61339K, committed 61760K, reserved 1105920K
  class space    used 8755K, committed 8960K, reserved 1048576K
}

Dll operation events (13 events):
Event: 0.506 Loaded shared library C:\Users\1380e\.jdks\corretto-17.0.6\bin\java.dll
Event: 0.514 Loaded shared library C:\Users\1380e\.jdks\corretto-17.0.6\bin\jsvml.dll
Event: 0.649 Loaded shared library C:\Users\1380e\.jdks\corretto-17.0.6\bin\zip.dll
Event: 0.653 Loaded shared library C:\Users\1380e\.jdks\corretto-17.0.6\bin\instrument.dll
Event: 0.662 Loaded shared library C:\Users\1380e\.jdks\corretto-17.0.6\bin\net.dll
Event: 0.664 Loaded shared library C:\Users\1380e\.jdks\corretto-17.0.6\bin\nio.dll
Event: 0.693 Loaded shared library C:\Users\1380e\.jdks\corretto-17.0.6\bin\zip.dll
Event: 3.112 Loaded shared library C:\Users\1380e\.jdks\corretto-17.0.6\bin\jimage.dll
Event: 5.686 Loaded shared library C:\Program Files\JetBrains\IntelliJ IDEA 2022.3.2\bin\breakgen64.dll
Event: 5.728 Loaded shared library C:\Users\1380e\.jdks\corretto-17.0.6\bin\management.dll
Event: 5.746 Loaded shared library C:\Users\1380e\.jdks\corretto-17.0.6\bin\management_ext.dll
Event: 6.187 Loaded shared library C:\Users\1380e\.jdks\corretto-17.0.6\bin\verify.dll
Event: 11.243 Loaded shared library C:\Users\1380e\.jdks\corretto-17.0.6\bin\sunmscapi.dll

Deoptimization events (20 events):
Event: 7.571 Thread 0x00000262d00305d0 DEOPT PACKING pc=0x00000262d7fa9979 sp=0x0000009dc52fd320
Event: 7.571 Thread 0x00000262d00305d0 DEOPT UNPACKING pc=0x00000262d7b77143 sp=0x0000009dc52fc800 mode 3
Event: 9.817 Thread 0x00000262d00305d0 DEOPT PACKING pc=0x00000262d7fc9754 sp=0x0000009dc52fd850
Event: 9.817 Thread 0x00000262d00305d0 DEOPT UNPACKING pc=0x00000262d7b77143 sp=0x0000009dc52fcda8 mode 0
Event: 11.537 Thread 0x00000262d00305d0 DEOPT PACKING pc=0x00000262d826eb25 sp=0x0000009dc52fc5e0
Event: 11.537 Thread 0x00000262d00305d0 DEOPT UNPACKING pc=0x00000262d7b77143 sp=0x0000009dc52fbb48 mode 3
Event: 11.563 Thread 0x00000262e5369a00 DEOPT PACKING pc=0x00000262d7f7379f sp=0x0000009dc6bff030
Event: 11.563 Thread 0x00000262e5369a00 DEOPT UNPACKING pc=0x00000262d7b77143 sp=0x0000009dc6bfe488 mode 3
Event: 11.563 Thread 0x00000262e53690b0 DEOPT PACKING pc=0x00000262d7fc1109 sp=0x0000009dc6afe920
Event: 11.563 Thread 0x00000262e53690b0 DEOPT UNPACKING pc=0x00000262d7b77143 sp=0x0000009dc6afddb0 mode 3
Event: 13.410 Thread 0x00000262d00305d0 DEOPT PACKING pc=0x00000262d82fcd64 sp=0x0000009dc52fdab0
Event: 13.410 Thread 0x00000262d00305d0 DEOPT UNPACKING pc=0x00000262d7b77143 sp=0x0000009dc52fcfe0 mode 0
Event: 16.864 Thread 0x00000262d00305d0 DEOPT PACKING pc=0x00000262d7fd61d2 sp=0x0000009dc52fd1f0
Event: 16.864 Thread 0x00000262d00305d0 DEOPT UNPACKING pc=0x00000262d7b77143 sp=0x0000009dc52fc6f8 mode 3
Event: 16.864 Thread 0x00000262d00305d0 DEOPT PACKING pc=0x00000262d7f8b2e5 sp=0x0000009dc52fd1b0
Event: 16.864 Thread 0x00000262d00305d0 DEOPT UNPACKING pc=0x00000262d7b77143 sp=0x0000009dc52fc6f8 mode 3
Event: 17.879 Thread 0x00000262d00305d0 DEOPT PACKING pc=0x00000262d84b3779 sp=0x0000009dc52fcbc0
Event: 17.879 Thread 0x00000262d00305d0 DEOPT UNPACKING pc=0x00000262d7b77143 sp=0x0000009dc52fc0a0 mode 3
Event: 18.840 Thread 0x00000262d00305d0 DEOPT PACKING pc=0x00000262d8520f13 sp=0x0000009dc52facf0
Event: 18.840 Thread 0x00000262d00305d0 DEOPT UNPACKING pc=0x00000262d7b77143 sp=0x0000009dc52fa238 mode 3

Classes unloaded (0 events):
No events

Classes redefined (0 events):
No events

Internal exceptions (20 events):
Event: 19.526 Thread 0x00000262e359e080 Exception <a 'sun/nio/fs/WindowsException'{0x00000007671a5788}> (0x00000007671a5788) 
thrown [s\src\hotspot\share\prims\jni.cpp, line 516]
Event: 19.526 Thread 0x00000262e359e080 Exception <a 'sun/nio/fs/WindowsException'{0x00000007671a5b48}> (0x00000007671a5b48) 
thrown [s\src\hotspot\share\prims\jni.cpp, line 516]
Event: 19.526 Thread 0x00000262e359e080 Exception <a 'sun/nio/fs/WindowsException'{0x00000007671a6510}> (0x00000007671a6510) 
thrown [s\src\hotspot\share\prims\jni.cpp, line 516]
Event: 19.526 Thread 0x00000262e359e080 Exception <a 'sun/nio/fs/WindowsException'{0x00000007671a68a0}> (0x00000007671a68a0) 
thrown [s\src\hotspot\share\prims\jni.cpp, line 516]
Event: 19.526 Thread 0x00000262e359e080 Exception <a 'sun/nio/fs/WindowsException'{0x00000007671a7240}> (0x00000007671a7240) 
thrown [s\src\hotspot\share\prims\jni.cpp, line 516]
Event: 19.526 Thread 0x00000262e359e080 Exception <a 'sun/nio/fs/WindowsException'{0x00000007671a7598}> (0x00000007671a7598) 
thrown [s\src\hotspot\share\prims\jni.cpp, line 516]
Event: 19.526 Thread 0x00000262e359e080 Exception <a 'sun/nio/fs/WindowsException'{0x00000007671a7f40}> (0x00000007671a7f40) 
thrown [s\src\hotspot\share\prims\jni.cpp, line 516]
Event: 19.526 Thread 0x00000262e359e080 Exception <a 'sun/nio/fs/WindowsException'{0x00000007671a82b0}> (0x00000007671a82b0) 
thrown [s\src\hotspot\share\prims\jni.cpp, line 516]
Event: 19.526 Thread 0x00000262e359e080 Exception <a 'sun/nio/fs/WindowsException'{0x00000007671a8c50}> (0x00000007671a8c50) 
thrown [s\src\hotspot\share\prims\jni.cpp, line 516]
Event: 19.526 Thread 0x00000262e359e080 Exception <a 'sun/nio/fs/WindowsException'{0x00000007671a8fb0}> (0x00000007671a8fb0) 
thrown [s\src\hotspot\share\prims\jni.cpp, line 516]
Event: 19.526 Thread 0x00000262e359e080 Exception <a 'sun/nio/fs/WindowsException'{0x00000007671a9958}> (0x00000007671a9958) 
thrown [s\src\hotspot\share\prims\jni.cpp, line 516]
Event: 19.526 Thread 0x00000262e359e080 Exception <a 'sun/nio/fs/WindowsException'{0x00000007671a9cc8}> (0x00000007671a9cc8) 
thrown [s\src\hotspot\share\prims\jni.cpp, line 516]
Event: 19.527 Thread 0x00000262e359e080 Exception <a 'sun/nio/fs/WindowsException'{0x00000007671aa690}> (0x00000007671aa690) 
thrown [s\src\hotspot\share\prims\jni.cpp, line 516]
Event: 19.527 Thread 0x00000262e359e080 Exception <a 'sun/nio/fs/WindowsException'{0x00000007671aaa20}> (0x00000007671aaa20) 
thrown [s\src\hotspot\share\prims\jni.cpp, line 516]
Event: 19.529 Thread 0x00000262e359e080 Exception <a 'sun/nio/fs/WindowsException'{0x00000007671ab3f8}> (0x00000007671ab3f8) 
thrown [s\src\hotspot\share\prims\jni.cpp, line 516]
Event: 19.529 Thread 0x00000262e359e080 Exception <a 'sun/nio/fs/WindowsException'{0x00000007671ab7a0}> (0x00000007671ab7a0) 
thrown [s\src\hotspot\share\prims\jni.cpp, line 516]
Event: 19.529 Thread 0x00000262e359e080 Exception <a 'sun/nio/fs/WindowsException'{0x00000007671ac170}> (0x00000007671ac170) 
thrown [s\src\hotspot\share\prims\jni.cpp, line 516]
Event: 19.529 Thread 0x00000262e359e080 Exception <a 'sun/nio/fs/WindowsException'{0x00000007671ac510}> (0x00000007671ac510) 
thrown [s\src\hotspot\share\prims\jni.cpp, line 516]
Event: 20.022 Thread 0x00000262d00305d0 Exception <a 'java/lang/NoSuchMethodError'{0x000000076a751fd0}: 'void java.lang.invoke.DirectMethodHandle$Holder.invokeVirtual(java.lang.Object, java.lang.Object, int)'> (0x000000076a751fd0) 
thrown [s\src\hotspot\share\interpreter\linkResolver.cpp, line 759]
Event: 20.024 Thread 0x00000262d00305d0 Exception <a 'java/lang/NoSuchMethodError'{0x000000076a76cb78}: 'void java.lang.invoke.DirectMethodHandle$Holder.invokeVirtual(java.lang.Object, java.lang.Object, long)'> (0x000000076a76cb78) 
thrown [s\src\hotspot\share\interpreter\linkResolver.cpp, line 759]

VM Operations (20 events):
Event: 19.433 Executing VM operation: G1Concurrent done
Event: 19.460 Executing VM operation: G1Concurrent
Event: 19.462 Executing VM operation: G1Concurrent done
Event: 19.586 Executing VM operation: G1CollectForAllocation
Event: 19.617 Executing VM operation: G1CollectForAllocation done
Event: 19.619 Executing VM operation: G1CollectForAllocation
Event: 19.626 Executing VM operation: G1CollectForAllocation done
Event: 19.703 Executing VM operation: G1CollectForAllocation
Event: 19.718 Executing VM operation: G1CollectForAllocation done
Event: 19.768 Executing VM operation: G1Concurrent
Event: 19.775 Executing VM operation: G1Concurrent done
Event: 19.801 Executing VM operation: G1Concurrent
Event: 19.801 Executing VM operation: G1Concurrent done
Event: 20.056 Executing VM operation: HandshakeAllThreads
Event: 20.056 Executing VM operation: HandshakeAllThreads done
Event: 20.654 Executing VM operation: G1CollectForAllocation
Event: 20.667 Executing VM operation: G1CollectForAllocation done
Event: 20.726 Executing VM operation: G1CollectForAllocation
Event: 20.733 Executing VM operation: G1CollectForAllocation done
Event: 20.874 Executing VM operation: G1CollectForAllocation

Events (20 events):
Event: 20.575 loading class jdk/internal/reflect/UnsafeQualifiedObjectFieldAccessorImpl
Event: 20.575 loading class jdk/internal/reflect/UnsafeQualifiedFieldAccessorImpl
Event: 20.576 loading class jdk/internal/reflect/UnsafeQualifiedFieldAccessorImpl done
Event: 20.576 loading class jdk/internal/reflect/UnsafeQualifiedObjectFieldAccessorImpl done
Event: 20.631 loading class javax/management/InstanceAlreadyExistsException
Event: 20.631 loading class javax/management/InstanceAlreadyExistsException done
Event: 20.632 loading class javax/management/modelmbean/ModelMBean
Event: 20.633 loading class javax/management/PersistentMBean
Event: 20.633 loading class javax/management/PersistentMBean done
Event: 20.633 loading class javax/management/modelmbean/ModelMBean done
Event: 20.637 loading class javax/management/NotCompliantMBeanException
Event: 20.638 loading class javax/management/NotCompliantMBeanException done
Event: 20.641 loading class javax/management/modelmbean/ModelMBeanInfo
Event: 20.642 loading class javax/management/modelmbean/ModelMBeanInfo done
Event: 20.648 loading class javax/management/AttributeList
Event: 20.648 loading class javax/management/AttributeList done
Event: 20.649 loading class javax/management/Attribute
Event: 20.649 loading class javax/management/Attribute done
Event: 20.649 loading class javax/management/IntrospectionException
Event: 20.649 loading class javax/management/IntrospectionException done


Dynamic libraries:
0x00007ff776150000 - 0x00007ff77615d000 	C:\Users\1380e\.jdks\corretto-17.0.6\bin\java.exe
0x00007ffb88c90000 - 0x00007ffb88ea4000 	C:\WINDOWS\SYSTEM32\ntdll.dll
0x00007ffb87db0000 - 0x00007ffb87e72000 	C:\WINDOWS\System32\KERNEL32.DLL
0x00007ffb861c0000 - 0x00007ffb8655c000 	C:\WINDOWS\System32\KERNELBASE.dll
0x00007ffb86900000 - 0x00007ffb86a11000 	C:\WINDOWS\System32\ucrtbase.dll
0x00007ffb70510000 - 0x00007ffb70527000 	C:\Users\1380e\.jdks\corretto-17.0.6\bin\jli.dll
0x00007ffb86fc0000 - 0x00007ffb8716b000 	C:\WINDOWS\System32\USER32.dll
0x00007ffb860d0000 - 0x00007ffb860f6000 	C:\WINDOWS\System32\win32u.dll
0x00007ffb882b0000 - 0x00007ffb882d9000 	C:\WINDOWS\System32\GDI32.dll
0x00007ffb86560000 - 0x00007ffb86673000 	C:\WINDOWS\System32\gdi32full.dll
0x00007ffb867f0000 - 0x00007ffb8688a000 	C:\WINDOWS\System32\msvcp_win.dll
0x00007ffb70490000 - 0x00007ffb704a5000 	C:\Users\1380e\.jdks\corretto-17.0.6\bin\VCRUNTIME140.dll
0x00007ffb71310000 - 0x00007ffb7159e000 	C:\WINDOWS\WinSxS\amd64_microsoft.windows.common-controls_6595b64144ccf1df_6.0.22621.608_none_a9444ca7c10bb01d\COMCTL32.dll
0x00007ffb86f10000 - 0x00007ffb86fb7000 	C:\WINDOWS\System32\msvcrt.dll
0x00007ffb88420000 - 0x00007ffb88451000 	C:\WINDOWS\System32\IMM32.DLL
0x00007ffb649e0000 - 0x00007ffb64a7b000 	C:\Users\1380e\.jdks\corretto-17.0.6\bin\msvcp140.dll
0x00007ffb2a350000 - 0x00007ffb2af68000 	C:\Users\1380e\.jdks\corretto-17.0.6\bin\server\jvm.dll
0x00007ffb87ad0000 - 0x00007ffb87b7e000 	C:\WINDOWS\System32\ADVAPI32.dll
0x00007ffb88200000 - 0x00007ffb882a4000 	C:\WINDOWS\System32\sechost.dll
0x00007ffb88300000 - 0x00007ffb88417000 	C:\WINDOWS\System32\RPCRT4.dll
0x00007ffb6df60000 - 0x00007ffb6df69000 	C:\WINDOWS\SYSTEM32\WSOCK32.dll
0x00007ffb86b00000 - 0x00007ffb86b71000 	C:\WINDOWS\System32\WS2_32.dll
0x00007ffb7e470000 - 0x00007ffb7e4a4000 	C:\WINDOWS\SYSTEM32\WINMM.dll
0x00007ffb7dea0000 - 0x00007ffb7deaa000 	C:\WINDOWS\SYSTEM32\VERSION.dll
0x00007ffb850f0000 - 0x00007ffb85108000 	C:\WINDOWS\SYSTEM32\kernel.appcore.dll
0x00007ffb7e4b0000 - 0x00007ffb7e4ba000 	C:\Users\1380e\.jdks\corretto-17.0.6\bin\jimage.dll
0x00007ffb79d60000 - 0x00007ffb79f8e000 	C:\WINDOWS\SYSTEM32\DBGHELP.DLL
0x00007ffb86b80000 - 0x00007ffb86f09000 	C:\WINDOWS\System32\combase.dll
0x00007ffb88b70000 - 0x00007ffb88c47000 	C:\WINDOWS\System32\OLEAUT32.dll
0x00007ffb74b10000 - 0x00007ffb74b42000 	C:\WINDOWS\SYSTEM32\dbgcore.DLL
0x00007ffb86a20000 - 0x00007ffb86a9b000 	C:\WINDOWS\System32\bcryptPrimitives.dll
0x00007ffb833d0000 - 0x00007ffb833de000 	C:\Users\1380e\.jdks\corretto-17.0.6\bin\instrument.dll
0x00007ffb6dba0000 - 0x00007ffb6dbc5000 	C:\Users\1380e\.jdks\corretto-17.0.6\bin\java.dll
0x00007ffb56f80000 - 0x00007ffb57056000 	C:\Users\1380e\.jdks\corretto-17.0.6\bin\jsvml.dll
0x00007ffb871c0000 - 0x00007ffb879b0000 	C:\WINDOWS\System32\SHELL32.dll
0x00007ffb84090000 - 0x00007ffb8495d000 	C:\WINDOWS\SYSTEM32\windows.storage.dll
0x00007ffb83f50000 - 0x00007ffb8408e000 	C:\WINDOWS\SYSTEM32\wintypes.dll
0x00007ffb88040000 - 0x00007ffb88131000 	C:\WINDOWS\System32\SHCORE.dll
0x00007ffb86aa0000 - 0x00007ffb86afe000 	C:\WINDOWS\System32\shlwapi.dll
0x00007ffb86000000 - 0x00007ffb86021000 	C:\WINDOWS\SYSTEM32\profapi.dll
0x00007ffb69cf0000 - 0x00007ffb69d08000 	C:\Users\1380e\.jdks\corretto-17.0.6\bin\zip.dll
0x00007ffb70470000 - 0x00007ffb70489000 	C:\Users\1380e\.jdks\corretto-17.0.6\bin\net.dll
0x00007ffb7e070000 - 0x00007ffb7e1a7000 	C:\WINDOWS\SYSTEM32\WINHTTP.dll
0x00007ffb85570000 - 0x00007ffb855d9000 	C:\WINDOWS\system32\mswsock.dll
0x00007ffb69ff0000 - 0x00007ffb6a005000 	C:\Users\1380e\.jdks\corretto-17.0.6\bin\nio.dll
0x00007ffb68b20000 - 0x00007ffb68b3a000 	C:\Program Files\JetBrains\IntelliJ IDEA 2022.3.2\bin\breakgen64.dll
0x00007ffb84c70000 - 0x00007ffb84d63000 	C:\WINDOWS\SYSTEM32\DNSAPI.dll
0x00007ffb84bf0000 - 0x00007ffb84c1d000 	C:\WINDOWS\SYSTEM32\IPHLPAPI.DLL
0x00007ffb882f0000 - 0x00007ffb882f9000 	C:\WINDOWS\System32\NSI.dll
0x00007ffb790e0000 - 0x00007ffb790ea000 	C:\Windows\System32\rasadhlp.dll
0x00007ffb7b7e0000 - 0x00007ffb7b863000 	C:\WINDOWS\System32\fwpuclnt.dll
0x00007ffb768a0000 - 0x00007ffb768a9000 	C:\Users\1380e\.jdks\corretto-17.0.6\bin\management.dll
0x00007ffb68b50000 - 0x00007ffb68b5b000 	C:\Users\1380e\.jdks\corretto-17.0.6\bin\management_ext.dll
0x00007ffb882e0000 - 0x00007ffb882e8000 	C:\WINDOWS\System32\PSAPI.DLL
0x00007ffb857f0000 - 0x00007ffb8580b000 	C:\WINDOWS\SYSTEM32\CRYPTSP.dll
0x00007ffb85060000 - 0x00007ffb85095000 	C:\WINDOWS\system32\rsaenh.dll
0x00007ffb85690000 - 0x00007ffb856b8000 	C:\WINDOWS\SYSTEM32\USERENV.dll
0x00007ffb859b0000 - 0x00007ffb859d8000 	C:\WINDOWS\SYSTEM32\bcrypt.dll
0x00007ffb85810000 - 0x00007ffb8581c000 	C:\WINDOWS\SYSTEM32\CRYPTBASE.dll
0x00007ffb7de80000 - 0x00007ffb7de99000 	C:\WINDOWS\SYSTEM32\dhcpcsvc6.DLL
0x00007ffb7dd90000 - 0x00007ffb7ddaf000 	C:\WINDOWS\SYSTEM32\dhcpcsvc.DLL
0x00007ffb65e70000 - 0x00007ffb65e87000 	C:\WINDOWS\system32\napinsp.dll
0x00007ffb63c10000 - 0x00007ffb63c2b000 	C:\WINDOWS\system32\pnrpnsp.dll
0x00007ffb63bf0000 - 0x00007ffb63c01000 	C:\WINDOWS\System32\winrnr.dll
0x00007ffb68190000 - 0x00007ffb681a5000 	C:\WINDOWS\system32\wshbth.dll
0x00007ffb2e290000 - 0x00007ffb2e2b1000 	C:\WINDOWS\system32\nlansp_c.dll
0x00007ffb834a0000 - 0x00007ffb834b0000 	C:\Users\1380e\.jdks\corretto-17.0.6\bin\verify.dll
0x00007ffb68b40000 - 0x00007ffb68b4e000 	C:\Users\1380e\.jdks\corretto-17.0.6\bin\sunmscapi.dll
0x00007ffb86680000 - 0x00007ffb867e6000 	C:\WINDOWS\System32\CRYPT32.dll
0x00007ffb85980000 - 0x00007ffb859ae000 	C:\WINDOWS\SYSTEM32\ncrypt.dll
0x00007ffb85940000 - 0x00007ffb85977000 	C:\WINDOWS\SYSTEM32\NTASN1.dll

dbghelp: loaded successfully - version: 4.0.5 - missing functions: none
symbol engine: initialized successfully - sym options: 0x614 - pdb path: .;C:\Users\1380e\.jdks\corretto-17.0.6\bin;C:\WINDOWS\SYSTEM32;C:\WINDOWS\WinSxS\amd64_microsoft.windows.common-controls_6595b64144ccf1df_6.0.22621.608_none_a9444ca7c10bb01d;C:\Users\1380e\.jdks\corretto-17.0.6\bin\server;C:\Program Files\JetBrains\IntelliJ IDEA 2022.3.2\bin

VM Arguments:
jvm_args: -XX:TieredStopAtLevel=1 -Dspring.output.ansi.enabled=always -Dcom.sun.management.jmxremote -Dspring.jmx.enabled=true -Dspring.liveBeansView.mbeanDomain -Dspring.application.admin.enabled=true -Dmanagement.endpoints.jmx.exposure.include=* -javaagent:C:\Program Files\JetBrains\IntelliJ IDEA 2022.3.2\lib\idea_rt.jar=62761:C:\Program Files\JetBrains\IntelliJ IDEA 2022.3.2\bin -Dfile.encoding=UTF-8 
java_command: ru.skypro.homework.HomeworkApplication
java_class_path (initial): C:\Users\1380e\IdeaProjects\example-for-graduate-work-main\graduate-work\target\classes;C:\Users\1380e\.m2\repository\org\springframework\boot\spring-boot-starter-web\2.7.10\spring-boot-starter-web-2.7.10.jar;C:\Users\1380e\.m2\repository\org\springframework\boot\spring-boot-starter\2.7.10\spring-boot-starter-2.7.10.jar;C:\Users\1380e\.m2\repository\org\springframework\boot\spring-boot\2.7.10\spring-boot-2.7.10.jar;C:\Users\1380e\.m2\repository\org\springframework\boot\spring-boot-autoconfigure\2.7.10\spring-boot-autoconfigure-2.7.10.jar;C:\Users\1380e\.m2\repository\org\springframework\boot\spring-boot-starter-logging\2.7.10\spring-boot-starter-logging-2.7.10.jar;C:\Users\1380e\.m2\repository\ch\qos\logback\logback-classic\1.2.11\logback-classic-1.2.11.jar;C:\Users\1380e\.m2\repository\ch\qos\logback\logback-core\1.2.11\logback-core-1.2.11.jar;C:\Users\1380e\.m2\repository\org\apache\logging\log4j\log4j-to-slf4j\2.17.2\log4j-to-slf4j-2.17.2.jar;C:\Users\1380e\.m2\repository\org\apache\logging\log4j\log4j-api\2.17.2\log4j-api-2.17.2.jar;C:\Users\1380e\.m2\repository\org\slf4j\jul-to-slf4j\1.7.36\jul-to-slf4j-1.7.36.jar;C:\Users\1380e\.m2\repository\jakarta\annotation\jakarta.annotation-api\1.3.5\jakarta.annotation-api-1.3.5.jar;C:\Users\1380e\.m2\repository\org\yaml\snakeyaml\1.30\snakeyaml-1.30.jar;C:\Users\1380e\.m2\repository\org\springframework\boot\spring-boot-starter-json\2.7.10\spring-boot-starter-json-2.7.10.jar;C:\Users\1380e\.m2\repository\com\fasterxml\jackson\core\jackson-databind\2.13.5\jackson-databind-2.13.5.jar;C:\Users\1380e\.m2\repository\com\fasterxml\jackson\core\jackson-annotations\2.13.5\jackson-annotations-2.13.5.jar;C:\Users\1380e\.m2\repository\com\fasterxml\jackson\datatype\jackson-datatype-jdk8\2.13.5\jackson-datatype-jdk8-2.13.5.jar;C:\Users\1380e\.m2\repository\com\fasterxml\jackson\datatype\jackson-datatype-jsr310\2.13.5\jackson-datatype-jsr310-2.13.5.jar;C:\Users\1380e\.m2\repository\com\fasterxml\jackson\m
Launcher Type: SUN_STANDARD

[Global flags]
     intx CICompilerCount                          = 2                                         {product} {ergonomic}
     uint ConcGCThreads                            = 1                                         {product} {ergonomic}
     uint G1ConcRefinementThreads                  = 2                                         {product} {ergonomic}
   size_t G1HeapRegionSize                         = 2097152                                   {product} {ergonomic}
    uintx GCDrainStackTargetSize                   = 64                                        {product} {ergonomic}
   size_t InitialHeapSize                          = 167772160                                 {product} {ergonomic}
     bool ManagementServer                         = true                                      {product} {command line}
   size_t MarkStackSize                            = 4194304                                   {product} {ergonomic}
   size_t MaxHeapSize                              = 2652897280                                {product} {ergonomic}
   size_t MaxNewSize                               = 1591738368                                {product} {ergonomic}
   size_t MinHeapDeltaBytes                        = 2097152                                   {product} {ergonomic}
   size_t MinHeapSize                              = 8388608                                   {product} {ergonomic}
    uintx NonProfiledCodeHeapSize                  = 0                                      {pd product} {ergonomic}
     bool ProfileInterpreter                       = false                                  {pd product} {command line}
    uintx ProfiledCodeHeapSize                     = 0                                      {pd product} {ergonomic}
   size_t SoftMaxHeapSize                          = 2652897280                             {manageable} {ergonomic}
     intx TieredStopAtLevel                        = 1                                         {product} {command line}
     bool UseCompressedClassPointers               = true                           {product lp64_product} {ergonomic}
     bool UseCompressedOops                        = true                           {product lp64_product} {ergonomic}
     bool UseG1GC                                  = true                                      {product} {ergonomic}
     bool UseLargePagesIndividualAllocation        = false                                  {pd product} {ergonomic}

Logging:
Log output configuration:
 #0: stdout all=warning uptime,level,tags
 #1: stderr all=off uptime,level,tags

Environment Variables:
PATH=C:\WINDOWS\system32;C:\WINDOWS;C:\WINDOWS\System32\Wbem;C:\WINDOWS\System32\WindowsPowerShell\v1.0\;C:\WINDOWS\System32\OpenSSH\;C:\Program Files\Docker\Docker\resources\bin;C:\Program Files\Git\cmd;C:\Users\1380e\AppData\Local\Microsoft\WindowsApps;;C:\Program Files\JetBrains\IntelliJ IDEA 2022.3.2\bin;
USERNAME=1380e
OS=Windows_NT
PROCESSOR_IDENTIFIER=AMD64 Family 23 Model 24 Stepping 1, AuthenticAMD
TMP=C:\Users\1380e\AppData\Local\Temp
TEMP=C:\Users\1380e\AppData\Local\Temp



---------------  S Y S T E M  ---------------

OS:
 Windows 11 , 64 bit Build 22621 (10.0.22621.1485)
OS uptime: 0 days 0:09 hours
Hyper-V role detected

CPU: total 2 (initial active 2) (2 cores per cpu, 1 threads per core) family 23 model 24 stepping 1 microcode 0x0, cx8, cmov, fxsr, mmx, 3dnowpref, sse, sse2, sse3, ssse3, sse4a, sse4.1, sse4.2, popcnt, lzcnt, tsc, tscinvbit, avx, avx2, aes, clmul, bmi1, bmi2, adx, sha, fma, vzeroupper, clflush, clflushopt, hv

Memory: 4k page, system-wide physical 10119M (186M free)
TotalPageFile size 13119M (AvailPageFile size 50M)
current process WorkingSet (physical memory assigned to process): 236M, peak: 236M
current process commit charge ("private bytes"): 331M, peak: 407M

vm_info: OpenJDK 64-Bit Server VM (17.0.6+10-LTS) for windows-amd64 JRE (17.0.6+10-LTS), built on Jan 13 2023 22:57:04 by "Administrator" with MS VC++ 15.9 (VS2017)

END.
