#
# There is insufficient memory for the Java Runtime Environment to continue.
# Native memory allocation (mmap) failed to map 65536 bytes for Failed to commit metaspace.
# Possible reasons:
#   The system is out of physical RAM or swap space
#   The process is running with CompressedOops enabled, and the Java Heap may be blocking the growth of the native heap
# Possible solutions:
#   Reduce memory load on the system
#   Increase physical memory or swap space
#   Check if swap backing store is full
#   Decrease Java heap size (-Xmx/-Xms)
#   Decrease number of Java threads
#   Decrease Java thread stack sizes (-Xss)
#   Set larger code cache with -XX:ReservedCodeCacheSize=
#   JVM is running with Zero Based Compressed Oops mode in which the Java heap is
#     placed in the first 32GB address space. The Java Heap base address is the
#     maximum limit for the native heap growth. Please use -XX:HeapBaseMinAddress
#     to set the Java Heap base and to place the Java Heap above 32GB virtual address.
# This output file may be truncated or incomplete.
#
#  Out of Memory Error (virtualSpaceNode.cpp:110), pid=7300, tid=15028
#
# JRE version: OpenJDK Runtime Environment Corretto-17.0.6.10.1 (17.0.6+10) (build 17.0.6+10-LTS)
# Java VM: OpenJDK 64-Bit Server VM Corretto-17.0.6.10.1 (17.0.6+10-LTS, mixed mode, emulated-client, sharing, tiered, compressed oops, compressed class ptrs, g1 gc, windows-amd64)
# No core dump will be written. Minidumps are not enabled by default on client versions of Windows
#

---------------  S U M M A R Y ------------

Command Line: -XX:TieredStopAtLevel=1 -Dspring.output.ansi.enabled=always -Dcom.sun.management.jmxremote -Dspring.jmx.enabled=true -Dspring.liveBeansView.mbeanDomain -Dspring.application.admin.enabled=true -Dmanagement.endpoints.jmx.exposure.include=* -javaagent:C:\Program Files\JetBrains\IntelliJ IDEA 2022.3.2\lib\idea_rt.jar=52597:C:\Program Files\JetBrains\IntelliJ IDEA 2022.3.2\bin -Dfile.encoding=UTF-8 ru.skypro.homework.HomeworkApplication

Host: AMD Athlon Silver 3050U with Radeon Graphics   , 2 cores, 9G,  Windows 11 , 64 bit Build 22621 (10.0.22621.1485)
Time: Tue Apr 18 19:41:34 2023  Windows 11 , 64 bit Build 22621 (10.0.22621.1485) elapsed time: 1.522388 seconds (0d 0h 0m 1s)

---------------  T H R E A D  ---------------

Current thread (0x00000142047a05d0):  JavaThread "main" [_thread_in_vm, id=15028, stack(0x0000003de7200000,0x0000003de7300000)]

Stack: [0x0000003de7200000,0x0000003de7300000]
Native frames: (J=compiled Java code, j=interpreted, Vv=VM code, C=native code)
V  [jvm.dll+0x64b39a]
V  [jvm.dll+0x7ff044]
V  [jvm.dll+0x8007fe]
V  [jvm.dll+0x800e53]
V  [jvm.dll+0x235848]
V  [jvm.dll+0x7fb10b]
V  [jvm.dll+0x5f23a6]
V  [jvm.dll+0x1b4e8e]
V  [jvm.dll+0x5f4bf4]
V  [jvm.dll+0x5f2d5d]
V  [jvm.dll+0x23339c]
V  [jvm.dll+0x69ff08]
V  [jvm.dll+0x6a092f]
V  [jvm.dll+0x35b203]
V  [jvm.dll+0x35a452]
V  [jvm.dll+0x35a3f8]
V  [jvm.dll+0x538784]
V  [jvm.dll+0x53776c]
V  [jvm.dll+0x36e1e9]
V  [jvm.dll+0x36d7ef]
C  0x000001420c2a90e3

Java frames: (J=compiled Java code, j=interpreted, Vv=VM code)
j  org.springframework.core.io.AbstractFileResolvingResource.customizeConnection(Ljava/net/URLConnection;)V+1
j  org.springframework.core.io.UrlResource.getInputStream()Ljava/io/InputStream;+10
j  org.springframework.core.io.support.PropertiesLoaderUtils.fillProperties(Ljava/util/Properties;Lorg/springframework/core/io/Resource;)V+1
j  org.springframework.core.io.support.PropertiesLoaderUtils.loadProperties(Lorg/springframework/core/io/Resource;)Ljava/util/Properties;+10
j  org.springframework.core.io.support.SpringFactoriesLoader.loadSpringFactories(Ljava/lang/ClassLoader;)Ljava/util/Map;+65
j  org.springframework.core.io.support.SpringFactoriesLoader.loadFactoryNames(Ljava/lang/Class;Ljava/lang/ClassLoader;)Ljava/util/List;+18
j  org.springframework.boot.SpringApplication.getSpringFactoriesInstances(Ljava/lang/Class;[Ljava/lang/Class;[Ljava/lang/Object;)Ljava/util/Collection;+13
j  org.springframework.boot.SpringApplication.getSpringFactoriesInstances(Ljava/lang/Class;)Ljava/util/Collection;+10
j  org.springframework.boot.SpringApplication.<init>(Lorg/springframework/core/io/ResourceLoader;[Ljava/lang/Class;)V+119
j  org.springframework.boot.SpringApplication.<init>([Ljava/lang/Class;)V+3
j  org.springframework.boot.SpringApplication.run([Ljava/lang/Class;[Ljava/lang/String;)Lorg/springframework/context/ConfigurableApplicationContext;+5
j  org.springframework.boot.SpringApplication.run(Ljava/lang/Class;[Ljava/lang/String;)Lorg/springframework/context/ConfigurableApplicationContext;+9
j  ru.skypro.homework.HomeworkApplication.main([Ljava/lang/String;)V+3
v  ~StubRoutines::call_stub

---------------  P R O C E S S  ---------------

Threads class SMR info:
_java_thread_list=0x0000014217ec6a60, length=14, elements={
0x00000142047a05d0, 0x0000014216f25250, 0x0000014216f25e00, 0x0000014216f3b450,
0x0000014216f3df10, 0x0000014216f408d0, 0x0000014216f41280, 0x0000014216f41c30,
0x0000014216f79d10, 0x0000014216fce590, 0x00000142179ac420, 0x0000014217d0ce20,
0x0000014217d0d2f0, 0x0000014217f312e0
}

Java Threads: ( => current thread )
=>0x00000142047a05d0 JavaThread "main" [_thread_in_vm, id=15028, stack(0x0000003de7200000,0x0000003de7300000)]
  0x0000014216f25250 JavaThread "Reference Handler" daemon [_thread_blocked, id=1864, stack(0x0000003de7a00000,0x0000003de7b00000)]
  0x0000014216f25e00 JavaThread "Finalizer" daemon [_thread_blocked, id=14656, stack(0x0000003de7b00000,0x0000003de7c00000)]
  0x0000014216f3b450 JavaThread "Signal Dispatcher" daemon [_thread_blocked, id=13172, stack(0x0000003de7c00000,0x0000003de7d00000)]
  0x0000014216f3df10 JavaThread "Attach Listener" daemon [_thread_blocked, id=12920, stack(0x0000003de7d00000,0x0000003de7e00000)]
  0x0000014216f408d0 JavaThread "Service Thread" daemon [_thread_blocked, id=15112, stack(0x0000003de7e00000,0x0000003de7f00000)]
  0x0000014216f41280 JavaThread "Monitor Deflation Thread" daemon [_thread_blocked, id=14820, stack(0x0000003de7f00000,0x0000003de8000000)]
  0x0000014216f41c30 JavaThread "C1 CompilerThread0" daemon [_thread_blocked, id=11696, stack(0x0000003de8000000,0x0000003de8100000)]
  0x0000014216f79d10 JavaThread "Sweeper thread" daemon [_thread_blocked, id=15680, stack(0x0000003de8100000,0x0000003de8200000)]
  0x0000014216fce590 JavaThread "Common-Cleaner" daemon [_thread_blocked, id=5532, stack(0x0000003de8200000,0x0000003de8300000)]
  0x00000142179ac420 JavaThread "C1 CompilerThread1" daemon [_thread_blocked, id=15572, stack(0x0000003de8300000,0x0000003de8400000)]
  0x0000014217d0ce20 JavaThread "Monitor Ctrl-Break" daemon [_thread_in_native, id=2676, stack(0x0000003de8500000,0x0000003de8600000)]
  0x0000014217d0d2f0 JavaThread "Notification Thread" daemon [_thread_blocked, id=14952, stack(0x0000003de8600000,0x0000003de8700000)]
  0x0000014217f312e0 JavaThread "RMI TCP Accept-0" daemon [_thread_in_native, id=14164, stack(0x0000003de8700000,0x0000003de8800000)]

Other Threads:
  0x0000014216f1ef60 VMThread "VM Thread" [stack: 0x0000003de7900000,0x0000003de7a00000] [id=12716]
  0x0000014217f14790 WatcherThread [stack: 0x0000003de8800000,0x0000003de8900000] [id=8440]
  0x00000142047ec840 GCTaskThread "GC Thread#0" [stack: 0x0000003de7400000,0x0000003de7500000] [id=15508]
  0x0000014217d87c30 GCTaskThread "GC Thread#1" [stack: 0x0000003de8400000,0x0000003de8500000] [id=15476]
  0x00000142047f7590 ConcurrentGCThread "G1 Main Marker" [stack: 0x0000003de7500000,0x0000003de7600000] [id=11268]
  0x00000142047f8100 ConcurrentGCThread "G1 Conc#0" [stack: 0x0000003de7600000,0x0000003de7700000] [id=11028]
  0x000001420484df50 ConcurrentGCThread "G1 Refine#0" [stack: 0x0000003de7700000,0x0000003de7800000] [id=11632]
  0x000001420484ead0 ConcurrentGCThread "G1 Service" [stack: 0x0000003de7800000,0x0000003de7900000] [id=14792]

Threads with active compile tasks:

VM state: not at safepoint (normal execution)

VM Mutex/Monitor currently owned by a thread:  ([mutex/lock_event])
[0x000001420479a370] Metaspace_lock - owner thread: 0x00000142047a05d0

Heap address: 0x0000000761e00000, size: 2530 MB, Compressed Oops mode: Zero based, Oop shift amount: 3

CDS archive(s) mapped at: [0x0000000800000000-0x0000000800bc0000-0x0000000800bc0000), size 12320768, SharedBaseAddress: 0x0000000800000000, ArchiveRelocationMode: 0.
Compressed class space mapped at: 0x0000000800c00000-0x0000000840c00000, reserved size: 1073741824
Narrow klass base: 0x0000000800000000, Narrow klass shift: 0, Narrow klass range: 0x100000000

GC Precious Log:
 CPUs: 2 total, 2 available
 Memory: 10119M
 Large Page Support: Disabled
 NUMA Support: Disabled
 Compressed Oops: Enabled (Zero based)
 Heap Region Size: 2M
 Heap Min Capacity: 8M
 Heap Initial Capacity: 160M
 Heap Max Capacity: 2530M
 Pre-touch: Disabled
 Parallel Workers: 2
 Concurrent Workers: 1
 Concurrent Refinement Workers: 2
 Periodic GC: Disabled

Heap:
 garbage-first heap   total 163840K, used 9054K [0x0000000761e00000, 0x0000000800000000)
  region size 2048K, 3 young (6144K), 1 survivors (2048K)
 Metaspace       used 5808K, committed 5952K, reserved 1056768K
  class space    used 700K, committed 768K, reserved 1048576K

Heap Regions: E=young(eden), S=young(survivor), O=old, HS=humongous(starts), HC=humongous(continues), CS=collection set, F=free, OA=open archive, CA=closed archive, TAMS=top-at-mark-start (previous, next)
|   0|0x0000000761e00000, 0x0000000762000000, 0x0000000762000000|100%| O|  |TAMS 0x0000000761e00000, 0x0000000761e00000| Untracked 
|   1|0x0000000762000000, 0x0000000762200000, 0x0000000762200000|100%| O|  |TAMS 0x0000000762000000, 0x0000000762000000| Untracked 
|   2|0x0000000762200000, 0x0000000762370600, 0x0000000762400000| 71%| O|  |TAMS 0x0000000762200000, 0x0000000762200000| Untracked 
|   3|0x0000000762400000, 0x0000000762400000, 0x0000000762600000|  0%| F|  |TAMS 0x0000000762400000, 0x0000000762400000| Untracked 
|   4|0x0000000762600000, 0x0000000762600000, 0x0000000762800000|  0%| F|  |TAMS 0x0000000762600000, 0x0000000762600000| Untracked 
|   5|0x0000000762800000, 0x0000000762800000, 0x0000000762a00000|  0%| F|  |TAMS 0x0000000762800000, 0x0000000762800000| Untracked 
|   6|0x0000000762a00000, 0x0000000762a00000, 0x0000000762c00000|  0%| F|  |TAMS 0x0000000762a00000, 0x0000000762a00000| Untracked 
|   7|0x0000000762c00000, 0x0000000762c00000, 0x0000000762e00000|  0%| F|  |TAMS 0x0000000762c00000, 0x0000000762c00000| Untracked 
|   8|0x0000000762e00000, 0x0000000762e00000, 0x0000000763000000|  0%| F|  |TAMS 0x0000000762e00000, 0x0000000762e00000| Untracked 
|   9|0x0000000763000000, 0x0000000763000000, 0x0000000763200000|  0%| F|  |TAMS 0x0000000763000000, 0x0000000763000000| Untracked 
|  10|0x0000000763200000, 0x0000000763200000, 0x0000000763400000|  0%| F|  |TAMS 0x0000000763200000, 0x0000000763200000| Untracked 
|  11|0x0000000763400000, 0x0000000763400000, 0x0000000763600000|  0%| F|  |TAMS 0x0000000763400000, 0x0000000763400000| Untracked 
|  12|0x0000000763600000, 0x0000000763600000, 0x0000000763800000|  0%| F|  |TAMS 0x0000000763600000, 0x0000000763600000| Untracked 
|  13|0x0000000763800000, 0x0000000763800000, 0x0000000763a00000|  0%| F|  |TAMS 0x0000000763800000, 0x0000000763800000| Untracked 
|  14|0x0000000763a00000, 0x0000000763a00000, 0x0000000763c00000|  0%| F|  |TAMS 0x0000000763a00000, 0x0000000763a00000| Untracked 
|  15|0x0000000763c00000, 0x0000000763c00000, 0x0000000763e00000|  0%| F|  |TAMS 0x0000000763c00000, 0x0000000763c00000| Untracked 
|  16|0x0000000763e00000, 0x0000000763e00000, 0x0000000764000000|  0%| F|  |TAMS 0x0000000763e00000, 0x0000000763e00000| Untracked 
|  17|0x0000000764000000, 0x0000000764000000, 0x0000000764200000|  0%| F|  |TAMS 0x0000000764000000, 0x0000000764000000| Untracked 
|  18|0x0000000764200000, 0x0000000764200000, 0x0000000764400000|  0%| F|  |TAMS 0x0000000764200000, 0x0000000764200000| Untracked 
|  19|0x0000000764400000, 0x0000000764400000, 0x0000000764600000|  0%| F|  |TAMS 0x0000000764400000, 0x0000000764400000| Untracked 
|  20|0x0000000764600000, 0x0000000764600000, 0x0000000764800000|  0%| F|  |TAMS 0x0000000764600000, 0x0000000764600000| Untracked 
|  21|0x0000000764800000, 0x0000000764800000, 0x0000000764a00000|  0%| F|  |TAMS 0x0000000764800000, 0x0000000764800000| Untracked 
|  22|0x0000000764a00000, 0x0000000764a00000, 0x0000000764c00000|  0%| F|  |TAMS 0x0000000764a00000, 0x0000000764a00000| Untracked 
|  23|0x0000000764c00000, 0x0000000764c00000, 0x0000000764e00000|  0%| F|  |TAMS 0x0000000764c00000, 0x0000000764c00000| Untracked 
|  24|0x0000000764e00000, 0x0000000764e00000, 0x0000000765000000|  0%| F|  |TAMS 0x0000000764e00000, 0x0000000764e00000| Untracked 
|  25|0x0000000765000000, 0x0000000765000000, 0x0000000765200000|  0%| F|  |TAMS 0x0000000765000000, 0x0000000765000000| Untracked 
|  26|0x0000000765200000, 0x0000000765200000, 0x0000000765400000|  0%| F|  |TAMS 0x0000000765200000, 0x0000000765200000| Untracked 
|  27|0x0000000765400000, 0x0000000765400000, 0x0000000765600000|  0%| F|  |TAMS 0x0000000765400000, 0x0000000765400000| Untracked 
|  28|0x0000000765600000, 0x0000000765600000, 0x0000000765800000|  0%| F|  |TAMS 0x0000000765600000, 0x0000000765600000| Untracked 
|  29|0x0000000765800000, 0x0000000765800000, 0x0000000765a00000|  0%| F|  |TAMS 0x0000000765800000, 0x0000000765800000| Untracked 
|  30|0x0000000765a00000, 0x0000000765a00000, 0x0000000765c00000|  0%| F|  |TAMS 0x0000000765a00000, 0x0000000765a00000| Untracked 
|  31|0x0000000765c00000, 0x0000000765c00000, 0x0000000765e00000|  0%| F|  |TAMS 0x0000000765c00000, 0x0000000765c00000| Untracked 
|  32|0x0000000765e00000, 0x0000000765e00000, 0x0000000766000000|  0%| F|  |TAMS 0x0000000765e00000, 0x0000000765e00000| Untracked 
|  33|0x0000000766000000, 0x0000000766000000, 0x0000000766200000|  0%| F|  |TAMS 0x0000000766000000, 0x0000000766000000| Untracked 
|  34|0x0000000766200000, 0x0000000766200000, 0x0000000766400000|  0%| F|  |TAMS 0x0000000766200000, 0x0000000766200000| Untracked 
|  35|0x0000000766400000, 0x0000000766400000, 0x0000000766600000|  0%| F|  |TAMS 0x0000000766400000, 0x0000000766400000| Untracked 
|  36|0x0000000766600000, 0x0000000766600000, 0x0000000766800000|  0%| F|  |TAMS 0x0000000766600000, 0x0000000766600000| Untracked 
|  37|0x0000000766800000, 0x0000000766800000, 0x0000000766a00000|  0%| F|  |TAMS 0x0000000766800000, 0x0000000766800000| Untracked 
|  38|0x0000000766a00000, 0x0000000766a00000, 0x0000000766c00000|  0%| F|  |TAMS 0x0000000766a00000, 0x0000000766a00000| Untracked 
|  39|0x0000000766c00000, 0x0000000766c00000, 0x0000000766e00000|  0%| F|  |TAMS 0x0000000766c00000, 0x0000000766c00000| Untracked 
|  40|0x0000000766e00000, 0x0000000766e00000, 0x0000000767000000|  0%| F|  |TAMS 0x0000000766e00000, 0x0000000766e00000| Untracked 
|  41|0x0000000767000000, 0x0000000767000000, 0x0000000767200000|  0%| F|  |TAMS 0x0000000767000000, 0x0000000767000000| Untracked 
|  42|0x0000000767200000, 0x0000000767200000, 0x0000000767400000|  0%| F|  |TAMS 0x0000000767200000, 0x0000000767200000| Untracked 
|  43|0x0000000767400000, 0x0000000767400000, 0x0000000767600000|  0%| F|  |TAMS 0x0000000767400000, 0x0000000767400000| Untracked 
|  44|0x0000000767600000, 0x0000000767600000, 0x0000000767800000|  0%| F|  |TAMS 0x0000000767600000, 0x0000000767600000| Untracked 
|  45|0x0000000767800000, 0x0000000767800000, 0x0000000767a00000|  0%| F|  |TAMS 0x0000000767800000, 0x0000000767800000| Untracked 
|  46|0x0000000767a00000, 0x0000000767a00000, 0x0000000767c00000|  0%| F|  |TAMS 0x0000000767a00000, 0x0000000767a00000| Untracked 
|  47|0x0000000767c00000, 0x0000000767c00000, 0x0000000767e00000|  0%| F|  |TAMS 0x0000000767c00000, 0x0000000767c00000| Untracked 
|  48|0x0000000767e00000, 0x0000000767e00000, 0x0000000768000000|  0%| F|  |TAMS 0x0000000767e00000, 0x0000000767e00000| Untracked 
|  49|0x0000000768000000, 0x0000000768000000, 0x0000000768200000|  0%| F|  |TAMS 0x0000000768000000, 0x0000000768000000| Untracked 
|  50|0x0000000768200000, 0x0000000768200000, 0x0000000768400000|  0%| F|  |TAMS 0x0000000768200000, 0x0000000768200000| Untracked 
|  51|0x0000000768400000, 0x0000000768400000, 0x0000000768600000|  0%| F|  |TAMS 0x0000000768400000, 0x0000000768400000| Untracked 
|  52|0x0000000768600000, 0x0000000768600000, 0x0000000768800000|  0%| F|  |TAMS 0x0000000768600000, 0x0000000768600000| Untracked 
|  53|0x0000000768800000, 0x0000000768800000, 0x0000000768a00000|  0%| F|  |TAMS 0x0000000768800000, 0x0000000768800000| Untracked 
|  54|0x0000000768a00000, 0x0000000768a00000, 0x0000000768c00000|  0%| F|  |TAMS 0x0000000768a00000, 0x0000000768a00000| Untracked 
|  55|0x0000000768c00000, 0x0000000768c00000, 0x0000000768e00000|  0%| F|  |TAMS 0x0000000768c00000, 0x0000000768c00000| Untracked 
|  56|0x0000000768e00000, 0x0000000768e00000, 0x0000000769000000|  0%| F|  |TAMS 0x0000000768e00000, 0x0000000768e00000| Untracked 
|  57|0x0000000769000000, 0x0000000769000000, 0x0000000769200000|  0%| F|  |TAMS 0x0000000769000000, 0x0000000769000000| Untracked 
|  58|0x0000000769200000, 0x0000000769200000, 0x0000000769400000|  0%| F|  |TAMS 0x0000000769200000, 0x0000000769200000| Untracked 
|  59|0x0000000769400000, 0x0000000769400000, 0x0000000769600000|  0%| F|  |TAMS 0x0000000769400000, 0x0000000769400000| Untracked 
|  60|0x0000000769600000, 0x0000000769600000, 0x0000000769800000|  0%| F|  |TAMS 0x0000000769600000, 0x0000000769600000| Untracked 
|  61|0x0000000769800000, 0x0000000769800000, 0x0000000769a00000|  0%| F|  |TAMS 0x0000000769800000, 0x0000000769800000| Untracked 
|  62|0x0000000769a00000, 0x0000000769a00000, 0x0000000769c00000|  0%| F|  |TAMS 0x0000000769a00000, 0x0000000769a00000| Untracked 
|  63|0x0000000769c00000, 0x0000000769c00000, 0x0000000769e00000|  0%| F|  |TAMS 0x0000000769c00000, 0x0000000769c00000| Untracked 
|  64|0x0000000769e00000, 0x0000000769e00000, 0x000000076a000000|  0%| F|  |TAMS 0x0000000769e00000, 0x0000000769e00000| Untracked 
|  65|0x000000076a000000, 0x000000076a000000, 0x000000076a200000|  0%| F|  |TAMS 0x000000076a000000, 0x000000076a000000| Untracked 
|  66|0x000000076a200000, 0x000000076a200000, 0x000000076a400000|  0%| F|  |TAMS 0x000000076a200000, 0x000000076a200000| Untracked 
|  67|0x000000076a400000, 0x000000076a400000, 0x000000076a600000|  0%| F|  |TAMS 0x000000076a400000, 0x000000076a400000| Untracked 
|  68|0x000000076a600000, 0x000000076a600000, 0x000000076a800000|  0%| F|  |TAMS 0x000000076a600000, 0x000000076a600000| Untracked 
|  69|0x000000076a800000, 0x000000076a800000, 0x000000076aa00000|  0%| F|  |TAMS 0x000000076a800000, 0x000000076a800000| Untracked 
|  70|0x000000076aa00000, 0x000000076aa00000, 0x000000076ac00000|  0%| F|  |TAMS 0x000000076aa00000, 0x000000076aa00000| Untracked 
|  71|0x000000076ac00000, 0x000000076ac00000, 0x000000076ae00000|  0%| F|  |TAMS 0x000000076ac00000, 0x000000076ac00000| Untracked 
|  72|0x000000076ae00000, 0x000000076ae00000, 0x000000076b000000|  0%| F|  |TAMS 0x000000076ae00000, 0x000000076ae00000| Untracked 
|  73|0x000000076b000000, 0x000000076b000000, 0x000000076b200000|  0%| F|  |TAMS 0x000000076b000000, 0x000000076b000000| Untracked 
|  74|0x000000076b200000, 0x000000076b200000, 0x000000076b400000|  0%| F|  |TAMS 0x000000076b200000, 0x000000076b200000| Untracked 
|  75|0x000000076b400000, 0x000000076b400000, 0x000000076b600000|  0%| F|  |TAMS 0x000000076b400000, 0x000000076b400000| Untracked 
|  76|0x000000076b600000, 0x000000076b767320, 0x000000076b800000| 70%| S|CS|TAMS 0x000000076b600000, 0x000000076b600000| Complete 
|  77|0x000000076b800000, 0x000000076b800000, 0x000000076ba00000|  0%| F|  |TAMS 0x000000076b800000, 0x000000076b800000| Untracked 
|  78|0x000000076ba00000, 0x000000076ba70cb0, 0x000000076bc00000| 22%| E|  |TAMS 0x000000076ba00000, 0x000000076ba00000| Complete 
|  79|0x000000076bc00000, 0x000000076be00000, 0x000000076be00000|100%| E|CS|TAMS 0x000000076bc00000, 0x000000076bc00000| Complete 

Card table byte_map: [0x000001420f290000,0x000001420f790000] _byte_map_base: 0x000001420b781000

Marking Bits (Prev, Next): (CMBitMap*) 0x00000142047ece50, (CMBitMap*) 0x00000142047ece90
 Prev Bits: [0x000001420fc90000, 0x0000014212418000)
 Next Bits: [0x0000014212420000, 0x0000014214ba8000)

Polling page: 0x0000014202720000

Metaspace:

Usage:
  Non-class:      4.99 MB used.
      Class:    700.95 KB used.
       Both:      5.67 MB used.

Virtual space:
  Non-class space:        8.00 MB reserved,       5.06 MB ( 63%) committed,  1 nodes.
      Class space:        1.00 GB reserved,     768.00 KB ( <1%) committed,  1 nodes.
             Both:        1.01 GB reserved,       5.81 MB ( <1%) committed. 

Chunk freelists:
   Non-Class:  2.11 MB
       Class:  3.14 MB
        Both:  5.25 MB

MaxMetaspaceSize: unlimited
CompressedClassSpaceSize: 1.00 GB
Initial GC threshold: 21.00 MB
Current GC threshold: 21.00 MB
CDS: on
MetaspaceReclaimPolicy: balanced
 - commit_granule_bytes: 65536.
 - commit_granule_words: 8192.
 - virtual_space_node_default_size: 1048576.
 - enlarge_chunks_in_place: 1.
 - new_chunks_are_fully_committed: 0.
 - uncommit_free_chunks: 1.
 - use_allocation_guard: 0.
 - handle_deallocations: 1.


Internal statistics:

num_allocs_failed_limit: 0.
num_arena_births: 82.
num_arena_deaths: 0.
num_vsnodes_births: 2.
num_vsnodes_deaths: 0.
num_space_committed: 93.
num_space_uncommitted: 0.
num_chunks_returned_to_freelist: 0.
num_chunks_taken_from_freelist: 139.
num_chunk_merges: 0.
num_chunk_splits: 92.
num_chunks_enlarged: 57.
num_purges: 0.
num_inconsistent_stats: 0.

CodeCache: size=49152Kb used=3246Kb max_used=3246Kb free=45905Kb
 bounds [0x000001420c290000, 0x000001420c5c0000, 0x000001420f290000]
 total_blobs=1534 nmethods=1085 adapters=376
 compilation: enabled
              stopped_count=0, restarted_count=0
 full_count=0

Compilation events (20 events):
Event: 1.513 Thread 0x00000142179ac420 1108       1       java.util.jar.JavaUtilJarAccessImpl::entryFor (6 bytes)
Event: 1.513 Thread 0x0000014216f41c30 1109       1       java.util.jar.JarFile::entryFor (10 bytes)
Event: 1.514 Thread 0x0000014216f41c30 nmethod 1109 0x000001420c5b9290 code [0x000001420c5b9440, 0x000001420c5b9668]
Event: 1.514 Thread 0x0000014216f41c30 1110       1       java.util.jar.JarFile$JarFileEntry::<init> (16 bytes)
Event: 1.514 Thread 0x00000142179ac420 nmethod 1108 0x000001420c5b9710 code [0x000001420c5b98c0, 0x000001420c5b9b08]
Event: 1.514 Thread 0x00000142179ac420 1111       1       java.util.jar.JarEntry::<init> (6 bytes)
Event: 1.514 Thread 0x0000014216f41c30 nmethod 1110 0x000001420c5b9c10 code [0x000001420c5b9da0, 0x000001420c5b9f48]
Event: 1.514 Thread 0x00000142179ac420 nmethod 1111 0x000001420c5ba010 code [0x000001420c5ba1a0, 0x000001420c5ba288]
Event: 1.514 Thread 0x00000142179ac420 1112       1       java.util.zip.ZipEntry::<init> (84 bytes)
Event: 1.514 Thread 0x0000014216f41c30 1113       1       java.util.zip.ZipUtils::CENTIM (9 bytes)
Event: 1.514 Thread 0x00000142179ac420 nmethod 1112 0x000001420c5ba310 code [0x000001420c5ba4c0, 0x000001420c5ba7b8]
Event: 1.514 Thread 0x0000014216f41c30 nmethod 1113 0x000001420c5ba910 code [0x000001420c5baaa0, 0x000001420c5babf8]
Event: 1.514 Thread 0x00000142179ac420 1114       1       java.util.zip.ZipUtils::CENCRC (9 bytes)
Event: 1.514 Thread 0x0000014216f41c30 1115       1       java.util.zip.ZipUtils::CENVEM_FA (8 bytes)
Event: 1.514 Thread 0x0000014216f41c30 nmethod 1115 0x000001420c5bad10 code [0x000001420c5baea0, 0x000001420c5baf78]
Event: 1.514 Thread 0x0000014216f41c30 1116       1       java.util.zip.ZipUtils::CH (8 bytes)
Event: 1.514 Thread 0x0000014216f41c30 nmethod 1116 0x000001420c5bb090 code [0x000001420c5bb220, 0x000001420c5bb2f8]
Event: 1.514 Thread 0x00000142179ac420 nmethod 1114 0x000001420c5bb390 code [0x000001420c5bb520, 0x000001420c5bb678]
Event: 1.517 Thread 0x00000142179ac420 1117       1       sun.net.www.protocol.jar.Handler::checkNestedProtocol (18 bytes)
Event: 1.517 Thread 0x00000142179ac420 nmethod 1117 0x000001420c5bb790 code [0x000001420c5bb940, 0x000001420c5bba88]

GC Heap History (4 events):
Event: 0.889 GC heap before
{Heap before GC invocations=0 (full 0):
 garbage-first heap   total 163840K, used 6144K [0x0000000761e00000, 0x0000000800000000)
  region size 2048K, 4 young (8192K), 0 survivors (0K)
 Metaspace       used 543K, committed 704K, reserved 1056768K
  class space    used 47K, committed 128K, reserved 1048576K
}
Event: 0.899 GC heap after
{Heap after GC invocations=1 (full 0):
 garbage-first heap   total 163840K, used 5537K [0x0000000761e00000, 0x0000000800000000)
  region size 2048K, 1 young (2048K), 1 survivors (2048K)
 Metaspace       used 543K, committed 704K, reserved 1056768K
  class space    used 47K, committed 128K, reserved 1048576K
}
Event: 1.392 GC heap before
{Heap before GC invocations=1 (full 0):
 garbage-first heap   total 163840K, used 11681K [0x0000000761e00000, 0x0000000800000000)
  region size 2048K, 4 young (8192K), 1 survivors (2048K)
 Metaspace       used 5362K, committed 5632K, reserved 1056768K
  class space    used 637K, committed 768K, reserved 1048576K
}
Event: 1.397 GC heap after
{Heap after GC invocations=2 (full 0):
 garbage-first heap   total 163840K, used 7006K [0x0000000761e00000, 0x0000000800000000)
  region size 2048K, 1 young (2048K), 1 survivors (2048K)
 Metaspace       used 5362K, committed 5632K, reserved 1056768K
  class space    used 637K, committed 768K, reserved 1048576K
}

Dll operation events (12 events):
Event: 0.048 Loaded shared library C:\Users\1380e\.jdks\corretto-17.0.6\bin\java.dll
Event: 0.060 Loaded shared library C:\Users\1380e\.jdks\corretto-17.0.6\bin\jsvml.dll
Event: 0.588 Loaded shared library C:\Users\1380e\.jdks\corretto-17.0.6\bin\zip.dll
Event: 0.592 Loaded shared library C:\Users\1380e\.jdks\corretto-17.0.6\bin\instrument.dll
Event: 0.610 Loaded shared library C:\Users\1380e\.jdks\corretto-17.0.6\bin\net.dll
Event: 0.612 Loaded shared library C:\Users\1380e\.jdks\corretto-17.0.6\bin\nio.dll
Event: 0.617 Loaded shared library C:\Users\1380e\.jdks\corretto-17.0.6\bin\zip.dll
Event: 0.818 Loaded shared library C:\Program Files\JetBrains\IntelliJ IDEA 2022.3.2\bin\breakgen64.dll
Event: 0.826 Loaded shared library C:\Users\1380e\.jdks\corretto-17.0.6\bin\jimage.dll
Event: 0.936 Loaded shared library C:\Users\1380e\.jdks\corretto-17.0.6\bin\management.dll
Event: 0.951 Loaded shared library C:\Users\1380e\.jdks\corretto-17.0.6\bin\management_ext.dll
Event: 1.330 Loaded shared library C:\Users\1380e\.jdks\corretto-17.0.6\bin\verify.dll

Deoptimization events (0 events):
No events

Classes unloaded (0 events):
No events

Classes redefined (0 events):
No events

Internal exceptions (12 events):
Event: 0.903 Thread 0x0000014217d0ce20 Exception <a 'java/lang/NoSuchMethodError'{0x000000076bc1e458}: 'java.lang.Object java.lang.invoke.DirectMethodHandle$Holder.invokeStaticInit(java.lang.Object)'> (0x000000076bc1e458) 
thrown [s\src\hotspot\share\interpreter\linkResolver.cpp, line 759]
Event: 0.916 Thread 0x0000014217d0ce20 Exception <a 'java/lang/NoSuchMethodError'{0x000000076bc2b5d8}: 'void java.lang.invoke.DirectMethodHandle$Holder.invokeStatic(java.lang.Object, java.lang.Object)'> (0x000000076bc2b5d8) 
thrown [s\src\hotspot\share\interpreter\linkResolver.cpp, line 759]
Event: 0.958 Thread 0x00000142047a05d0 Exception <a 'java/lang/NoSuchMethodError'{0x000000076bcd6680}: 'int java.lang.invoke.DirectMethodHandle$Holder.invokeInterface(java.lang.Object, java.lang.Object)'> (0x000000076bcd6680) 
thrown [s\src\hotspot\share\interpreter\linkResolver.cpp, line 759]
Event: 0.959 Thread 0x00000142047a05d0 Exception <a 'java/lang/IncompatibleClassChangeError'{0x000000076bcd9c80}: Found class java.lang.Object, but interface was expected> (0x000000076bcd9c80) 
thrown [s\src\hotspot\share\interpreter\linkResolver.cpp, line 826]
Event: 1.060 Thread 0x00000142047a05d0 Exception <a 'java/lang/NoSuchMethodError'{0x000000076bda55c0}: 'int java.lang.invoke.DirectMethodHandle$Holder.invokeSpecial(java.lang.Object, java.lang.Object, java.lang.Object)'> (0x000000076bda55c0) 
thrown [s\src\hotspot\share\interpreter\linkResolver.cpp, line 759]
Event: 1.135 Thread 0x00000142047a05d0 Exception <a 'java/lang/NoSuchMethodError'{0x000000076ba9fe00}: 'void java.lang.invoke.DirectMethodHandle$Holder.invokeStatic(java.lang.Object, java.lang.Object, java.lang.Object)'> (0x000000076ba9fe00) 
thrown [s\src\hotspot\share\interpreter\linkResolver.cpp, line 759]
Event: 1.151 Thread 0x00000142047a05d0 Exception <a 'java/lang/NoSuchMethodError'{0x000000076badc9e8}: 'int java.lang.invoke.DirectMethodHandle$Holder.invokeSpecialIFC(java.lang.Object, java.lang.Object, java.lang.Object)'> (0x000000076badc9e8) 
thrown [s\src\hotspot\share\interpreter\linkResolver.cpp, line 759]
Event: 1.185 Thread 0x00000142047a05d0 Exception <a 'java/lang/NoSuchMethodError'{0x000000076bb525c8}: 'java.lang.Object java.lang.invoke.DirectMethodHandle$Holder.invokeStaticInit(java.lang.Object, int, int, int, int)'> (0x000000076bb525c8) 
thrown [s\src\hotspot\share\interpreter\linkResolver.cpp, line 759]
Event: 1.260 Thread 0x00000142047a05d0 Exception <a 'java/lang/NoSuchMethodError'{0x000000076bbcda40}: 'java.lang.Object java.lang.invoke.DirectMethodHandle$Holder.invokeStaticInit(java.lang.Object, java.lang.Object, int, int, int, int)'> (0x000000076bbcda40) 
thrown [s\src\hotspot\share\interpreter\linkResolver.cpp, line 759]
Event: 1.277 Thread 0x00000142047a05d0 Exception <a 'java/lang/ClassNotFoundException'{0x000000076bbebe30}: javax/management/remote/rmi/RMIServerImpl_Skel> (0x000000076bbebe30) 
thrown [s\src\hotspot\share\classfile\systemDictionary.cpp, line 256]
Event: 1.368 Thread 0x00000142047a05d0 Exception <a 'java/lang/ClassNotFoundException'{0x000000076b9a9330}: javax/smartcardio/CardPermission> (0x000000076b9a9330) 
thrown [s\src\hotspot\share\classfile\systemDictionary.cpp, line 256]
Event: 1.371 Thread 0x00000142047a05d0 Exception <a 'java/io/FileNotFoundException'{0x000000076b9b75d8}> (0x000000076b9b75d8) 
thrown [s\src\hotspot\share\prims\jni.cpp, line 516]

VM Operations (10 events):
Event: 0.855 Executing VM operation: HandshakeAllThreads
Event: 0.875 Executing VM operation: HandshakeAllThreads done
Event: 0.889 Executing VM operation: G1CollectForAllocation
Event: 0.900 Executing VM operation: G1CollectForAllocation done
Event: 0.983 Executing VM operation: HandshakeAllThreads
Event: 0.983 Executing VM operation: HandshakeAllThreads done
Event: 1.170 Executing VM operation: HandshakeAllThreads
Event: 1.170 Executing VM operation: HandshakeAllThreads done
Event: 1.392 Executing VM operation: G1CollectForAllocation
Event: 1.397 Executing VM operation: G1CollectForAllocation done

Events (20 events):
Event: 1.495 loading class java/util/IdentityHashMap$EntryIterator$Entry
Event: 1.495 loading class java/util/IdentityHashMap$EntryIterator$Entry done
Event: 1.495 loading class java/util/IdentityHashMap$ValueIterator
Event: 1.495 loading class java/util/IdentityHashMap$ValueIterator done
Event: 1.509 loading class java/net/URISyntaxException
Event: 1.509 loading class java/net/URISyntaxException done
Event: 1.510 loading class java/nio/file/NoSuchFileException
Event: 1.510 loading class java/nio/file/FileSystemException
Event: 1.510 loading class java/nio/file/FileSystemException done
Event: 1.510 loading class java/nio/file/NoSuchFileException done
Event: 1.511 loading class java/lang/UnsupportedOperationException
Event: 1.511 loading class java/lang/UnsupportedOperationException done
Event: 1.515 loading class sun/net/www/protocol/jar/JarURLConnection
Event: 1.516 loading class java/net/JarURLConnection
Event: 1.516 loading class java/net/JarURLConnection done
Event: 1.516 loading class sun/net/www/protocol/jar/JarURLConnection done
Event: 1.516 loading class sun/net/www/protocol/jar/JarFileFactory
Event: 1.516 loading class sun/net/www/protocol/jar/URLJarFile$URLJarFileCloseController
Event: 1.516 loading class sun/net/www/protocol/jar/URLJarFile$URLJarFileCloseController done
Event: 1.517 loading class sun/net/www/protocol/jar/JarFileFactory done


Dynamic libraries:
0x00007ff7157f0000 - 0x00007ff7157fd000 	C:\Users\1380e\.jdks\corretto-17.0.6\bin\java.exe
0x00007fff48650000 - 0x00007fff48864000 	C:\WINDOWS\SYSTEM32\ntdll.dll
0x00007fff47f20000 - 0x00007fff47fe2000 	C:\WINDOWS\System32\KERNEL32.DLL
0x00007fff45a90000 - 0x00007fff45e2c000 	C:\WINDOWS\System32\KERNELBASE.dll
0x00007fff45e60000 - 0x00007fff45f71000 	C:\WINDOWS\System32\ucrtbase.dll
0x00007fff34230000 - 0x00007fff34247000 	C:\Users\1380e\.jdks\corretto-17.0.6\bin\jli.dll
0x00007fff47ff0000 - 0x00007fff4819b000 	C:\WINDOWS\System32\USER32.dll
0x00007fff45e30000 - 0x00007fff45e56000 	C:\WINDOWS\System32\win32u.dll
0x00007fff484c0000 - 0x00007fff484e9000 	C:\WINDOWS\System32\GDI32.dll
0x00007fff462d0000 - 0x00007fff463e3000 	C:\WINDOWS\System32\gdi32full.dll
0x00007fff45f80000 - 0x00007fff4601a000 	C:\WINDOWS\System32\msvcp_win.dll
0x00007fff2e070000 - 0x00007fff2e085000 	C:\Users\1380e\.jdks\corretto-17.0.6\bin\VCRUNTIME140.dll
0x00007fff44d80000 - 0x00007fff4500e000 	C:\WINDOWS\WinSxS\amd64_microsoft.windows.common-controls_6595b64144ccf1df_6.0.22621.608_none_a9444ca7c10bb01d\COMCTL32.dll
0x00007fff46c50000 - 0x00007fff46cf7000 	C:\WINDOWS\System32\msvcrt.dll
0x00007fff46510000 - 0x00007fff46541000 	C:\WINDOWS\System32\IMM32.DLL
0x00007fff1c850000 - 0x00007fff1c8eb000 	C:\Users\1380e\.jdks\corretto-17.0.6\bin\msvcp140.dll
0x00007fff09ce0000 - 0x00007fff0a8f8000 	C:\Users\1380e\.jdks\corretto-17.0.6\bin\server\jvm.dll
0x00007fff46460000 - 0x00007fff4650e000 	C:\WINDOWS\System32\ADVAPI32.dll
0x00007fff47c40000 - 0x00007fff47ce4000 	C:\WINDOWS\System32\sechost.dll
0x00007fff47690000 - 0x00007fff477a7000 	C:\WINDOWS\System32\RPCRT4.dll
0x00007fff2b900000 - 0x00007fff2b909000 	C:\WINDOWS\SYSTEM32\WSOCK32.dll
0x00007fff46d00000 - 0x00007fff46d71000 	C:\WINDOWS\System32\WS2_32.dll
0x00007fff3d090000 - 0x00007fff3d0c4000 	C:\WINDOWS\SYSTEM32\WINMM.dll
0x00007fff3cc00000 - 0x00007fff3cc0a000 	C:\WINDOWS\SYSTEM32\VERSION.dll
0x00007fff44400000 - 0x00007fff44418000 	C:\WINDOWS\SYSTEM32\kernel.appcore.dll
0x00007fff3de60000 - 0x00007fff3de6a000 	C:\Users\1380e\.jdks\corretto-17.0.6\bin\jimage.dll
0x00007fff45320000 - 0x00007fff4554e000 	C:\WINDOWS\SYSTEM32\DBGHELP.DLL
0x00007fff477c0000 - 0x00007fff47b49000 	C:\WINDOWS\System32\combase.dll
0x00007fff47d00000 - 0x00007fff47dd7000 	C:\WINDOWS\System32\OLEAUT32.dll
0x00007fff451e0000 - 0x00007fff45212000 	C:\WINDOWS\SYSTEM32\dbgcore.DLL
0x00007fff46250000 - 0x00007fff462cb000 	C:\WINDOWS\System32\bcryptPrimitives.dll
0x00007fff31870000 - 0x00007fff3187e000 	C:\Users\1380e\.jdks\corretto-17.0.6\bin\instrument.dll
0x00007fff2dc50000 - 0x00007fff2dc75000 	C:\Users\1380e\.jdks\corretto-17.0.6\bin\java.dll
0x00007fff13620000 - 0x00007fff136f6000 	C:\Users\1380e\.jdks\corretto-17.0.6\bin\jsvml.dll
0x00007fff46ea0000 - 0x00007fff47690000 	C:\WINDOWS\System32\SHELL32.dll
0x00007fff431f0000 - 0x00007fff43abd000 	C:\WINDOWS\SYSTEM32\windows.storage.dll
0x00007fff430b0000 - 0x00007fff431ee000 	C:\WINDOWS\SYSTEM32\wintypes.dll
0x00007fff484f0000 - 0x00007fff485e1000 	C:\WINDOWS\System32\SHCORE.dll
0x00007fff47b50000 - 0x00007fff47bae000 	C:\WINDOWS\System32\shlwapi.dll
0x00007fff459c0000 - 0x00007fff459e1000 	C:\WINDOWS\SYSTEM32\profapi.dll
0x00007fff2dfc0000 - 0x00007fff2dfd8000 	C:\Users\1380e\.jdks\corretto-17.0.6\bin\zip.dll
0x00007fff2dc30000 - 0x00007fff2dc49000 	C:\Users\1380e\.jdks\corretto-17.0.6\bin\net.dll
0x00007fff3cdd0000 - 0x00007fff3cf07000 	C:\WINDOWS\SYSTEM32\WINHTTP.dll
0x00007fff44850000 - 0x00007fff448b9000 	C:\WINDOWS\system32\mswsock.dll
0x00007fff2c0a0000 - 0x00007fff2c0b5000 	C:\Users\1380e\.jdks\corretto-17.0.6\bin\nio.dll
0x00007fff305c0000 - 0x00007fff305da000 	C:\Program Files\JetBrains\IntelliJ IDEA 2022.3.2\bin\breakgen64.dll
0x00007fff43de0000 - 0x00007fff43ed3000 	C:\WINDOWS\SYSTEM32\DNSAPI.dll
0x00007fff43da0000 - 0x00007fff43dcd000 	C:\WINDOWS\SYSTEM32\IPHLPAPI.DLL
0x00007fff47cf0000 - 0x00007fff47cf9000 	C:\WINDOWS\System32\NSI.dll
0x00007fff38760000 - 0x00007fff3876a000 	C:\Windows\System32\rasadhlp.dll
0x00007fff3a600000 - 0x00007fff3a683000 	C:\WINDOWS\System32\fwpuclnt.dll
0x00007fff319e0000 - 0x00007fff319e9000 	C:\Users\1380e\.jdks\corretto-17.0.6\bin\management.dll
0x00007fff31810000 - 0x00007fff3181b000 	C:\Users\1380e\.jdks\corretto-17.0.6\bin\management_ext.dll
0x00007fff47c30000 - 0x00007fff47c38000 	C:\WINDOWS\System32\PSAPI.DLL
0x00007fff45640000 - 0x00007fff4565b000 	C:\WINDOWS\SYSTEM32\CRYPTSP.dll
0x00007fff44220000 - 0x00007fff44255000 	C:\WINDOWS\system32\rsaenh.dll
0x00007fff44ad0000 - 0x00007fff44af8000 	C:\WINDOWS\SYSTEM32\USERENV.dll
0x00007fff452f0000 - 0x00007fff45318000 	C:\WINDOWS\SYSTEM32\bcrypt.dll
0x00007fff44b00000 - 0x00007fff44b0c000 	C:\WINDOWS\SYSTEM32\CRYPTBASE.dll
0x00007fff3cbe0000 - 0x00007fff3cbf9000 	C:\WINDOWS\SYSTEM32\dhcpcsvc6.DLL
0x00007fff3cbc0000 - 0x00007fff3cbdf000 	C:\WINDOWS\SYSTEM32\dhcpcsvc.DLL
0x00007fff0f3f0000 - 0x00007fff0f407000 	C:\WINDOWS\system32\napinsp.dll
0x00007fff0f350000 - 0x00007fff0f36b000 	C:\WINDOWS\system32\pnrpnsp.dll
0x00007fff0f330000 - 0x00007fff0f341000 	C:\WINDOWS\System32\winrnr.dll
0x00007fff26260000 - 0x00007fff26275000 	C:\WINDOWS\system32\wshbth.dll
0x00007fff0b5f0000 - 0x00007fff0b611000 	C:\WINDOWS\system32\nlansp_c.dll
0x00007fff2de40000 - 0x00007fff2de50000 	C:\Users\1380e\.jdks\corretto-17.0.6\bin\verify.dll

dbghelp: loaded successfully - version: 4.0.5 - missing functions: none
symbol engine: initialized successfully - sym options: 0x614 - pdb path: .;C:\Users\1380e\.jdks\corretto-17.0.6\bin;C:\WINDOWS\SYSTEM32;C:\WINDOWS\WinSxS\amd64_microsoft.windows.common-controls_6595b64144ccf1df_6.0.22621.608_none_a9444ca7c10bb01d;C:\Users\1380e\.jdks\corretto-17.0.6\bin\server;C:\Program Files\JetBrains\IntelliJ IDEA 2022.3.2\bin

VM Arguments:
jvm_args: -XX:TieredStopAtLevel=1 -Dspring.output.ansi.enabled=always -Dcom.sun.management.jmxremote -Dspring.jmx.enabled=true -Dspring.liveBeansView.mbeanDomain -Dspring.application.admin.enabled=true -Dmanagement.endpoints.jmx.exposure.include=* -javaagent:C:\Program Files\JetBrains\IntelliJ IDEA 2022.3.2\lib\idea_rt.jar=52597:C:\Program Files\JetBrains\IntelliJ IDEA 2022.3.2\bin -Dfile.encoding=UTF-8 
java_command: ru.skypro.homework.HomeworkApplication
java_class_path (initial): C:\Users\1380e\IdeaProjects\example-for-graduate-work-main\graduate-work\target\classes;C:\Users\1380e\.m2\repository\org\springframework\boot\spring-boot-starter-web\2.7.10\spring-boot-starter-web-2.7.10.jar;C:\Users\1380e\.m2\repository\org\springframework\boot\spring-boot-starter\2.7.10\spring-boot-starter-2.7.10.jar;C:\Users\1380e\.m2\repository\org\springframework\boot\spring-boot\2.7.10\spring-boot-2.7.10.jar;C:\Users\1380e\.m2\repository\org\springframework\boot\spring-boot-autoconfigure\2.7.10\spring-boot-autoconfigure-2.7.10.jar;C:\Users\1380e\.m2\repository\org\springframework\boot\spring-boot-starter-logging\2.7.10\spring-boot-starter-logging-2.7.10.jar;C:\Users\1380e\.m2\repository\ch\qos\logback\logback-classic\1.2.11\logback-classic-1.2.11.jar;C:\Users\1380e\.m2\repository\ch\qos\logback\logback-core\1.2.11\logback-core-1.2.11.jar;C:\Users\1380e\.m2\repository\org\apache\logging\log4j\log4j-to-slf4j\2.17.2\log4j-to-slf4j-2.17.2.jar;C:\Users\1380e\.m2\repository\org\apache\logging\log4j\log4j-api\2.17.2\log4j-api-2.17.2.jar;C:\Users\1380e\.m2\repository\org\slf4j\jul-to-slf4j\1.7.36\jul-to-slf4j-1.7.36.jar;C:\Users\1380e\.m2\repository\jakarta\annotation\jakarta.annotation-api\1.3.5\jakarta.annotation-api-1.3.5.jar;C:\Users\1380e\.m2\repository\org\yaml\snakeyaml\1.30\snakeyaml-1.30.jar;C:\Users\1380e\.m2\repository\org\springframework\boot\spring-boot-starter-json\2.7.10\spring-boot-starter-json-2.7.10.jar;C:\Users\1380e\.m2\repository\com\fasterxml\jackson\core\jackson-databind\2.13.5\jackson-databind-2.13.5.jar;C:\Users\1380e\.m2\repository\com\fasterxml\jackson\core\jackson-annotations\2.13.5\jackson-annotations-2.13.5.jar;C:\Users\1380e\.m2\repository\com\fasterxml\jackson\datatype\jackson-datatype-jdk8\2.13.5\jackson-datatype-jdk8-2.13.5.jar;C:\Users\1380e\.m2\repository\com\fasterxml\jackson\datatype\jackson-datatype-jsr310\2.13.5\jackson-datatype-jsr310-2.13.5.jar;C:\Users\1380e\.m2\repository\com\fasterxml\jackson\m
Launcher Type: SUN_STANDARD

[Global flags]
     intx CICompilerCount                          = 2                                         {product} {ergonomic}
     uint ConcGCThreads                            = 1                                         {product} {ergonomic}
     uint G1ConcRefinementThreads                  = 2                                         {product} {ergonomic}
   size_t G1HeapRegionSize                         = 2097152                                   {product} {ergonomic}
    uintx GCDrainStackTargetSize                   = 64                                        {product} {ergonomic}
   size_t InitialHeapSize                          = 167772160                                 {product} {ergonomic}
     bool ManagementServer                         = true                                      {product} {command line}
   size_t MarkStackSize                            = 4194304                                   {product} {ergonomic}
   size_t MaxHeapSize                              = 2652897280                                {product} {ergonomic}
   size_t MaxNewSize                               = 1591738368                                {product} {ergonomic}
   size_t MinHeapDeltaBytes                        = 2097152                                   {product} {ergonomic}
   size_t MinHeapSize                              = 8388608                                   {product} {ergonomic}
    uintx NonProfiledCodeHeapSize                  = 0                                      {pd product} {ergonomic}
     bool ProfileInterpreter                       = false                                  {pd product} {command line}
    uintx ProfiledCodeHeapSize                     = 0                                      {pd product} {ergonomic}
   size_t SoftMaxHeapSize                          = 2652897280                             {manageable} {ergonomic}
     intx TieredStopAtLevel                        = 1                                         {product} {command line}
     bool UseCompressedClassPointers               = true                           {product lp64_product} {ergonomic}
     bool UseCompressedOops                        = true                           {product lp64_product} {ergonomic}
     bool UseG1GC                                  = true                                      {product} {ergonomic}
     bool UseLargePagesIndividualAllocation        = false                                  {pd product} {ergonomic}

Logging:
Log output configuration:
 #0: stdout all=warning uptime,level,tags
 #1: stderr all=off uptime,level,tags

Environment Variables:
PATH=C:\WINDOWS\system32;C:\WINDOWS;C:\WINDOWS\System32\Wbem;C:\WINDOWS\System32\WindowsPowerShell\v1.0\;C:\WINDOWS\System32\OpenSSH\;C:\Program Files\Docker\Docker\resources\bin;C:\Program Files\Git\cmd;C:\Users\1380e\AppData\Local\Microsoft\WindowsApps;;C:\Program Files\JetBrains\IntelliJ IDEA 2022.3.2\bin;
USERNAME=1380e
OS=Windows_NT
PROCESSOR_IDENTIFIER=AMD64 Family 23 Model 24 Stepping 1, AuthenticAMD
TMP=C:\Users\1380e\AppData\Local\Temp
TEMP=C:\Users\1380e\AppData\Local\Temp



---------------  S Y S T E M  ---------------

OS:
 Windows 11 , 64 bit Build 22621 (10.0.22621.1485)
OS uptime: 0 days 19:04 hours
Hyper-V role detected

CPU: total 2 (initial active 2) (2 cores per cpu, 1 threads per core) family 23 model 24 stepping 1 microcode 0x0, cx8, cmov, fxsr, mmx, 3dnowpref, sse, sse2, sse3, ssse3, sse4a, sse4.1, sse4.2, popcnt, lzcnt, tsc, tscinvbit, avx, avx2, aes, clmul, bmi1, bmi2, adx, sha, fma, vzeroupper, clflush, clflushopt, hv

Memory: 4k page, system-wide physical 10119M (953M free)
TotalPageFile size 13119M (AvailPageFile size 3M)
current process WorkingSet (physical memory assigned to process): 63M, peak: 63M
current process commit charge ("private bytes"): 240M, peak: 240M

vm_info: OpenJDK 64-Bit Server VM (17.0.6+10-LTS) for windows-amd64 JRE (17.0.6+10-LTS), built on Jan 13 2023 22:57:04 by "Administrator" with MS VC++ 15.9 (VS2017)

END.
