#
# There is insufficient memory for the Java Runtime Environment to continue.
# Native memory allocation (mmap) failed to map 65536 bytes for Failed to commit metaspace.
# Possible reasons:
#   The system is out of physical RAM or swap space
#   The process is running with CompressedOops enabled, and the Java Heap may be blocking the growth of the native heap
# Possible solutions:
#   Reduce memory load on the system
#   Increase physical memory or swap space
#   Check if swap backing store is full
#   Decrease Java heap size (-Xmx/-Xms)
#   Decrease number of Java threads
#   Decrease Java thread stack sizes (-Xss)
#   Set larger code cache with -XX:ReservedCodeCacheSize=
#   JVM is running with Zero Based Compressed Oops mode in which the Java heap is
#     placed in the first 32GB address space. The Java Heap base address is the
#     maximum limit for the native heap growth. Please use -XX:HeapBaseMinAddress
#     to set the Java Heap base and to place the Java Heap above 32GB virtual address.
# This output file may be truncated or incomplete.
#
#  Out of Memory Error (virtualSpaceNode.cpp:110), pid=7628, tid=15688
#
# JRE version: OpenJDK Runtime Environment Corretto-17.0.6.10.1 (17.0.6+10) (build 17.0.6+10-LTS)
# Java VM: OpenJDK 64-Bit Server VM Corretto-17.0.6.10.1 (17.0.6+10-LTS, mixed mode, emulated-client, sharing, tiered, compressed oops, compressed class ptrs, g1 gc, windows-amd64)
# No core dump will be written. Minidumps are not enabled by default on client versions of Windows
#

---------------  S U M M A R Y ------------

Command Line: -XX:TieredStopAtLevel=1 -Dspring.output.ansi.enabled=always -Dcom.sun.management.jmxremote -Dspring.jmx.enabled=true -Dspring.liveBeansView.mbeanDomain -Dspring.application.admin.enabled=true -Dmanagement.endpoints.jmx.exposure.include=* -javaagent:C:\Program Files\JetBrains\IntelliJ IDEA 2022.3.2\lib\idea_rt.jar=51723:C:\Program Files\JetBrains\IntelliJ IDEA 2022.3.2\bin -Dfile.encoding=UTF-8 ru.skypro.homework.HomeworkApplication

Host: AMD Athlon Silver 3050U with Radeon Graphics   , 2 cores, 9G,  Windows 11 , 64 bit Build 22621 (10.0.22621.1485)
Time: Tue Apr 18 18:46:18 2023  Windows 11 , 64 bit Build 22621 (10.0.22621.1485) elapsed time: 0.643136 seconds (0d 0h 0m 0s)

---------------  T H R E A D  ---------------

Current thread (0x0000021fd77a05d0):  JavaThread "main" [_thread_in_vm, id=15688, stack(0x000000df9da00000,0x000000df9db00000)]

Stack: [0x000000df9da00000,0x000000df9db00000]
Native frames: (J=compiled Java code, j=interpreted, Vv=VM code, C=native code)
V  [jvm.dll+0x64b39a]
V  [jvm.dll+0x7ff044]
V  [jvm.dll+0x8007fe]
V  [jvm.dll+0x800e53]
V  [jvm.dll+0x235848]
V  [jvm.dll+0x7fb10b]
V  [jvm.dll+0x5f23a6]
V  [jvm.dll+0x5f240a]
V  [jvm.dll+0x5f4b28]
V  [jvm.dll+0x5f2d5d]
V  [jvm.dll+0x22a2af]
V  [jvm.dll+0x5fc265]
V  [jvm.dll+0x1dd3b6]
V  [jvm.dll+0x1dd845]
V  [jvm.dll+0x1de281]
V  [jvm.dll+0x1d3e59]
V  [jvm.dll+0x5178f0]
V  [jvm.dll+0x1e3f77]
V  [jvm.dll+0x77c572]
V  [jvm.dll+0x77d891]
V  [jvm.dll+0x77e039]
V  [jvm.dll+0x1de4e7]
V  [jvm.dll+0x1d3e72]
V  [jvm.dll+0x5178f0]
V  [jvm.dll+0x1e3f77]
V  [jvm.dll+0x77c572]
V  [jvm.dll+0x77d891]
V  [jvm.dll+0x77dbc8]
V  [jvm.dll+0x22ddda]
V  [jvm.dll+0x369f6e]
C  0x0000021fdf2a99a4

Java frames: (J=compiled Java code, j=interpreted, Vv=VM code)
j  javax.management.remote.rmi.RMIConnectorServer.newJRMPServer(Ljava/util/Map;I)Ljavax/management/remote/rmi/RMIServerImpl;+26 java.management.rmi@17.0.6
j  javax.management.remote.rmi.RMIConnectorServer.newServer()Ljavax/management/remote/rmi/RMIServerImpl;+25 java.management.rmi@17.0.6
j  javax.management.remote.rmi.RMIConnectorServer.start()V+231 java.management.rmi@17.0.6
j  sun.management.jmxremote.ConnectorBootstrap.startLocalConnectorServer()Ljavax/management/remote/JMXConnectorServer;+290 jdk.management.agent@17.0.6
j  jdk.internal.agent.Agent.startLocalManagementAgent()V+13 jdk.management.agent@17.0.6
j  jdk.internal.agent.Agent.startAgent(Ljava/util/Properties;)V+58 jdk.management.agent@17.0.6
j  jdk.internal.agent.Agent.startAgent()V+20 jdk.management.agent@17.0.6
v  ~StubRoutines::call_stub

---------------  P R O C E S S  ---------------

Threads class SMR info:
_java_thread_list=0x0000021fea9b0b80, length=13, elements={
0x0000021fd77a05d0, 0x0000021fe9f25250, 0x0000021fe9f25e00, 0x0000021fe9f3b490,
0x0000021fe9f3de60, 0x0000021fe9f40820, 0x0000021fe9f411d0, 0x0000021fe9f41b80,
0x0000021fe9f79c60, 0x0000021fd785c2e0, 0x0000021fea96c1c0, 0x0000021fead0c7d0,
0x0000021fead64880
}

Java Threads: ( => current thread )
=>0x0000021fd77a05d0 JavaThread "main" [_thread_in_vm, id=15688, stack(0x000000df9da00000,0x000000df9db00000)]
  0x0000021fe9f25250 JavaThread "Reference Handler" daemon [_thread_blocked, id=15076, stack(0x000000df9e200000,0x000000df9e300000)]
  0x0000021fe9f25e00 JavaThread "Finalizer" daemon [_thread_blocked, id=3056, stack(0x000000df9e300000,0x000000df9e400000)]
  0x0000021fe9f3b490 JavaThread "Signal Dispatcher" daemon [_thread_blocked, id=12648, stack(0x000000df9e400000,0x000000df9e500000)]
  0x0000021fe9f3de60 JavaThread "Attach Listener" daemon [_thread_blocked, id=11716, stack(0x000000df9e500000,0x000000df9e600000)]
  0x0000021fe9f40820 JavaThread "Service Thread" daemon [_thread_blocked, id=612, stack(0x000000df9e600000,0x000000df9e700000)]
  0x0000021fe9f411d0 JavaThread "Monitor Deflation Thread" daemon [_thread_blocked, id=10712, stack(0x000000df9e700000,0x000000df9e800000)]
  0x0000021fe9f41b80 JavaThread "C1 CompilerThread0" daemon [_thread_blocked, id=4268, stack(0x000000df9e800000,0x000000df9e900000)]
  0x0000021fe9f79c60 JavaThread "Sweeper thread" daemon [_thread_blocked, id=8864, stack(0x000000df9e900000,0x000000df9ea00000)]
  0x0000021fd785c2e0 JavaThread "Common-Cleaner" daemon [_thread_blocked, id=5848, stack(0x000000df9ea00000,0x000000df9eb00000)]
  0x0000021fea96c1c0 JavaThread "C1 CompilerThread1" daemon [_thread_blocked, id=14952, stack(0x000000df9eb00000,0x000000df9ec00000)]
  0x0000021fead0c7d0 JavaThread "Monitor Ctrl-Break" daemon [_thread_in_native, id=11676, stack(0x000000df9ec00000,0x000000df9ed00000)]
  0x0000021fead64880 JavaThread "Notification Thread" daemon [_thread_blocked, id=11004, stack(0x000000df9ed00000,0x000000df9ee00000)]

Other Threads:
  0x0000021fe9f1f0c0 VMThread "VM Thread" [stack: 0x000000df9e100000,0x000000df9e200000] [id=16316]
  0x0000021fd77ec840 GCTaskThread "GC Thread#0" [stack: 0x000000df9dc00000,0x000000df9dd00000] [id=1256]
  0x0000021feadac980 GCTaskThread "GC Thread#1" [stack: 0x000000df9ee00000,0x000000df9ef00000] [id=6300]
  0x0000021fd77f7590 ConcurrentGCThread "G1 Main Marker" [stack: 0x000000df9dd00000,0x000000df9de00000] [id=11536]
  0x0000021fd77f8100 ConcurrentGCThread "G1 Conc#0" [stack: 0x000000df9de00000,0x000000df9df00000] [id=3436]
  0x0000021fd784df50 ConcurrentGCThread "G1 Refine#0" [stack: 0x000000df9df00000,0x000000df9e000000] [id=11916]
  0x0000021fd784ead0 ConcurrentGCThread "G1 Service" [stack: 0x000000df9e000000,0x000000df9e100000] [id=1324]

Threads with active compile tasks:

VM state: not at safepoint (normal execution)

VM Mutex/Monitor currently owned by a thread:  ([mutex/lock_event])
[0x0000021fd7799ef0] Metaspace_lock - owner thread: 0x0000021fd77a05d0

Heap address: 0x0000000761e00000, size: 2530 MB, Compressed Oops mode: Zero based, Oop shift amount: 3

CDS archive(s) mapped at: [0x0000000800000000-0x0000000800bc0000-0x0000000800bc0000), size 12320768, SharedBaseAddress: 0x0000000800000000, ArchiveRelocationMode: 0.
Compressed class space mapped at: 0x0000000800c00000-0x0000000840c00000, reserved size: 1073741824
Narrow klass base: 0x0000000800000000, Narrow klass shift: 0, Narrow klass range: 0x100000000

GC Precious Log:
 CPUs: 2 total, 2 available
 Memory: 10119M
 Large Page Support: Disabled
 NUMA Support: Disabled
 Compressed Oops: Enabled (Zero based)
 Heap Region Size: 2M
 Heap Min Capacity: 8M
 Heap Initial Capacity: 160M
 Heap Max Capacity: 2530M
 Pre-touch: Disabled
 Parallel Workers: 2
 Concurrent Workers: 1
 Concurrent Refinement Workers: 2
 Periodic GC: Disabled

Heap:
 garbage-first heap   total 163840K, used 5585K [0x0000000761e00000, 0x0000000800000000)
  region size 2048K, 2 young (4096K), 1 survivors (2048K)
 Metaspace       used 2967K, committed 3136K, reserved 1056768K
  class space    used 352K, committed 448K, reserved 1048576K

Heap Regions: E=young(eden), S=young(survivor), O=old, HS=humongous(starts), HC=humongous(continues), CS=collection set, F=free, OA=open archive, CA=closed archive, TAMS=top-at-mark-start (previous, next)
|   0|0x0000000761e00000, 0x0000000762000000, 0x0000000762000000|100%| O|  |TAMS 0x0000000761e00000, 0x0000000761e00000| Untracked 
|   1|0x0000000762000000, 0x0000000762174400, 0x0000000762200000| 72%| O|  |TAMS 0x0000000762000000, 0x0000000762000000| Untracked 
|   2|0x0000000762200000, 0x0000000762200000, 0x0000000762400000|  0%| F|  |TAMS 0x0000000762200000, 0x0000000762200000| Untracked 
|   3|0x0000000762400000, 0x0000000762400000, 0x0000000762600000|  0%| F|  |TAMS 0x0000000762400000, 0x0000000762400000| Untracked 
|   4|0x0000000762600000, 0x0000000762600000, 0x0000000762800000|  0%| F|  |TAMS 0x0000000762600000, 0x0000000762600000| Untracked 
|   5|0x0000000762800000, 0x0000000762800000, 0x0000000762a00000|  0%| F|  |TAMS 0x0000000762800000, 0x0000000762800000| Untracked 
|   6|0x0000000762a00000, 0x0000000762a00000, 0x0000000762c00000|  0%| F|  |TAMS 0x0000000762a00000, 0x0000000762a00000| Untracked 
|   7|0x0000000762c00000, 0x0000000762c00000, 0x0000000762e00000|  0%| F|  |TAMS 0x0000000762c00000, 0x0000000762c00000| Untracked 
|   8|0x0000000762e00000, 0x0000000762e00000, 0x0000000763000000|  0%| F|  |TAMS 0x0000000762e00000, 0x0000000762e00000| Untracked 
|   9|0x0000000763000000, 0x0000000763000000, 0x0000000763200000|  0%| F|  |TAMS 0x0000000763000000, 0x0000000763000000| Untracked 
|  10|0x0000000763200000, 0x0000000763200000, 0x0000000763400000|  0%| F|  |TAMS 0x0000000763200000, 0x0000000763200000| Untracked 
|  11|0x0000000763400000, 0x0000000763400000, 0x0000000763600000|  0%| F|  |TAMS 0x0000000763400000, 0x0000000763400000| Untracked 
|  12|0x0000000763600000, 0x0000000763600000, 0x0000000763800000|  0%| F|  |TAMS 0x0000000763600000, 0x0000000763600000| Untracked 
|  13|0x0000000763800000, 0x0000000763800000, 0x0000000763a00000|  0%| F|  |TAMS 0x0000000763800000, 0x0000000763800000| Untracked 
|  14|0x0000000763a00000, 0x0000000763a00000, 0x0000000763c00000|  0%| F|  |TAMS 0x0000000763a00000, 0x0000000763a00000| Untracked 
|  15|0x0000000763c00000, 0x0000000763c00000, 0x0000000763e00000|  0%| F|  |TAMS 0x0000000763c00000, 0x0000000763c00000| Untracked 
|  16|0x0000000763e00000, 0x0000000763e00000, 0x0000000764000000|  0%| F|  |TAMS 0x0000000763e00000, 0x0000000763e00000| Untracked 
|  17|0x0000000764000000, 0x0000000764000000, 0x0000000764200000|  0%| F|  |TAMS 0x0000000764000000, 0x0000000764000000| Untracked 
|  18|0x0000000764200000, 0x0000000764200000, 0x0000000764400000|  0%| F|  |TAMS 0x0000000764200000, 0x0000000764200000| Untracked 
|  19|0x0000000764400000, 0x0000000764400000, 0x0000000764600000|  0%| F|  |TAMS 0x0000000764400000, 0x0000000764400000| Untracked 
|  20|0x0000000764600000, 0x0000000764600000, 0x0000000764800000|  0%| F|  |TAMS 0x0000000764600000, 0x0000000764600000| Untracked 
|  21|0x0000000764800000, 0x0000000764800000, 0x0000000764a00000|  0%| F|  |TAMS 0x0000000764800000, 0x0000000764800000| Untracked 
|  22|0x0000000764a00000, 0x0000000764a00000, 0x0000000764c00000|  0%| F|  |TAMS 0x0000000764a00000, 0x0000000764a00000| Untracked 
|  23|0x0000000764c00000, 0x0000000764c00000, 0x0000000764e00000|  0%| F|  |TAMS 0x0000000764c00000, 0x0000000764c00000| Untracked 
|  24|0x0000000764e00000, 0x0000000764e00000, 0x0000000765000000|  0%| F|  |TAMS 0x0000000764e00000, 0x0000000764e00000| Untracked 
|  25|0x0000000765000000, 0x0000000765000000, 0x0000000765200000|  0%| F|  |TAMS 0x0000000765000000, 0x0000000765000000| Untracked 
|  26|0x0000000765200000, 0x0000000765200000, 0x0000000765400000|  0%| F|  |TAMS 0x0000000765200000, 0x0000000765200000| Untracked 
|  27|0x0000000765400000, 0x0000000765400000, 0x0000000765600000|  0%| F|  |TAMS 0x0000000765400000, 0x0000000765400000| Untracked 
|  28|0x0000000765600000, 0x0000000765600000, 0x0000000765800000|  0%| F|  |TAMS 0x0000000765600000, 0x0000000765600000| Untracked 
|  29|0x0000000765800000, 0x0000000765800000, 0x0000000765a00000|  0%| F|  |TAMS 0x0000000765800000, 0x0000000765800000| Untracked 
|  30|0x0000000765a00000, 0x0000000765a00000, 0x0000000765c00000|  0%| F|  |TAMS 0x0000000765a00000, 0x0000000765a00000| Untracked 
|  31|0x0000000765c00000, 0x0000000765c00000, 0x0000000765e00000|  0%| F|  |TAMS 0x0000000765c00000, 0x0000000765c00000| Untracked 
|  32|0x0000000765e00000, 0x0000000765e00000, 0x0000000766000000|  0%| F|  |TAMS 0x0000000765e00000, 0x0000000765e00000| Untracked 
|  33|0x0000000766000000, 0x0000000766000000, 0x0000000766200000|  0%| F|  |TAMS 0x0000000766000000, 0x0000000766000000| Untracked 
|  34|0x0000000766200000, 0x0000000766200000, 0x0000000766400000|  0%| F|  |TAMS 0x0000000766200000, 0x0000000766200000| Untracked 
|  35|0x0000000766400000, 0x0000000766400000, 0x0000000766600000|  0%| F|  |TAMS 0x0000000766400000, 0x0000000766400000| Untracked 
|  36|0x0000000766600000, 0x0000000766600000, 0x0000000766800000|  0%| F|  |TAMS 0x0000000766600000, 0x0000000766600000| Untracked 
|  37|0x0000000766800000, 0x0000000766800000, 0x0000000766a00000|  0%| F|  |TAMS 0x0000000766800000, 0x0000000766800000| Untracked 
|  38|0x0000000766a00000, 0x0000000766a00000, 0x0000000766c00000|  0%| F|  |TAMS 0x0000000766a00000, 0x0000000766a00000| Untracked 
|  39|0x0000000766c00000, 0x0000000766c00000, 0x0000000766e00000|  0%| F|  |TAMS 0x0000000766c00000, 0x0000000766c00000| Untracked 
|  40|0x0000000766e00000, 0x0000000766e00000, 0x0000000767000000|  0%| F|  |TAMS 0x0000000766e00000, 0x0000000766e00000| Untracked 
|  41|0x0000000767000000, 0x0000000767000000, 0x0000000767200000|  0%| F|  |TAMS 0x0000000767000000, 0x0000000767000000| Untracked 
|  42|0x0000000767200000, 0x0000000767200000, 0x0000000767400000|  0%| F|  |TAMS 0x0000000767200000, 0x0000000767200000| Untracked 
|  43|0x0000000767400000, 0x0000000767400000, 0x0000000767600000|  0%| F|  |TAMS 0x0000000767400000, 0x0000000767400000| Untracked 
|  44|0x0000000767600000, 0x0000000767600000, 0x0000000767800000|  0%| F|  |TAMS 0x0000000767600000, 0x0000000767600000| Untracked 
|  45|0x0000000767800000, 0x0000000767800000, 0x0000000767a00000|  0%| F|  |TAMS 0x0000000767800000, 0x0000000767800000| Untracked 
|  46|0x0000000767a00000, 0x0000000767a00000, 0x0000000767c00000|  0%| F|  |TAMS 0x0000000767a00000, 0x0000000767a00000| Untracked 
|  47|0x0000000767c00000, 0x0000000767c00000, 0x0000000767e00000|  0%| F|  |TAMS 0x0000000767c00000, 0x0000000767c00000| Untracked 
|  48|0x0000000767e00000, 0x0000000767e00000, 0x0000000768000000|  0%| F|  |TAMS 0x0000000767e00000, 0x0000000767e00000| Untracked 
|  49|0x0000000768000000, 0x0000000768000000, 0x0000000768200000|  0%| F|  |TAMS 0x0000000768000000, 0x0000000768000000| Untracked 
|  50|0x0000000768200000, 0x0000000768200000, 0x0000000768400000|  0%| F|  |TAMS 0x0000000768200000, 0x0000000768200000| Untracked 
|  51|0x0000000768400000, 0x0000000768400000, 0x0000000768600000|  0%| F|  |TAMS 0x0000000768400000, 0x0000000768400000| Untracked 
|  52|0x0000000768600000, 0x0000000768600000, 0x0000000768800000|  0%| F|  |TAMS 0x0000000768600000, 0x0000000768600000| Untracked 
|  53|0x0000000768800000, 0x0000000768800000, 0x0000000768a00000|  0%| F|  |TAMS 0x0000000768800000, 0x0000000768800000| Untracked 
|  54|0x0000000768a00000, 0x0000000768a00000, 0x0000000768c00000|  0%| F|  |TAMS 0x0000000768a00000, 0x0000000768a00000| Untracked 
|  55|0x0000000768c00000, 0x0000000768c00000, 0x0000000768e00000|  0%| F|  |TAMS 0x0000000768c00000, 0x0000000768c00000| Untracked 
|  56|0x0000000768e00000, 0x0000000768e00000, 0x0000000769000000|  0%| F|  |TAMS 0x0000000768e00000, 0x0000000768e00000| Untracked 
|  57|0x0000000769000000, 0x0000000769000000, 0x0000000769200000|  0%| F|  |TAMS 0x0000000769000000, 0x0000000769000000| Untracked 
|  58|0x0000000769200000, 0x0000000769200000, 0x0000000769400000|  0%| F|  |TAMS 0x0000000769200000, 0x0000000769200000| Untracked 
|  59|0x0000000769400000, 0x0000000769400000, 0x0000000769600000|  0%| F|  |TAMS 0x0000000769400000, 0x0000000769400000| Untracked 
|  60|0x0000000769600000, 0x0000000769600000, 0x0000000769800000|  0%| F|  |TAMS 0x0000000769600000, 0x0000000769600000| Untracked 
|  61|0x0000000769800000, 0x0000000769800000, 0x0000000769a00000|  0%| F|  |TAMS 0x0000000769800000, 0x0000000769800000| Untracked 
|  62|0x0000000769a00000, 0x0000000769a00000, 0x0000000769c00000|  0%| F|  |TAMS 0x0000000769a00000, 0x0000000769a00000| Untracked 
|  63|0x0000000769c00000, 0x0000000769c00000, 0x0000000769e00000|  0%| F|  |TAMS 0x0000000769c00000, 0x0000000769c00000| Untracked 
|  64|0x0000000769e00000, 0x0000000769e00000, 0x000000076a000000|  0%| F|  |TAMS 0x0000000769e00000, 0x0000000769e00000| Untracked 
|  65|0x000000076a000000, 0x000000076a000000, 0x000000076a200000|  0%| F|  |TAMS 0x000000076a000000, 0x000000076a000000| Untracked 
|  66|0x000000076a200000, 0x000000076a200000, 0x000000076a400000|  0%| F|  |TAMS 0x000000076a200000, 0x000000076a200000| Untracked 
|  67|0x000000076a400000, 0x000000076a400000, 0x000000076a600000|  0%| F|  |TAMS 0x000000076a400000, 0x000000076a400000| Untracked 
|  68|0x000000076a600000, 0x000000076a600000, 0x000000076a800000|  0%| F|  |TAMS 0x000000076a600000, 0x000000076a600000| Untracked 
|  69|0x000000076a800000, 0x000000076a800000, 0x000000076aa00000|  0%| F|  |TAMS 0x000000076a800000, 0x000000076a800000| Untracked 
|  70|0x000000076aa00000, 0x000000076aa00000, 0x000000076ac00000|  0%| F|  |TAMS 0x000000076aa00000, 0x000000076aa00000| Untracked 
|  71|0x000000076ac00000, 0x000000076ac00000, 0x000000076ae00000|  0%| F|  |TAMS 0x000000076ac00000, 0x000000076ac00000| Untracked 
|  72|0x000000076ae00000, 0x000000076ae00000, 0x000000076b000000|  0%| F|  |TAMS 0x000000076ae00000, 0x000000076ae00000| Untracked 
|  73|0x000000076b000000, 0x000000076b000000, 0x000000076b200000|  0%| F|  |TAMS 0x000000076b000000, 0x000000076b000000| Untracked 
|  74|0x000000076b200000, 0x000000076b200000, 0x000000076b400000|  0%| F|  |TAMS 0x000000076b200000, 0x000000076b200000| Untracked 
|  75|0x000000076b400000, 0x000000076b600000, 0x000000076b600000|100%| S|CS|TAMS 0x000000076b400000, 0x000000076b400000| Complete 
|  76|0x000000076b600000, 0x000000076b600000, 0x000000076b800000|  0%| F|  |TAMS 0x000000076b600000, 0x000000076b600000| Untracked 
|  77|0x000000076b800000, 0x000000076b800000, 0x000000076ba00000|  0%| F|  |TAMS 0x000000076b800000, 0x000000076b800000| Untracked 
|  78|0x000000076ba00000, 0x000000076ba00000, 0x000000076bc00000|  0%| F|  |TAMS 0x000000076ba00000, 0x000000076ba00000| Untracked 
|  79|0x000000076bc00000, 0x000000076bdf7318, 0x000000076be00000| 98%| E|  |TAMS 0x000000076bc00000, 0x000000076bc00000| Complete 

Card table byte_map: [0x0000021fe2290000,0x0000021fe2790000] _byte_map_base: 0x0000021fde781000

Marking Bits (Prev, Next): (CMBitMap*) 0x0000021fd77ece50, (CMBitMap*) 0x0000021fd77ece90
 Prev Bits: [0x0000021fe2c90000, 0x0000021fe5418000)
 Next Bits: [0x0000021fe5420000, 0x0000021fe7ba8000)

Polling page: 0x0000021fd56e0000

Metaspace:

Usage:
  Non-class:      2.55 MB used.
      Class:    352.97 KB used.
       Both:      2.90 MB used.

Virtual space:
  Non-class space:        8.00 MB reserved,       2.63 MB ( 33%) committed,  1 nodes.
      Class space:        1.00 GB reserved,     448.00 KB ( <1%) committed,  1 nodes.
             Both:        1.01 GB reserved,       3.06 MB ( <1%) committed. 

Chunk freelists:
   Non-Class:  3.93 MB
       Class:  3.59 MB
        Both:  7.52 MB

MaxMetaspaceSize: unlimited
CompressedClassSpaceSize: 1.00 GB
Initial GC threshold: 21.00 MB
Current GC threshold: 21.00 MB
CDS: on
MetaspaceReclaimPolicy: balanced
 - commit_granule_bytes: 65536.
 - commit_granule_words: 8192.
 - virtual_space_node_default_size: 1048576.
 - enlarge_chunks_in_place: 1.
 - new_chunks_are_fully_committed: 0.
 - uncommit_free_chunks: 1.
 - use_allocation_guard: 0.
 - handle_deallocations: 1.


Internal statistics:

num_allocs_failed_limit: 0.
num_arena_births: 66.
num_arena_deaths: 0.
num_vsnodes_births: 2.
num_vsnodes_deaths: 0.
num_space_committed: 49.
num_space_uncommitted: 0.
num_chunks_returned_to_freelist: 0.
num_chunks_taken_from_freelist: 73.
num_chunk_merges: 0.
num_chunk_splits: 48.
num_chunks_enlarged: 28.
num_purges: 0.
num_inconsistent_stats: 0.

CodeCache: size=49152Kb used=2578Kb max_used=2578Kb free=46574Kb
 bounds [0x0000021fdf290000, 0x0000021fdf520000, 0x0000021fe2290000]
 total_blobs=1133 nmethods=710 adapters=350
 compilation: enabled
              stopped_count=0, restarted_count=0
 full_count=0

Compilation events (20 events):
Event: 0.630 Thread 0x0000021fea96c1c0  700       1       sun.invoke.util.Wrapper::forBasicType (16 bytes)
Event: 0.630 Thread 0x0000021fea96c1c0 nmethod 700 0x0000021fdf511390 code [0x0000021fdf511540, 0x0000021fdf511648]
Event: 0.630 Thread 0x0000021fe9f41b80  701       1       java.lang.invoke.MemberName::getType (19 bytes)
Event: 0.630 Thread 0x0000021fe9f41b80 nmethod 701 0x0000021fdf511710 code [0x0000021fdf5118c0, 0x0000021fdf511a18]
Event: 0.630 Thread 0x0000021fea96c1c0  702       1       java.lang.invoke.MethodType::basicType (8 bytes)
Event: 0.631 Thread 0x0000021fea96c1c0 nmethod 702 0x0000021fdf511a90 code [0x0000021fdf511c20, 0x0000021fdf511cf8]
Event: 0.633 Thread 0x0000021fe9f41b80  703       1       java.util.logging.LogManager$LoggerContext::getOwner (5 bytes)
Event: 0.633 Thread 0x0000021fe9f41b80 nmethod 703 0x0000021fdf511d90 code [0x0000021fdf511f20, 0x0000021fdf511ff8]
Event: 0.634 Thread 0x0000021fea96c1c0  704       1       jdk.internal.org.objectweb.asm.AnnotationWriter::putAnnotations (67 bytes)
Event: 0.635 Thread 0x0000021fea96c1c0 nmethod 704 0x0000021fdf512090 code [0x0000021fdf5122a0, 0x0000021fdf512518]
Event: 0.637 Thread 0x0000021fe9f41b80  706       1       java.lang.Module::isNamed (13 bytes)
Event: 0.637 Thread 0x0000021fe9f41b80 nmethod 706 0x0000021fdf512b90 code [0x0000021fdf512d20, 0x0000021fdf512df8]
Event: 0.637 Thread 0x0000021fea96c1c0  707       1       jdk.internal.jimage.ImageLocation::readValue (61 bytes)
Event: 0.637 Thread 0x0000021fea96c1c0 nmethod 707 0x0000021fdf512e90 code [0x0000021fdf513040, 0x0000021fdf513218]
Event: 0.637 Thread 0x0000021fea96c1c0  708       1       java.util.concurrent.ConcurrentHashMap$ValueIterator::next (34 bytes)
Event: 0.638 Thread 0x0000021fea96c1c0 nmethod 708 0x0000021fdf513310 code [0x0000021fdf5134c0, 0x0000021fdf513678]
Event: 0.639 Thread 0x0000021fe9f41b80  709       1       java.lang.StringConcatHelper::simpleConcat (94 bytes)
Event: 0.639 Thread 0x0000021fea96c1c0  710       1       java.lang.StringConcatHelper::initialCoder (14 bytes)
Event: 0.639 Thread 0x0000021fea96c1c0 nmethod 710 0x0000021fdf513790 code [0x0000021fdf513920, 0x0000021fdf5139d8]
Event: 0.639 Thread 0x0000021fe9f41b80 nmethod 709 0x0000021fdf513a90 code [0x0000021fdf513ce0, 0x0000021fdf514448]

GC Heap History (2 events):
Event: 0.506 GC heap before
{Heap before GC invocations=0 (full 0):
 garbage-first heap   total 163840K, used 6144K [0x0000000761e00000, 0x0000000800000000)
  region size 2048K, 4 young (8192K), 0 survivors (0K)
 Metaspace       used 1902K, committed 2112K, reserved 1056768K
  class space    used 210K, committed 320K, reserved 1048576K
}
Event: 0.510 GC heap after
{Heap after GC invocations=1 (full 0):
 garbage-first heap   total 163840K, used 5585K [0x0000000761e00000, 0x0000000800000000)
  region size 2048K, 1 young (2048K), 1 survivors (2048K)
 Metaspace       used 1902K, committed 2112K, reserved 1056768K
  class space    used 210K, committed 320K, reserved 1048576K
}

Dll operation events (11 events):
Event: 0.029 Loaded shared library C:\Users\1380e\.jdks\corretto-17.0.6\bin\java.dll
Event: 0.077 Loaded shared library C:\Users\1380e\.jdks\corretto-17.0.6\bin\jsvml.dll
Event: 0.259 Loaded shared library C:\Users\1380e\.jdks\corretto-17.0.6\bin\zip.dll
Event: 0.264 Loaded shared library C:\Users\1380e\.jdks\corretto-17.0.6\bin\instrument.dll
Event: 0.271 Loaded shared library C:\Users\1380e\.jdks\corretto-17.0.6\bin\net.dll
Event: 0.273 Loaded shared library C:\Users\1380e\.jdks\corretto-17.0.6\bin\nio.dll
Event: 0.276 Loaded shared library C:\Users\1380e\.jdks\corretto-17.0.6\bin\zip.dll
Event: 0.401 Loaded shared library C:\Program Files\JetBrains\IntelliJ IDEA 2022.3.2\bin\breakgen64.dll
Event: 0.407 Loaded shared library C:\Users\1380e\.jdks\corretto-17.0.6\bin\jimage.dll
Event: 0.445 Loaded shared library C:\Users\1380e\.jdks\corretto-17.0.6\bin\management.dll
Event: 0.460 Loaded shared library C:\Users\1380e\.jdks\corretto-17.0.6\bin\management_ext.dll

Deoptimization events (0 events):
No events

Classes unloaded (0 events):
No events

Classes redefined (0 events):
No events

Internal exceptions (7 events):
Event: 0.409 Thread 0x0000021fead0c7d0 Exception <a 'java/lang/NoSuchMethodError'{0x000000076b767e40}: 'java.lang.Object java.lang.invoke.DirectMethodHandle$Holder.invokeStaticInit(java.lang.Object)'> (0x000000076b767e40) 
thrown [s\src\hotspot\share\interpreter\linkResolver.cpp, line 759]
Event: 0.420 Thread 0x0000021fead0c7d0 Exception <a 'java/lang/NoSuchMethodError'{0x000000076b775bc0}: 'void java.lang.invoke.DirectMethodHandle$Holder.invokeStatic(java.lang.Object, java.lang.Object)'> (0x000000076b775bc0) 
thrown [s\src\hotspot\share\interpreter\linkResolver.cpp, line 759]
Event: 0.466 Thread 0x0000021fd77a05d0 Exception <a 'java/lang/NoSuchMethodError'{0x000000076b7a7fa0}: 'int java.lang.invoke.DirectMethodHandle$Holder.invokeInterface(java.lang.Object, java.lang.Object)'> (0x000000076b7a7fa0) 
thrown [s\src\hotspot\share\interpreter\linkResolver.cpp, line 759]
Event: 0.467 Thread 0x0000021fd77a05d0 Exception <a 'java/lang/IncompatibleClassChangeError'{0x000000076b7ab5a0}: Found class java.lang.Object, but interface was expected> (0x000000076b7ab5a0) 
thrown [s\src\hotspot\share\interpreter\linkResolver.cpp, line 826]
Event: 0.558 Thread 0x0000021fd77a05d0 Exception <a 'java/lang/NoSuchMethodError'{0x000000076bc86740}: 'int java.lang.invoke.DirectMethodHandle$Holder.invokeSpecial(java.lang.Object, java.lang.Object, java.lang.Object)'> (0x000000076bc86740) 
thrown [s\src\hotspot\share\interpreter\linkResolver.cpp, line 759]
Event: 0.621 Thread 0x0000021fd77a05d0 Exception <a 'java/lang/NoSuchMethodError'{0x000000076bd90278}: 'void java.lang.invoke.DirectMethodHandle$Holder.invokeStatic(java.lang.Object, java.lang.Object, java.lang.Object)'> (0x000000076bd90278) 
thrown [s\src\hotspot\share\interpreter\linkResolver.cpp, line 759]
Event: 0.634 Thread 0x0000021fd77a05d0 Exception <a 'java/lang/NoSuchMethodError'{0x000000076bdccff8}: 'int java.lang.invoke.DirectMethodHandle$Holder.invokeSpecialIFC(java.lang.Object, java.lang.Object, java.lang.Object)'> (0x000000076bdccff8) 
thrown [s\src\hotspot\share\interpreter\linkResolver.cpp, line 759]

VM Operations (8 events):
Event: 0.242 Executing VM operation: HandshakeAllThreads
Event: 0.242 Executing VM operation: HandshakeAllThreads done
Event: 0.407 Executing VM operation: HandshakeAllThreads
Event: 0.407 Executing VM operation: HandshakeAllThreads done
Event: 0.472 Executing VM operation: HandshakeAllThreads
Event: 0.473 Executing VM operation: HandshakeAllThreads done
Event: 0.505 Executing VM operation: G1CollectForAllocation
Event: 0.510 Executing VM operation: G1CollectForAllocation done

Events (20 events):
Event: 0.636 loading class javax/management/remote/JMXConnectorServerMBean done
Event: 0.636 loading class javax/management/remote/JMXAddressable
Event: 0.636 loading class javax/management/remote/JMXAddressable done
Event: 0.636 loading class javax/management/remote/JMXConnectorServer done
Event: 0.636 loading class javax/management/remote/JMXConnectorProvider
Event: 0.636 loading class javax/management/remote/JMXConnectorProvider done
Event: 0.636 loading class java/util/ServiceLoader$ProviderSpliterator
Event: 0.637 loading class java/util/ServiceLoader$ProviderSpliterator done
Event: 0.637 loading class javax/management/remote/JMXConnectorFactory$ProviderFinder
Event: 0.637 loading class javax/management/remote/JMXConnectorFactory$ProviderFinder done
Event: 0.637 loading class com/sun/jmx/remote/protocol/rmi/ServerProvider
Event: 0.637 loading class com/sun/jmx/remote/protocol/rmi/ServerProvider done
Event: 0.638 loading class javax/management/remote/rmi/RMIConnectorServer
Event: 0.638 loading class javax/management/remote/rmi/RMIConnectorServer done
Event: 0.639 loading class javax/management/remote/rmi/RMIJRMPServerImpl
Event: 0.639 loading class javax/management/remote/rmi/RMIServerImpl
Event: 0.639 loading class javax/management/remote/rmi/RMIServer
Event: 0.639 loading class java/rmi/Remote
Event: 0.639 loading class java/rmi/Remote done
Event: 0.639 loading class javax/management/remote/rmi/RMIServer done


Dynamic libraries:
0x00007ff7157f0000 - 0x00007ff7157fd000 	C:\Users\1380e\.jdks\corretto-17.0.6\bin\java.exe
0x00007fff48650000 - 0x00007fff48864000 	C:\WINDOWS\SYSTEM32\ntdll.dll
0x00007fff47f20000 - 0x00007fff47fe2000 	C:\WINDOWS\System32\KERNEL32.DLL
0x00007fff45a90000 - 0x00007fff45e2c000 	C:\WINDOWS\System32\KERNELBASE.dll
0x00007fff45e60000 - 0x00007fff45f71000 	C:\WINDOWS\System32\ucrtbase.dll
0x00007fff34230000 - 0x00007fff34247000 	C:\Users\1380e\.jdks\corretto-17.0.6\bin\jli.dll
0x00007fff47ff0000 - 0x00007fff4819b000 	C:\WINDOWS\System32\USER32.dll
0x00007fff45e30000 - 0x00007fff45e56000 	C:\WINDOWS\System32\win32u.dll
0x00007fff484c0000 - 0x00007fff484e9000 	C:\WINDOWS\System32\GDI32.dll
0x00007fff462d0000 - 0x00007fff463e3000 	C:\WINDOWS\System32\gdi32full.dll
0x00007fff45f80000 - 0x00007fff4601a000 	C:\WINDOWS\System32\msvcp_win.dll
0x00007fff2e070000 - 0x00007fff2e085000 	C:\Users\1380e\.jdks\corretto-17.0.6\bin\VCRUNTIME140.dll
0x00007fff44d80000 - 0x00007fff4500e000 	C:\WINDOWS\WinSxS\amd64_microsoft.windows.common-controls_6595b64144ccf1df_6.0.22621.608_none_a9444ca7c10bb01d\COMCTL32.dll
0x00007fff46c50000 - 0x00007fff46cf7000 	C:\WINDOWS\System32\msvcrt.dll
0x00007fff46510000 - 0x00007fff46541000 	C:\WINDOWS\System32\IMM32.DLL
0x00007fff1c850000 - 0x00007fff1c8eb000 	C:\Users\1380e\.jdks\corretto-17.0.6\bin\msvcp140.dll
0x00007fff09ce0000 - 0x00007fff0a8f8000 	C:\Users\1380e\.jdks\corretto-17.0.6\bin\server\jvm.dll
0x00007fff46460000 - 0x00007fff4650e000 	C:\WINDOWS\System32\ADVAPI32.dll
0x00007fff47c40000 - 0x00007fff47ce4000 	C:\WINDOWS\System32\sechost.dll
0x00007fff47690000 - 0x00007fff477a7000 	C:\WINDOWS\System32\RPCRT4.dll
0x00007fff2b900000 - 0x00007fff2b909000 	C:\WINDOWS\SYSTEM32\WSOCK32.dll
0x00007fff46d00000 - 0x00007fff46d71000 	C:\WINDOWS\System32\WS2_32.dll
0x00007fff3d090000 - 0x00007fff3d0c4000 	C:\WINDOWS\SYSTEM32\WINMM.dll
0x00007fff3cc00000 - 0x00007fff3cc0a000 	C:\WINDOWS\SYSTEM32\VERSION.dll
0x00007fff44400000 - 0x00007fff44418000 	C:\WINDOWS\SYSTEM32\kernel.appcore.dll
0x00007fff3de60000 - 0x00007fff3de6a000 	C:\Users\1380e\.jdks\corretto-17.0.6\bin\jimage.dll
0x00007fff45320000 - 0x00007fff4554e000 	C:\WINDOWS\SYSTEM32\DBGHELP.DLL
0x00007fff477c0000 - 0x00007fff47b49000 	C:\WINDOWS\System32\combase.dll
0x00007fff47d00000 - 0x00007fff47dd7000 	C:\WINDOWS\System32\OLEAUT32.dll
0x00007fff451e0000 - 0x00007fff45212000 	C:\WINDOWS\SYSTEM32\dbgcore.DLL
0x00007fff46250000 - 0x00007fff462cb000 	C:\WINDOWS\System32\bcryptPrimitives.dll
0x00007fff34220000 - 0x00007fff3422e000 	C:\Users\1380e\.jdks\corretto-17.0.6\bin\instrument.dll
0x00007fff2dc50000 - 0x00007fff2dc75000 	C:\Users\1380e\.jdks\corretto-17.0.6\bin\java.dll
0x00007fff13620000 - 0x00007fff136f6000 	C:\Users\1380e\.jdks\corretto-17.0.6\bin\jsvml.dll
0x00007fff46ea0000 - 0x00007fff47690000 	C:\WINDOWS\System32\SHELL32.dll
0x00007fff431f0000 - 0x00007fff43abd000 	C:\WINDOWS\SYSTEM32\windows.storage.dll
0x00007fff430b0000 - 0x00007fff431ee000 	C:\WINDOWS\SYSTEM32\wintypes.dll
0x00007fff484f0000 - 0x00007fff485e1000 	C:\WINDOWS\System32\SHCORE.dll
0x00007fff47b50000 - 0x00007fff47bae000 	C:\WINDOWS\System32\shlwapi.dll
0x00007fff459c0000 - 0x00007fff459e1000 	C:\WINDOWS\SYSTEM32\profapi.dll
0x00007fff2dfc0000 - 0x00007fff2dfd8000 	C:\Users\1380e\.jdks\corretto-17.0.6\bin\zip.dll
0x00007fff2dc30000 - 0x00007fff2dc49000 	C:\Users\1380e\.jdks\corretto-17.0.6\bin\net.dll
0x00007fff3cdd0000 - 0x00007fff3cf07000 	C:\WINDOWS\SYSTEM32\WINHTTP.dll
0x00007fff44850000 - 0x00007fff448b9000 	C:\WINDOWS\system32\mswsock.dll
0x00007fff2c0a0000 - 0x00007fff2c0b5000 	C:\Users\1380e\.jdks\corretto-17.0.6\bin\nio.dll
0x00007fff14960000 - 0x00007fff1497a000 	C:\Program Files\JetBrains\IntelliJ IDEA 2022.3.2\bin\breakgen64.dll
0x00007fff43de0000 - 0x00007fff43ed3000 	C:\WINDOWS\SYSTEM32\DNSAPI.dll
0x00007fff43da0000 - 0x00007fff43dcd000 	C:\WINDOWS\SYSTEM32\IPHLPAPI.DLL
0x00007fff47cf0000 - 0x00007fff47cf9000 	C:\WINDOWS\System32\NSI.dll
0x00007fff38760000 - 0x00007fff3876a000 	C:\Windows\System32\rasadhlp.dll
0x00007fff3a600000 - 0x00007fff3a683000 	C:\WINDOWS\System32\fwpuclnt.dll
0x00007fff319e0000 - 0x00007fff319e9000 	C:\Users\1380e\.jdks\corretto-17.0.6\bin\management.dll
0x00007fff31830000 - 0x00007fff3183b000 	C:\Users\1380e\.jdks\corretto-17.0.6\bin\management_ext.dll
0x00007fff47c30000 - 0x00007fff47c38000 	C:\WINDOWS\System32\PSAPI.DLL

dbghelp: loaded successfully - version: 4.0.5 - missing functions: none
symbol engine: initialized successfully - sym options: 0x614 - pdb path: .;C:\Users\1380e\.jdks\corretto-17.0.6\bin;C:\WINDOWS\SYSTEM32;C:\WINDOWS\WinSxS\amd64_microsoft.windows.common-controls_6595b64144ccf1df_6.0.22621.608_none_a9444ca7c10bb01d;C:\Users\1380e\.jdks\corretto-17.0.6\bin\server;C:\Program Files\JetBrains\IntelliJ IDEA 2022.3.2\bin

VM Arguments:
jvm_args: -XX:TieredStopAtLevel=1 -Dspring.output.ansi.enabled=always -Dcom.sun.management.jmxremote -Dspring.jmx.enabled=true -Dspring.liveBeansView.mbeanDomain -Dspring.application.admin.enabled=true -Dmanagement.endpoints.jmx.exposure.include=* -javaagent:C:\Program Files\JetBrains\IntelliJ IDEA 2022.3.2\lib\idea_rt.jar=51723:C:\Program Files\JetBrains\IntelliJ IDEA 2022.3.2\bin -Dfile.encoding=UTF-8 
java_command: ru.skypro.homework.HomeworkApplication
java_class_path (initial): C:\Users\1380e\IdeaProjects\example-for-graduate-work-main\graduate-work\target\classes;C:\Users\1380e\.m2\repository\org\springframework\boot\spring-boot-starter-web\2.7.10\spring-boot-starter-web-2.7.10.jar;C:\Users\1380e\.m2\repository\org\springframework\boot\spring-boot-starter\2.7.10\spring-boot-starter-2.7.10.jar;C:\Users\1380e\.m2\repository\org\springframework\boot\spring-boot\2.7.10\spring-boot-2.7.10.jar;C:\Users\1380e\.m2\repository\org\springframework\boot\spring-boot-autoconfigure\2.7.10\spring-boot-autoconfigure-2.7.10.jar;C:\Users\1380e\.m2\repository\org\springframework\boot\spring-boot-starter-logging\2.7.10\spring-boot-starter-logging-2.7.10.jar;C:\Users\1380e\.m2\repository\ch\qos\logback\logback-classic\1.2.11\logback-classic-1.2.11.jar;C:\Users\1380e\.m2\repository\ch\qos\logback\logback-core\1.2.11\logback-core-1.2.11.jar;C:\Users\1380e\.m2\repository\org\apache\logging\log4j\log4j-to-slf4j\2.17.2\log4j-to-slf4j-2.17.2.jar;C:\Users\1380e\.m2\repository\org\apache\logging\log4j\log4j-api\2.17.2\log4j-api-2.17.2.jar;C:\Users\1380e\.m2\repository\org\slf4j\jul-to-slf4j\1.7.36\jul-to-slf4j-1.7.36.jar;C:\Users\1380e\.m2\repository\jakarta\annotation\jakarta.annotation-api\1.3.5\jakarta.annotation-api-1.3.5.jar;C:\Users\1380e\.m2\repository\org\yaml\snakeyaml\1.30\snakeyaml-1.30.jar;C:\Users\1380e\.m2\repository\org\springframework\boot\spring-boot-starter-json\2.7.10\spring-boot-starter-json-2.7.10.jar;C:\Users\1380e\.m2\repository\com\fasterxml\jackson\core\jackson-databind\2.13.5\jackson-databind-2.13.5.jar;C:\Users\1380e\.m2\repository\com\fasterxml\jackson\core\jackson-annotations\2.13.5\jackson-annotations-2.13.5.jar;C:\Users\1380e\.m2\repository\com\fasterxml\jackson\datatype\jackson-datatype-jdk8\2.13.5\jackson-datatype-jdk8-2.13.5.jar;C:\Users\1380e\.m2\repository\com\fasterxml\jackson\datatype\jackson-datatype-jsr310\2.13.5\jackson-datatype-jsr310-2.13.5.jar;C:\Users\1380e\.m2\repository\com\fasterxml\jackson\m
Launcher Type: SUN_STANDARD

[Global flags]
     intx CICompilerCount                          = 2                                         {product} {ergonomic}
     uint ConcGCThreads                            = 1                                         {product} {ergonomic}
     uint G1ConcRefinementThreads                  = 2                                         {product} {ergonomic}
   size_t G1HeapRegionSize                         = 2097152                                   {product} {ergonomic}
    uintx GCDrainStackTargetSize                   = 64                                        {product} {ergonomic}
   size_t InitialHeapSize                          = 167772160                                 {product} {ergonomic}
     bool ManagementServer                         = true                                      {product} {command line}
   size_t MarkStackSize                            = 4194304                                   {product} {ergonomic}
   size_t MaxHeapSize                              = 2652897280                                {product} {ergonomic}
   size_t MaxNewSize                               = 1591738368                                {product} {ergonomic}
   size_t MinHeapDeltaBytes                        = 2097152                                   {product} {ergonomic}
   size_t MinHeapSize                              = 8388608                                   {product} {ergonomic}
    uintx NonProfiledCodeHeapSize                  = 0                                      {pd product} {ergonomic}
     bool ProfileInterpreter                       = false                                  {pd product} {command line}
    uintx ProfiledCodeHeapSize                     = 0                                      {pd product} {ergonomic}
   size_t SoftMaxHeapSize                          = 2652897280                             {manageable} {ergonomic}
     intx TieredStopAtLevel                        = 1                                         {product} {command line}
     bool UseCompressedClassPointers               = true                           {product lp64_product} {ergonomic}
     bool UseCompressedOops                        = true                           {product lp64_product} {ergonomic}
     bool UseG1GC                                  = true                                      {product} {ergonomic}
     bool UseLargePagesIndividualAllocation        = false                                  {pd product} {ergonomic}

Logging:
Log output configuration:
 #0: stdout all=warning uptime,level,tags
 #1: stderr all=off uptime,level,tags

Environment Variables:
PATH=C:\WINDOWS\system32;C:\WINDOWS;C:\WINDOWS\System32\Wbem;C:\WINDOWS\System32\WindowsPowerShell\v1.0\;C:\WINDOWS\System32\OpenSSH\;C:\Program Files\Docker\Docker\resources\bin;C:\Program Files\Git\cmd;C:\Users\1380e\AppData\Local\Microsoft\WindowsApps;;C:\Program Files\JetBrains\IntelliJ IDEA 2022.3.2\bin;
USERNAME=1380e
OS=Windows_NT
PROCESSOR_IDENTIFIER=AMD64 Family 23 Model 24 Stepping 1, AuthenticAMD
TMP=C:\Users\1380e\AppData\Local\Temp
TEMP=C:\Users\1380e\AppData\Local\Temp



---------------  S Y S T E M  ---------------

OS:
 Windows 11 , 64 bit Build 22621 (10.0.22621.1485)
OS uptime: 0 days 18:09 hours
Hyper-V role detected

CPU: total 2 (initial active 2) (2 cores per cpu, 1 threads per core) family 23 model 24 stepping 1 microcode 0x0, cx8, cmov, fxsr, mmx, 3dnowpref, sse, sse2, sse3, ssse3, sse4a, sse4.1, sse4.2, popcnt, lzcnt, tsc, tscinvbit, avx, avx2, aes, clmul, bmi1, bmi2, adx, sha, fma, vzeroupper, clflush, clflushopt, hv

Memory: 4k page, system-wide physical 10119M (971M free)
TotalPageFile size 13119M (AvailPageFile size 4M)
current process WorkingSet (physical memory assigned to process): 52M, peak: 52M
current process commit charge ("private bytes"): 233M, peak: 233M

vm_info: OpenJDK 64-Bit Server VM (17.0.6+10-LTS) for windows-amd64 JRE (17.0.6+10-LTS), built on Jan 13 2023 22:57:04 by "Administrator" with MS VC++ 15.9 (VS2017)

END.
