#
# There is insufficient memory for the Java Runtime Environment to continue.
# Native memory allocation (mmap) failed to map 65536 bytes for Failed to commit metaspace.
# Possible reasons:
#   The system is out of physical RAM or swap space
#   The process is running with CompressedOops enabled, and the Java Heap may be blocking the growth of the native heap
# Possible solutions:
#   Reduce memory load on the system
#   Increase physical memory or swap space
#   Check if swap backing store is full
#   Decrease Java heap size (-Xmx/-Xms)
#   Decrease number of Java threads
#   Decrease Java thread stack sizes (-Xss)
#   Set larger code cache with -XX:ReservedCodeCacheSize=
#   JVM is running with Zero Based Compressed Oops mode in which the Java heap is
#     placed in the first 32GB address space. The Java Heap base address is the
#     maximum limit for the native heap growth. Please use -XX:HeapBaseMinAddress
#     to set the Java Heap base and to place the Java Heap above 32GB virtual address.
# This output file may be truncated or incomplete.
#
#  Out of Memory Error (virtualSpaceNode.cpp:110), pid=1328, tid=16216
#
# JRE version: OpenJDK Runtime Environment Corretto-17.0.6.10.1 (17.0.6+10) (build 17.0.6+10-LTS)
# Java VM: OpenJDK 64-Bit Server VM Corretto-17.0.6.10.1 (17.0.6+10-LTS, mixed mode, emulated-client, sharing, tiered, compressed oops, compressed class ptrs, g1 gc, windows-amd64)
# No core dump will be written. Minidumps are not enabled by default on client versions of Windows
#

---------------  S U M M A R Y ------------

Command Line: -XX:TieredStopAtLevel=1 -Dspring.output.ansi.enabled=always -Dcom.sun.management.jmxremote -Dspring.jmx.enabled=true -Dspring.liveBeansView.mbeanDomain -Dspring.application.admin.enabled=true -Dmanagement.endpoints.jmx.exposure.include=* -javaagent:C:\Program Files\JetBrains\IntelliJ IDEA 2022.3.2\lib\idea_rt.jar=55315:C:\Program Files\JetBrains\IntelliJ IDEA 2022.3.2\bin -Dfile.encoding=UTF-8 ru.skypro.homework.HomeworkApplication

Host: AMD Athlon Silver 3050U with Radeon Graphics   , 2 cores, 9G,  Windows 11 , 64 bit Build 22621 (10.0.22621.1485)
Time: Wed Apr 19 00:29:41 2023  Windows 11 , 64 bit Build 22621 (10.0.22621.1485) elapsed time: 15.246658 seconds (0d 0h 0m 15s)

---------------  T H R E A D  ---------------

Current thread (0x000001d5cdf51240):  JavaThread "main" [_thread_in_vm, id=16216, stack(0x00000054a0300000,0x00000054a0400000)]

Stack: [0x00000054a0300000,0x00000054a0400000]
Native frames: (J=compiled Java code, j=interpreted, Vv=VM code, C=native code)
V  [jvm.dll+0x64b39a]
V  [jvm.dll+0x7ff044]
V  [jvm.dll+0x8007fe]
V  [jvm.dll+0x800e53]
V  [jvm.dll+0x235848]
V  [jvm.dll+0x7fb10b]
V  [jvm.dll+0x5f23a6]
V  [jvm.dll+0x1b4e8e]
V  [jvm.dll+0x5f4bf4]
V  [jvm.dll+0x5f2d5d]
V  [jvm.dll+0x22b563]
V  [jvm.dll+0x1ddcee]
V  [jvm.dll+0x1d3e59]
V  [jvm.dll+0x5178f0]
V  [jvm.dll+0x77d0ac]
V  [jvm.dll+0x77d194]
V  [jvm.dll+0x3f0f15]
V  [jvm.dll+0x3f6b81]
C  [java.dll+0x17ec]

Java frames: (J=compiled Java code, j=interpreted, Vv=VM code)
J 1192  java.lang.ClassLoader.defineClass1(Ljava/lang/ClassLoader;Ljava/lang/String;[BIILjava/security/ProtectionDomain;Ljava/lang/String;)Ljava/lang/Class; java.base@17.0.6 (0 bytes) @ 0x000001d5d5d96263 [0x000001d5d5d961a0+0x00000000000000c3]
J 1215 c1 java.lang.ClassLoader.defineClass(Ljava/lang/String;[BIILjava/security/ProtectionDomain;)Ljava/lang/Class; java.base@17.0.6 (43 bytes) @ 0x000001d5d5da11ec [0x000001d5d5da10e0+0x000000000000010c]
J 1204 c1 jdk.internal.loader.BuiltinClassLoader.defineClass(Ljava/lang/String;Ljdk/internal/loader/Resource;)Ljava/lang/Class; java.base@17.0.6 (121 bytes) @ 0x000001d5d5d9c974 [0x000001d5d5d9c4a0+0x00000000000004d4]
J 1193 c1 jdk.internal.loader.BuiltinClassLoader.findClassOnClassPathOrNull(Ljava/lang/String;)Ljava/lang/Class; java.base@17.0.6 (64 bytes) @ 0x000001d5d5d96a6c [0x000001d5d5d967a0+0x00000000000002cc]
J 946 c1 jdk.internal.loader.BuiltinClassLoader.loadClassOrNull(Ljava/lang/String;Z)Ljava/lang/Class; java.base@17.0.6 (143 bytes) @ 0x000001d5d5d29304 [0x000001d5d5d28e80+0x0000000000000484]
J 1069 c1 jdk.internal.loader.ClassLoaders$AppClassLoader.loadClass(Ljava/lang/String;Z)Ljava/lang/Class; java.base@17.0.6 (40 bytes) @ 0x000001d5d5d5ddac [0x000001d5d5d5dc60+0x000000000000014c]
J 1066 c1 java.lang.ClassLoader.loadClass(Ljava/lang/String;)Ljava/lang/Class; java.base@17.0.6 (7 bytes) @ 0x000001d5d5d5d1e4 [0x000001d5d5d5d1a0+0x0000000000000044]
v  ~StubRoutines::call_stub
j  org.hibernate.event.spi.EventEngine.<init>(Lorg/hibernate/boot/spi/MetadataImplementor;Lorg/hibernate/engine/spi/SessionFactoryImplementor;)V+29
j  org.hibernate.internal.SessionFactoryImpl.<init>(Lorg/hibernate/boot/spi/MetadataImplementor;Lorg/hibernate/boot/spi/SessionFactoryOptions;Lorg/hibernate/engine/query/spi/QueryPlanCache$QueryPlanCreator;)V+84
j  org.hibernate.boot.internal.SessionFactoryBuilderImpl.build()Lorg/hibernate/SessionFactory;+64
j  org.hibernate.jpa.boot.internal.EntityManagerFactoryBuilderImpl.build()Ljavax/persistence/EntityManagerFactory;+22
j  org.springframework.orm.jpa.vendor.SpringHibernateJpaPersistenceProvider.createContainerEntityManagerFactory(Ljavax/persistence/spi/PersistenceUnitInfo;Ljava/util/Map;)Ljavax/persistence/EntityManagerFactory;+55
j  org.springframework.orm.jpa.LocalContainerEntityManagerFactoryBean.createNativeEntityManagerFactory()Ljavax/persistence/EntityManagerFactory;+129
j  org.springframework.orm.jpa.AbstractEntityManagerFactoryBean.buildNativeEntityManagerFactory()Ljavax/persistence/EntityManagerFactory;+1
j  org.springframework.orm.jpa.AbstractEntityManagerFactoryBean.afterPropertiesSet()V+192
j  org.springframework.orm.jpa.LocalContainerEntityManagerFactoryBean.afterPropertiesSet()V+77
j  org.springframework.beans.factory.support.AbstractAutowireCapableBeanFactory.invokeInitMethods(Ljava/lang/String;Ljava/lang/Object;Lorg/springframework/beans/factory/support/RootBeanDefinition;)V+106
j  org.springframework.beans.factory.support.AbstractAutowireCapableBeanFactory.initializeBean(Ljava/lang/String;Ljava/lang/Object;Lorg/springframework/beans/factory/support/RootBeanDefinition;)Ljava/lang/Object;+59
j  org.springframework.beans.factory.support.AbstractAutowireCapableBeanFactory.doCreateBean(Ljava/lang/String;Lorg/springframework/beans/factory/support/RootBeanDefinition;[Ljava/lang/Object;)Ljava/lang/Object;+245
j  org.springframework.beans.factory.support.AbstractAutowireCapableBeanFactory.createBean(Ljava/lang/String;Lorg/springframework/beans/factory/support/RootBeanDefinition;[Ljava/lang/Object;)Ljava/lang/Object;+169
j  org.springframework.beans.factory.support.AbstractBeanFactory.lambda$doGetBean$0(Ljava/lang/String;Lorg/springframework/beans/factory/support/RootBeanDefinition;[Ljava/lang/Object;)Ljava/lang/Object;+4
j  org.springframework.beans.factory.support.AbstractBeanFactory$$Lambda$309+0x0000000800dfd280.getObject()Ljava/lang/Object;+16
j  org.springframework.beans.factory.support.DefaultSingletonBeanRegistry.getSingleton(Ljava/lang/String;Lorg/springframework/beans/factory/ObjectFactory;)Ljava/lang/Object;+132
J 2896 c1 org.springframework.beans.factory.support.AbstractBeanFactory.doGetBean(Ljava/lang/String;Ljava/lang/Class;[Ljava/lang/Object;Z)Ljava/lang/Object; (832 bytes) @ 0x000001d5d605b214 [0x000001d5d605ac00+0x0000000000000614]
j  org.springframework.beans.factory.support.AbstractBeanFactory.getBean(Ljava/lang/String;)Ljava/lang/Object;+5
j  org.springframework.context.support.AbstractApplicationContext.getBean(Ljava/lang/String;)Ljava/lang/Object;+9
j  org.springframework.context.support.AbstractApplicationContext.finishBeanFactoryInitialization(Lorg/springframework/beans/factory/config/ConfigurableListableBeanFactory;)V+100
j  org.springframework.context.support.AbstractApplicationContext.refresh()V+86
j  org.springframework.boot.web.servlet.context.ServletWebServerApplicationContext.refresh()V+1
j  org.springframework.boot.SpringApplication.refresh(Lorg/springframework/context/ConfigurableApplicationContext;)V+1
j  org.springframework.boot.SpringApplication.refreshContext(Lorg/springframework/context/ConfigurableApplicationContext;)V+16
j  org.springframework.boot.SpringApplication.run([Ljava/lang/String;)Lorg/springframework/context/ConfigurableApplicationContext;+107
j  org.springframework.boot.SpringApplication.run([Ljava/lang/Class;[Ljava/lang/String;)Lorg/springframework/context/ConfigurableApplicationContext;+9
j  org.springframework.boot.SpringApplication.run(Ljava/lang/Class;[Ljava/lang/String;)Lorg/springframework/context/ConfigurableApplicationContext;+9
j  ru.skypro.homework.HomeworkApplication.main([Ljava/lang/String;)V+3
v  ~StubRoutines::call_stub

---------------  P R O C E S S  ---------------

Threads class SMR info:
_java_thread_list=0x000001d5e3336cf0, length=19, elements={
0x000001d5cdf51240, 0x000001d5e06d5910, 0x000001d5e06d64c0, 0x000001d5e06ec030,
0x000001d5e06eeb00, 0x000001d5e06f14c0, 0x000001d5e06f1e70, 0x000001d5e06f28d0,
0x000001d5e072b8d0, 0x000001d5ce00dd00, 0x000001d5e120ef70, 0x000001d5e150e410,
0x000001d5e159e780, 0x000001d5e16ff5d0, 0x000001d5e30caba0, 0x000001d5e312b710,
0x000001d5e312bbe0, 0x000001d5e31bd020, 0x000001d5e332c630
}

Java Threads: ( => current thread )
=>0x000001d5cdf51240 JavaThread "main" [_thread_in_vm, id=16216, stack(0x00000054a0300000,0x00000054a0400000)]
  0x000001d5e06d5910 JavaThread "Reference Handler" daemon [_thread_blocked, id=13632, stack(0x00000054a0a00000,0x00000054a0b00000)]
  0x000001d5e06d64c0 JavaThread "Finalizer" daemon [_thread_blocked, id=13332, stack(0x00000054a0b00000,0x00000054a0c00000)]
  0x000001d5e06ec030 JavaThread "Signal Dispatcher" daemon [_thread_blocked, id=16340, stack(0x00000054a0c00000,0x00000054a0d00000)]
  0x000001d5e06eeb00 JavaThread "Attach Listener" daemon [_thread_blocked, id=14068, stack(0x00000054a0d00000,0x00000054a0e00000)]
  0x000001d5e06f14c0 JavaThread "Service Thread" daemon [_thread_blocked, id=6192, stack(0x00000054a0e00000,0x00000054a0f00000)]
  0x000001d5e06f1e70 JavaThread "Monitor Deflation Thread" daemon [_thread_blocked, id=3456, stack(0x00000054a0f00000,0x00000054a1000000)]
  0x000001d5e06f28d0 JavaThread "C1 CompilerThread0" daemon [_thread_blocked, id=2028, stack(0x00000054a1000000,0x00000054a1100000)]
  0x000001d5e072b8d0 JavaThread "Sweeper thread" daemon [_thread_blocked, id=14228, stack(0x00000054a1100000,0x00000054a1200000)]
  0x000001d5ce00dd00 JavaThread "Common-Cleaner" daemon [_thread_blocked, id=14664, stack(0x00000054a1200000,0x00000054a1300000)]
  0x000001d5e120ef70 JavaThread "C1 CompilerThread1" daemon [_thread_blocked, id=4124, stack(0x00000054a1400000,0x00000054a1500000)]
  0x000001d5e150e410 JavaThread "Monitor Ctrl-Break" daemon [_thread_in_native, id=7612, stack(0x00000054a1300000,0x00000054a1400000)]
  0x000001d5e159e780 JavaThread "Notification Thread" daemon [_thread_blocked, id=16144, stack(0x00000054a1500000,0x00000054a1600000)]
  0x000001d5e16ff5d0 JavaThread "RMI TCP Accept-0" daemon [_thread_in_native, id=7120, stack(0x00000054a1700000,0x00000054a1800000)]
  0x000001d5e30caba0 JavaThread "Catalina-utility-1" [_thread_blocked, id=2736, stack(0x00000054a1a00000,0x00000054a1b00000)]
  0x000001d5e312b710 JavaThread "Catalina-utility-2" [_thread_blocked, id=15716, stack(0x00000054a1b00000,0x00000054a1c00000)]
  0x000001d5e312bbe0 JavaThread "container-0" [_thread_blocked, id=12164, stack(0x00000054a1c00000,0x00000054a1d00000)]
  0x000001d5e31bd020 JavaThread "HikariPool-1 housekeeper" daemon [_thread_blocked, id=11488, stack(0x00000054a1e00000,0x00000054a1f00000)]
  0x000001d5e332c630 JavaThread "HikariPool-1 connection adder" daemon [_thread_blocked, id=10392, stack(0x00000054a1f00000,0x00000054a2000000)]

Other Threads:
  0x000001d5e06d0790 VMThread "VM Thread" [stack: 0x00000054a0900000,0x00000054a0a00000] [id=5244]
  0x000001d5cdf520b0 WatcherThread [stack: 0x00000054a1800000,0x00000054a1900000] [id=5500]
  0x000001d5cdf9d4b0 GCTaskThread "GC Thread#0" [stack: 0x00000054a0400000,0x00000054a0500000] [id=7428]
  0x000001d5e150ece0 GCTaskThread "GC Thread#1" [stack: 0x00000054a1600000,0x00000054a1700000] [id=6540]
  0x000001d5cdfa8200 ConcurrentGCThread "G1 Main Marker" [stack: 0x00000054a0500000,0x00000054a0600000] [id=14668]
  0x000001d5cdfa8d70 ConcurrentGCThread "G1 Conc#0" [stack: 0x00000054a0600000,0x00000054a0700000] [id=11436]
  0x000001d5cdffebc0 ConcurrentGCThread "G1 Refine#0" [stack: 0x00000054a0700000,0x00000054a0800000] [id=15812]
  0x000001d5e3058790 ConcurrentGCThread "G1 Refine#1" [stack: 0x00000054a1900000,0x00000054a1a00000] [id=6484]
  0x000001d5cdfff5e0 ConcurrentGCThread "G1 Service" [stack: 0x00000054a0800000,0x00000054a0900000] [id=10248]

Threads with active compile tasks:

VM state: not at safepoint (normal execution)

VM Mutex/Monitor currently owned by a thread:  ([mutex/lock_event])
[0x000001d5cdf4b7c0] Metaspace_lock - owner thread: 0x000001d5cdf51240

Heap address: 0x0000000761e00000, size: 2530 MB, Compressed Oops mode: Zero based, Oop shift amount: 3

CDS archive(s) mapped at: [0x0000000800000000-0x0000000800bc0000-0x0000000800bc0000), size 12320768, SharedBaseAddress: 0x0000000800000000, ArchiveRelocationMode: 0.
Compressed class space mapped at: 0x0000000800c00000-0x0000000840c00000, reserved size: 1073741824
Narrow klass base: 0x0000000800000000, Narrow klass shift: 0, Narrow klass range: 0x100000000

GC Precious Log:
 CPUs: 2 total, 2 available
 Memory: 10119M
 Large Page Support: Disabled
 NUMA Support: Disabled
 Compressed Oops: Enabled (Zero based)
 Heap Region Size: 2M
 Heap Min Capacity: 8M
 Heap Initial Capacity: 160M
 Heap Max Capacity: 2530M
 Pre-touch: Disabled
 Parallel Workers: 2
 Concurrent Workers: 1
 Concurrent Refinement Workers: 2
 Periodic GC: Disabled

Heap:
 garbage-first heap   total 61440K, used 40427K [0x0000000761e00000, 0x0000000800000000)
  region size 2048K, 13 young (26624K), 2 survivors (4096K)
 Metaspace       used 46101K, committed 46464K, reserved 1089536K
  class space    used 6461K, committed 6656K, reserved 1048576K

Heap Regions: E=young(eden), S=young(survivor), O=old, HS=humongous(starts), HC=humongous(continues), CS=collection set, F=free, OA=open archive, CA=closed archive, TAMS=top-at-mark-start (previous, next)
|   0|0x0000000761e00000, 0x0000000762000000, 0x0000000762000000|100%| O|  |TAMS 0x0000000762000000, 0x0000000761e00000| Untracked 
|   1|0x0000000762000000, 0x0000000762200000, 0x0000000762200000|100%| O|  |TAMS 0x0000000762200000, 0x0000000762000000| Untracked 
|   2|0x0000000762200000, 0x0000000762400000, 0x0000000762400000|100%| O|  |TAMS 0x0000000762400000, 0x0000000762200000| Untracked 
|   3|0x0000000762400000, 0x000000076250b200, 0x0000000762600000| 52%| O|  |TAMS 0x0000000762400000, 0x0000000762400000| Untracked 
|   4|0x0000000762600000, 0x0000000762800000, 0x0000000762800000|100%| O|  |TAMS 0x0000000762800000, 0x0000000762600000| Untracked 
|   5|0x0000000762800000, 0x0000000762a00000, 0x0000000762a00000|100%| O|  |TAMS 0x0000000762a00000, 0x0000000762800000| Untracked 
|   6|0x0000000762a00000, 0x0000000762c00000, 0x0000000762c00000|100%| O|  |TAMS 0x0000000762c00000, 0x0000000762a00000| Untracked 
|   7|0x0000000762c00000, 0x0000000762e00000, 0x0000000762e00000|100%| O|  |TAMS 0x0000000762e00000, 0x0000000762c00000| Untracked 
|   8|0x0000000762e00000, 0x0000000763000000, 0x0000000763000000|100%| O|  |TAMS 0x0000000762f85e00, 0x0000000762e00000| Untracked 
|   9|0x0000000763000000, 0x0000000763000000, 0x0000000763200000|  0%| F|  |TAMS 0x0000000763000000, 0x0000000763000000| Untracked 
|  10|0x0000000763200000, 0x0000000763200000, 0x0000000763400000|  0%| F|  |TAMS 0x0000000763200000, 0x0000000763200000| Untracked 
|  11|0x0000000763400000, 0x0000000763400000, 0x0000000763600000|  0%| F|  |TAMS 0x0000000763400000, 0x0000000763400000| Untracked 
|  12|0x0000000763600000, 0x0000000763600000, 0x0000000763800000|  0%| F|  |TAMS 0x0000000763600000, 0x0000000763600000| Untracked 
|  13|0x0000000763800000, 0x000000076386fb90, 0x0000000763a00000| 21%| S|CS|TAMS 0x0000000763800000, 0x0000000763800000| Complete 
|  14|0x0000000763a00000, 0x0000000763c00000, 0x0000000763c00000|100%| S|CS|TAMS 0x0000000763a00000, 0x0000000763a00000| Complete 
|  15|0x0000000763c00000, 0x0000000763c00000, 0x0000000763e00000|  0%| F|  |TAMS 0x0000000763c00000, 0x0000000763c00000| Untracked 
|  16|0x0000000763e00000, 0x0000000763e00000, 0x0000000764000000|  0%| F|  |TAMS 0x0000000763e00000, 0x0000000763e00000| Untracked 
|  17|0x0000000764000000, 0x0000000764000000, 0x0000000764200000|  0%| F|  |TAMS 0x0000000764000000, 0x0000000764000000| Untracked 
|  18|0x0000000764200000, 0x0000000764200000, 0x0000000764400000|  0%| F|  |TAMS 0x0000000764200000, 0x0000000764200000| Untracked 
|  19|0x0000000764400000, 0x0000000764567c18, 0x0000000764600000| 70%| E|  |TAMS 0x0000000764400000, 0x0000000764400000| Complete 
|  20|0x0000000764600000, 0x0000000764800000, 0x0000000764800000|100%| E|CS|TAMS 0x0000000764600000, 0x0000000764600000| Complete 
|  21|0x0000000764800000, 0x0000000764a00000, 0x0000000764a00000|100%| E|CS|TAMS 0x0000000764800000, 0x0000000764800000| Complete 
|  22|0x0000000764a00000, 0x0000000764c00000, 0x0000000764c00000|100%| E|CS|TAMS 0x0000000764a00000, 0x0000000764a00000| Complete 
|  23|0x0000000764c00000, 0x0000000764e00000, 0x0000000764e00000|100%| E|CS|TAMS 0x0000000764c00000, 0x0000000764c00000| Complete 
|  24|0x0000000764e00000, 0x0000000765000000, 0x0000000765000000|100%| E|CS|TAMS 0x0000000764e00000, 0x0000000764e00000| Complete 
|  73|0x000000076b000000, 0x000000076b200000, 0x000000076b200000|100%| E|CS|TAMS 0x000000076b000000, 0x000000076b000000| Complete 
|  74|0x000000076b200000, 0x000000076b400000, 0x000000076b400000|100%| E|CS|TAMS 0x000000076b200000, 0x000000076b200000| Complete 
|  75|0x000000076b400000, 0x000000076b600000, 0x000000076b600000|100%| E|CS|TAMS 0x000000076b400000, 0x000000076b400000| Complete 
|  76|0x000000076b600000, 0x000000076b800000, 0x000000076b800000|100%| E|CS|TAMS 0x000000076b600000, 0x000000076b600000| Complete 
|  79|0x000000076bc00000, 0x000000076be00000, 0x000000076be00000|100%| E|CS|TAMS 0x000000076bc00000, 0x000000076bc00000| Complete 

Card table byte_map: [0x000001d5d8a40000,0x000001d5d8f40000] _byte_map_base: 0x000001d5d4f31000

Marking Bits (Prev, Next): (CMBitMap*) 0x000001d5cdf9dac0, (CMBitMap*) 0x000001d5cdf9db00
 Prev Bits: [0x000001d5d9440000, 0x000001d5dbbc8000)
 Next Bits: [0x000001d5dbbd0000, 0x000001d5de358000)

Polling page: 0x000001d5cc0e0000

Metaspace:

Usage:
  Non-class:     38.71 MB used.
      Class:      6.31 MB used.
       Both:     45.02 MB used.

Virtual space:
  Non-class space:       40.00 MB reserved,      38.88 MB ( 97%) committed,  5 nodes.
      Class space:        1.00 GB reserved,       6.50 MB ( <1%) committed,  1 nodes.
             Both:        1.04 GB reserved,      45.38 MB (  4%) committed. 

Chunk freelists:
   Non-Class:  1.11 MB
       Class:  1.35 MB
        Both:  2.46 MB

MaxMetaspaceSize: unlimited
CompressedClassSpaceSize: 1.00 GB
Initial GC threshold: 21.00 MB
Current GC threshold: 58.69 MB
CDS: on
MetaspaceReclaimPolicy: balanced
 - commit_granule_bytes: 65536.
 - commit_granule_words: 8192.
 - virtual_space_node_default_size: 1048576.
 - enlarge_chunks_in_place: 1.
 - new_chunks_are_fully_committed: 0.
 - uncommit_free_chunks: 1.
 - use_allocation_guard: 0.
 - handle_deallocations: 1.


Internal statistics:

num_allocs_failed_limit: 6.
num_arena_births: 344.
num_arena_deaths: 0.
num_vsnodes_births: 6.
num_vsnodes_deaths: 0.
num_space_committed: 726.
num_space_uncommitted: 0.
num_chunks_returned_to_freelist: 6.
num_chunks_taken_from_freelist: 1944.
num_chunk_merges: 6.
num_chunk_splits: 1455.
num_chunks_enlarged: 1195.
num_purges: 0.
num_inconsistent_stats: 0.

CodeCache: size=49152Kb used=8601Kb max_used=8601Kb free=40550Kb
 bounds [0x000001d5d5a40000, 0x000001d5d62b0000, 0x000001d5d8a40000]
 total_blobs=4778 nmethods=4232 adapters=472
 compilation: enabled
              stopped_count=0, restarted_count=0
 full_count=0

Compilation events (20 events):
Event: 15.137 Thread 0x000001d5e06f28d0 nmethod 4221 0x000001d5d62a1b10 code [0x000001d5d62a1cc0, 0x000001d5d62a1e08]
Event: 15.137 Thread 0x000001d5e120ef70 nmethod 4222 0x000001d5d62a1e90 code [0x000001d5d62a2020, 0x000001d5d62a2108]
Event: 15.152 Thread 0x000001d5e06f28d0 4223       1       org.hibernate.boot.model.naming.Identifier::getText (5 bytes)
Event: 15.152 Thread 0x000001d5e06f28d0 nmethod 4223 0x000001d5d62a2d90 code [0x000001d5d62a2f20, 0x000001d5d62a2ff8]
Event: 15.162 Thread 0x000001d5e06f28d0 4224       1       org.hibernate.boot.model.relational.Database::getJdbcEnvironment (5 bytes)
Event: 15.162 Thread 0x000001d5e06f28d0 nmethod 4224 0x000001d5d62a3090 code [0x000001d5d62a3220, 0x000001d5d62a32f8]
Event: 15.162 Thread 0x000001d5e120ef70 4225       1       org.hibernate.boot.model.naming.Identifier::isQuoted (60 bytes)
Event: 15.162 Thread 0x000001d5e06f28d0 4226       1       org.hibernate.engine.jdbc.env.internal.JdbcEnvironmentImpl::getIdentifierHelper (5 bytes)
Event: 15.162 Thread 0x000001d5e06f28d0 nmethod 4226 0x000001d5d62a3390 code [0x000001d5d62a3520, 0x000001d5d62a35f8]
Event: 15.162 Thread 0x000001d5e120ef70 nmethod 4225 0x000001d5d62a3690 code [0x000001d5d62a3880, 0x000001d5d62a3b18]
Event: 15.163 Thread 0x000001d5e120ef70 4227   !   1       java.lang.Class::newInstance (134 bytes)
Event: 15.164 Thread 0x000001d5e06f28d0 4228       1       jdk.internal.reflect.ReflectionFactory::newInstance (13 bytes)
Event: 15.164 Thread 0x000001d5e06f28d0 nmethod 4228 0x000001d5d62a3d10 code [0x000001d5d62a3ea0, 0x000001d5d62a3fe8]
Event: 15.165 Thread 0x000001d5e120ef70 nmethod 4227 0x000001d5d62a4110 code [0x000001d5d62a4400, 0x000001d5d62a4f38]
Event: 15.165 Thread 0x000001d5e06f28d0 4229       1       java.lang.reflect.ReflectAccess::newInstance (8 bytes)
Event: 15.165 Thread 0x000001d5e06f28d0 nmethod 4229 0x000001d5d62a5810 code [0x000001d5d62a59a0, 0x000001d5d62a5a88]
Event: 15.218 Thread 0x000001d5e120ef70 4231       1       java.lang.invoke.InvokerBytecodeGenerator::setClassWriter (6 bytes)
Event: 15.219 Thread 0x000001d5e120ef70 nmethod 4231 0x000001d5d62a6110 code [0x000001d5d62a62a0, 0x000001d5d62a63b8]
Event: 15.219 Thread 0x000001d5e120ef70 4232       1       java.lang.Class::getClassData (5 bytes)
Event: 15.219 Thread 0x000001d5e120ef70 nmethod 4232 0x000001d5d62a6410 code [0x000001d5d62a65a0, 0x000001d5d62a6678]

GC Heap History (20 events):
Event: 2.100 GC heap before
{Heap before GC invocations=1 (full 0):
 garbage-first heap   total 163840K, used 11771K [0x0000000761e00000, 0x0000000800000000)
  region size 2048K, 4 young (8192K), 1 survivors (2048K)
 Metaspace       used 5378K, committed 5632K, reserved 1056768K
  class space    used 641K, committed 768K, reserved 1048576K
}
Event: 2.105 GC heap after
{Heap after GC invocations=2 (full 0):
 garbage-first heap   total 163840K, used 7101K [0x0000000761e00000, 0x0000000800000000)
  region size 2048K, 1 young (2048K), 1 survivors (2048K)
 Metaspace       used 5378K, committed 5632K, reserved 1056768K
  class space    used 641K, committed 768K, reserved 1048576K
}
Event: 3.061 GC heap before
{Heap before GC invocations=2 (full 0):
 garbage-first heap   total 163840K, used 13245K [0x0000000761e00000, 0x0000000800000000)
  region size 2048K, 4 young (8192K), 1 survivors (2048K)
 Metaspace       used 6698K, committed 6912K, reserved 1056768K
  class space    used 818K, committed 896K, reserved 1048576K
}
Event: 3.066 GC heap after
{Heap after GC invocations=3 (full 0):
 garbage-first heap   total 163840K, used 7910K [0x0000000761e00000, 0x0000000800000000)
  region size 2048K, 1 young (2048K), 1 survivors (2048K)
 Metaspace       used 6698K, committed 6912K, reserved 1056768K
  class space    used 818K, committed 896K, reserved 1048576K
}
Event: 4.336 GC heap before
{Heap before GC invocations=3 (full 0):
 garbage-first heap   total 163840K, used 22246K [0x0000000761e00000, 0x0000000800000000)
  region size 2048K, 8 young (16384K), 1 survivors (2048K)
 Metaspace       used 9727K, committed 10048K, reserved 1064960K
  class space    used 1339K, committed 1472K, reserved 1048576K
}
Event: 4.342 GC heap after
{Heap after GC invocations=4 (full 0):
 garbage-first heap   total 163840K, used 9067K [0x0000000761e00000, 0x0000000800000000)
  region size 2048K, 1 young (2048K), 1 survivors (2048K)
 Metaspace       used 9727K, committed 10048K, reserved 1064960K
  class space    used 1339K, committed 1472K, reserved 1048576K
}
Event: 8.800 GC heap before
{Heap before GC invocations=4 (full 0):
 garbage-first heap   total 163840K, used 80747K [0x0000000761e00000, 0x0000000800000000)
  region size 2048K, 36 young (73728K), 1 survivors (2048K)
 Metaspace       used 20617K, committed 20864K, reserved 1073152K
  class space    used 2777K, committed 2880K, reserved 1048576K
}
Event: 8.814 GC heap after
{Heap after GC invocations=5 (full 0):
 garbage-first heap   total 163840K, used 13195K [0x0000000761e00000, 0x0000000800000000)
  region size 2048K, 3 young (6144K), 3 survivors (6144K)
 Metaspace       used 20617K, committed 20864K, reserved 1073152K
  class space    used 2777K, committed 2880K, reserved 1048576K
}
Event: 9.085 GC heap before
{Heap before GC invocations=5 (full 0):
 garbage-first heap   total 163840K, used 17291K [0x0000000761e00000, 0x0000000800000000)
  region size 2048K, 6 young (12288K), 3 survivors (6144K)
 Metaspace       used 21243K, committed 21504K, reserved 1073152K
  class space    used 2884K, committed 3008K, reserved 1048576K
}
Event: 9.097 GC heap after
{Heap after GC invocations=6 (full 0):
 garbage-first heap   total 163840K, used 13672K [0x0000000761e00000, 0x0000000800000000)
  region size 2048K, 4 young (8192K), 4 survivors (8192K)
 Metaspace       used 21243K, committed 21504K, reserved 1073152K
  class space    used 2884K, committed 3008K, reserved 1048576K
}
Event: 10.548 GC heap before
{Heap before GC invocations=7 (full 0):
 garbage-first heap   total 61440K, used 42344K [0x0000000761e00000, 0x0000000800000000)
  region size 2048K, 18 young (36864K), 4 survivors (8192K)
 Metaspace       used 26032K, committed 26304K, reserved 1073152K
  class space    used 3565K, committed 3712K, reserved 1048576K
}
Event: 10.567 GC heap after
{Heap after GC invocations=8 (full 0):
 garbage-first heap   total 61440K, used 16709K [0x0000000761e00000, 0x0000000800000000)
  region size 2048K, 2 young (4096K), 2 survivors (4096K)
 Metaspace       used 26032K, committed 26304K, reserved 1073152K
  class space    used 3565K, committed 3712K, reserved 1048576K
}
Event: 10.628 GC heap before
{Heap before GC invocations=8 (full 0):
 garbage-first heap   total 61440K, used 18757K [0x0000000761e00000, 0x0000000800000000)
  region size 2048K, 3 young (6144K), 2 survivors (4096K)
 Metaspace       used 26118K, committed 26432K, reserved 1073152K
  class space    used 3572K, committed 3712K, reserved 1048576K
}
Event: 10.637 GC heap after
{Heap after GC invocations=9 (full 0):
 garbage-first heap   total 61440K, used 16699K [0x0000000761e00000, 0x0000000800000000)
  region size 2048K, 1 young (2048K), 1 survivors (2048K)
 Metaspace       used 26118K, committed 26432K, reserved 1073152K
  class space    used 3572K, committed 3712K, reserved 1048576K
}
Event: 11.778 GC heap before
{Heap before GC invocations=9 (full 0):
 garbage-first heap   total 61440K, used 41275K [0x0000000761e00000, 0x0000000800000000)
  region size 2048K, 14 young (28672K), 1 survivors (2048K)
 Metaspace       used 31772K, committed 32128K, reserved 1081344K
  class space    used 4316K, committed 4480K, reserved 1048576K
}
Event: 11.785 GC heap after
{Heap after GC invocations=10 (full 0):
 garbage-first heap   total 61440K, used 17574K [0x0000000761e00000, 0x0000000800000000)
  region size 2048K, 1 young (2048K), 1 survivors (2048K)
 Metaspace       used 31772K, committed 32128K, reserved 1081344K
  class space    used 4316K, committed 4480K, reserved 1048576K
}
Event: 12.664 GC heap before
{Heap before GC invocations=10 (full 0):
 garbage-first heap   total 61440K, used 33958K [0x0000000761e00000, 0x0000000800000000)
  region size 2048K, 10 young (20480K), 1 survivors (2048K)
 Metaspace       used 35722K, committed 35968K, reserved 1081344K
  class space    used 4813K, committed 4928K, reserved 1048576K
}
Event: 12.676 GC heap after
{Heap after GC invocations=11 (full 0):
 garbage-first heap   total 61440K, used 18514K [0x0000000761e00000, 0x0000000800000000)
  region size 2048K, 2 young (4096K), 2 survivors (4096K)
 Metaspace       used 35722K, committed 35968K, reserved 1081344K
  class space    used 4813K, committed 4928K, reserved 1048576K
}
Event: 14.336 GC heap before
{Heap before GC invocations=12 (full 0):
 garbage-first heap   total 61440K, used 45138K [0x0000000761e00000, 0x0000000800000000)
  region size 2048K, 15 young (30720K), 2 survivors (4096K)
 Metaspace       used 40628K, committed 40896K, reserved 1089536K
  class space    used 5530K, committed 5632K, reserved 1048576K
}
Event: 14.343 GC heap after
{Heap after GC invocations=13 (full 0):
 garbage-first heap   total 61440K, used 19947K [0x0000000761e00000, 0x0000000800000000)
  region size 2048K, 2 young (4096K), 2 survivors (4096K)
 Metaspace       used 40628K, committed 40896K, reserved 1089536K
  class space    used 5530K, committed 5632K, reserved 1048576K
}

Dll operation events (13 events):
Event: 0.026 Loaded shared library C:\Users\1380e\.jdks\corretto-17.0.6\bin\java.dll
Event: 0.052 Loaded shared library C:\Users\1380e\.jdks\corretto-17.0.6\bin\jsvml.dll
Event: 0.434 Loaded shared library C:\Users\1380e\.jdks\corretto-17.0.6\bin\zip.dll
Event: 0.441 Loaded shared library C:\Users\1380e\.jdks\corretto-17.0.6\bin\instrument.dll
Event: 0.493 Loaded shared library C:\Users\1380e\.jdks\corretto-17.0.6\bin\net.dll
Event: 0.497 Loaded shared library C:\Users\1380e\.jdks\corretto-17.0.6\bin\nio.dll
Event: 0.503 Loaded shared library C:\Users\1380e\.jdks\corretto-17.0.6\bin\zip.dll
Event: 0.595 Loaded shared library C:\Users\1380e\.jdks\corretto-17.0.6\bin\jimage.dll
Event: 0.758 Loaded shared library C:\Program Files\JetBrains\IntelliJ IDEA 2022.3.2\bin\breakgen64.dll
Event: 0.826 Loaded shared library C:\Users\1380e\.jdks\corretto-17.0.6\bin\management.dll
Event: 0.859 Loaded shared library C:\Users\1380e\.jdks\corretto-17.0.6\bin\management_ext.dll
Event: 1.973 Loaded shared library C:\Users\1380e\.jdks\corretto-17.0.6\bin\verify.dll
Event: 10.718 Loaded shared library C:\Users\1380e\.jdks\corretto-17.0.6\bin\sunmscapi.dll

Deoptimization events (12 events):
Event: 4.692 Thread 0x000001d5cdf51240 DEOPT PACKING pc=0x000001d5d5eab0f9 sp=0x00000054a03fd170
Event: 4.692 Thread 0x000001d5cdf51240 DEOPT UNPACKING pc=0x000001d5d5a97143 sp=0x00000054a03fc650 mode 3
Event: 8.571 Thread 0x000001d5cdf51240 DEOPT PACKING pc=0x000001d5d5f24854 sp=0x00000054a03fd6a0
Event: 8.571 Thread 0x000001d5cdf51240 DEOPT UNPACKING pc=0x000001d5d5a97143 sp=0x00000054a03fcbf8 mode 0
Event: 10.866 Thread 0x000001d5cdf51240 DEOPT PACKING pc=0x000001d5d6172025 sp=0x00000054a03fc430
Event: 10.866 Thread 0x000001d5cdf51240 DEOPT UNPACKING pc=0x000001d5d5a97143 sp=0x00000054a03fb998 mode 3
Event: 11.861 Thread 0x000001d5cdf51240 DEOPT PACKING pc=0x000001d5d5ec1d09 sp=0x00000054a03fdf20
Event: 11.861 Thread 0x000001d5cdf51240 DEOPT UNPACKING pc=0x000001d5d5a97143 sp=0x00000054a03fd3b0 mode 3
Event: 11.863 Thread 0x000001d5e31bd020 DEOPT PACKING pc=0x000001d5d5e99f1f sp=0x00000054a1eff150
Event: 11.863 Thread 0x000001d5e31bd020 DEOPT UNPACKING pc=0x000001d5d5a97143 sp=0x00000054a1efe5a8 mode 3
Event: 12.815 Thread 0x000001d5cdf51240 DEOPT PACKING pc=0x000001d5d62075e4 sp=0x00000054a03fd900
Event: 12.815 Thread 0x000001d5cdf51240 DEOPT UNPACKING pc=0x000001d5d5a97143 sp=0x00000054a03fce30 mode 0

Classes unloaded (0 events):
No events

Classes redefined (0 events):
No events

Internal exceptions (20 events):
Event: 9.615 Thread 0x000001d5cdf51240 Exception <a 'java/lang/ClassNotFoundException'{0x00000007649f2820}: org/springframework/context/annotation/ImportAwareCustomizer> (0x00000007649f2820) 
thrown [s\src\hotspot\share\classfile\systemDictionary.cpp, line 256]
Event: 9.616 Thread 0x000001d5cdf51240 Exception <a 'java/lang/ClassNotFoundException'{0x00000007649f8d90}: org/springframework/beans/factory/AwareCustomizer> (0x00000007649f8d90) 
thrown [s\src\hotspot\share\classfile\systemDictionary.cpp, line 256]
Event: 9.756 Thread 0x000001d5cdf51240 Exception <a 'java/lang/NoSuchMethodError'{0x0000000764524e20}: 'int java.lang.invoke.DirectMethodHandle$Holder.invokeSpecial(java.lang.Object, java.lang.Object, java.lang.Object, java.lang.Object, java.lang.Object)'> (0x0000000764524e20) 
thrown [s\src\hotspot\share\interpreter\linkResolver.cpp, line 759]
Event: 9.824 Thread 0x000001d5cdf51240 Exception <a 'java/lang/NoSuchMethodError'{0x00000007642ea7d0}: 'java.lang.Object java.lang.invoke.DirectMethodHandle$Holder.invokeStatic(java.lang.Object, java.lang.Object, int)'> (0x00000007642ea7d0) 
thrown [s\src\hotspot\share\interpreter\linkResolver.cpp, line 759]
Event: 9.824 Thread 0x000001d5cdf51240 Exception <a 'java/lang/NoSuchMethodError'{0x00000007642f6170}: 'void java.lang.invoke.DelegatingMethodHandle$Holder.delegate(java.lang.Object, java.lang.Object, int, java.lang.Object)'> (0x00000007642f6170) 
thrown [s\src\hotspot\share\interpreter\linkResolver.cpp, line 759]
Event: 9.868 Thread 0x000001d5cdf51240 Exception <a 'java/lang/NoSuchMethodError'{0x00000007643e6720}: 'void java.lang.invoke.DirectMethodHandle$Holder.invokeInterface(java.lang.Object, java.lang.Object, int)'> (0x00000007643e6720) 
thrown [s\src\hotspot\share\interpreter\linkResolver.cpp, line 759]
Event: 9.882 Thread 0x000001d5cdf51240 Exception <a 'java/lang/IncompatibleClassChangeError'{0x000000076403c0b0}: Found class java.lang.Object, but interface was expected> (0x000000076403c0b0) 
thrown [s\src\hotspot\share\interpreter\linkResolver.cpp, line 826]
Event: 9.882 Thread 0x000001d5cdf51240 Exception <a 'java/lang/NoSuchMethodError'{0x0000000764041238}: 'void java.lang.invoke.DirectMethodHandle$Holder.invokeStatic(java.lang.Object, int, java.lang.Object)'> (0x0000000764041238) 
thrown [s\src\hotspot\share\interpreter\linkResolver.cpp, line 759]
Event: 9.887 Thread 0x000001d5cdf51240 Exception <a 'java/lang/NoSuchMethodError'{0x000000076406ffc8}: 'int java.lang.invoke.DirectMethodHandle$Holder.invokeSpecial(java.lang.Object, java.lang.Object, int)'> (0x000000076406ffc8) 
thrown [s\src\hotspot\share\interpreter\linkResolver.cpp, line 759]
Event: 10.734 Thread 0x000001d5cdf51240 Exception <a 'java/io/FileNotFoundException'{0x000000076bd72f00}> (0x000000076bd72f00) 
thrown [s\src\hotspot\share\prims\jni.cpp, line 516]
Event: 10.792 Thread 0x000001d5cdf51240 Exception <a 'java/lang/NoSuchMethodError'{0x000000076b54c100}: 'int java.lang.invoke.DirectMethodHandle$Holder.invokeInterface(java.lang.Object, java.lang.Object, java.lang.Object, java.lang.Object)'> (0x000000076b54c100) 
thrown [s\src\hotspot\share\interpreter\linkResolver.cpp, line 759]
Event: 10.880 Thread 0x000001d5cdf51240 Exception <a 'java/lang/NoSuchMethodError'{0x000000076b3cebc0}: 'long java.lang.invoke.DirectMethodHandle$Holder.invokeVirtual(java.lang.Object, java.lang.Object)'> (0x000000076b3cebc0) 
thrown [s\src\hotspot\share\interpreter\linkResolver.cpp, line 759]
Event: 10.886 Thread 0x000001d5cdf51240 Exception <a 'java/io/FileNotFoundException'{0x000000076b3fd470}> (0x000000076b3fd470) 
thrown [s\src\hotspot\share\prims\jni.cpp, line 516]
Event: 11.509 Thread 0x000001d5cdf51240 Exception <a 'java/lang/NoSuchMethodError'{0x00000007640e89c8}: 'int java.lang.invoke.DirectMethodHandle$Holder.invokeStaticInit(java.lang.Object, java.lang.Object, java.lang.Object, java.lang.Object)'> (0x00000007640e89c8) 
thrown [s\src\hotspot\share\interpreter\linkResolver.cpp, line 759]
Event: 11.714 Thread 0x000001d5cdf51240 Exception <a 'sun/nio/fs/WindowsException'{0x0000000763f5df10}> (0x0000000763f5df10) 
thrown [s\src\hotspot\share\prims\jni.cpp, line 516]
Event: 12.363 Thread 0x000001d5cdf51240 Exception <a 'java/lang/NoSuchMethodError'{0x0000000764f63180}: 'java.lang.Object java.lang.invoke.DirectMethodHandle$Holder.newInvokeSpecial(java.lang.Object, java.lang.Object, java.lang.Object, java.lang.Object, int)'> (0x0000000764f63180) 
thrown [s\src\hotspot\share\interpreter\linkResolver.cpp, line 759]
Event: 12.363 Thread 0x000001d5cdf51240 Exception <a 'java/lang/NoSuchMethodError'{0x0000000764f673c0}: 'java.lang.Object java.lang.invoke.DirectMethodHandle$Holder.invokeSpecial(java.lang.Object, java.lang.Object, java.lang.Object, java.lang.Object, java.lang.Object, int)'> (0x0000000764f673c0) 
thrown [s\src\hotspot\share\interpreter\linkResolver.cpp, line 759]
Event: 12.363 Thread 0x000001d5cdf51240 Exception <a 'java/lang/NoSuchMethodError'{0x0000000764f6aea8}: 'java.lang.Object java.lang.invoke.Invokers$Holder.linkToTargetMethod(java.lang.Object, java.lang.Object, java.lang.Object, int, java.lang.Object)'> (0x0000000764f6aea8) 
thrown [s\src\hotspot\share\interpreter\linkResolver.cpp, line 759]
Event: 12.373 Thread 0x000001d5cdf51240 Exception <a 'java/lang/NoSuchMethodError'{0x0000000764fb2c50}: 'java.lang.Object java.lang.invoke.DirectMethodHandle$Holder.invokeStaticInit(java.lang.Object, java.lang.Object, java.lang.Object, java.lang.Object)'> (0x0000000764fb2c50) 
thrown [s\src\hotspot\share\interpreter\linkResolver.cpp, line 759]
Event: 15.218 Thread 0x000001d5cdf51240 Exception <a 'java/lang/NoSuchMethodError'{0x00000007644c8338}: 'java.lang.Object java.lang.invoke.DirectMethodHandle$Holder.newInvokeSpecial(java.lang.Object, java.lang.Object, int, java.lang.Object, java.lang.Object)'> (0x00000007644c8338) 
thrown [s\src\hotspot\share\interpreter\linkResolver.cpp, line 759]

VM Operations (20 events):
Event: 11.778 Executing VM operation: G1CollectForAllocation
Event: 11.785 Executing VM operation: G1CollectForAllocation done
Event: 12.606 Executing VM operation: HandshakeAllThreads
Event: 12.606 Executing VM operation: HandshakeAllThreads done
Event: 12.664 Executing VM operation: CollectForMetadataAllocation
Event: 12.676 Executing VM operation: CollectForMetadataAllocation done
Event: 12.722 Executing VM operation: G1Concurrent
Event: 12.731 Executing VM operation: G1Concurrent done
Event: 12.753 Executing VM operation: G1Concurrent
Event: 12.753 Executing VM operation: G1Concurrent done
Event: 12.815 Executing VM operation: HandshakeAllThreads
Event: 12.815 Executing VM operation: HandshakeAllThreads done
Event: 12.916 Executing VM operation: HandshakeAllThreads
Event: 12.916 Executing VM operation: HandshakeAllThreads done
Event: 13.247 Executing VM operation: HandshakeAllThreads
Event: 13.247 Executing VM operation: HandshakeAllThreads done
Event: 14.253 Executing VM operation: Cleanup
Event: 14.254 Executing VM operation: Cleanup done
Event: 14.336 Executing VM operation: G1CollectForAllocation
Event: 14.343 Executing VM operation: G1CollectForAllocation done

Events (20 events):
Event: 14.642 loading class javax/xml/stream/FactoryFinder$1
Event: 14.642 loading class javax/xml/stream/FactoryFinder$1 done
Event: 14.642 loading class com/sun/xml/internal/stream/events/XMLEventFactoryImpl
Event: 14.644 loading class com/sun/xml/internal/stream/events/XMLEventFactoryImpl done
Event: 14.695 loading class javax/naming/InvalidNameException
Event: 14.695 loading class javax/naming/InvalidNameException done
Event: 14.695 loading class javax/naming/event/NamingListener
Event: 14.700 loading class javax/naming/event/NamingListener done
Event: 14.700 loading class javax/naming/event/NamespaceChangeListener
Event: 14.701 loading class javax/naming/event/NamespaceChangeListener done
Event: 15.075 loading class jdk/internal/ValueBased
Event: 15.075 loading class jdk/internal/ValueBased done
Event: 15.153 loading class java/math/MutableBigInteger
Event: 15.158 loading class java/math/MutableBigInteger done
Event: 15.204 loading class javax/naming/RefAddr
Event: 15.204 loading class javax/naming/RefAddr done
Event: 15.205 loading class javax/naming/StringRefAddr
Event: 15.205 loading class javax/naming/StringRefAddr done
Event: 15.216 loading class java/io/InvalidObjectException
Event: 15.216 loading class java/io/InvalidObjectException done


Dynamic libraries:
0x00007ff75dfd0000 - 0x00007ff75dfdd000 	C:\Users\1380e\.jdks\corretto-17.0.6\bin\java.exe
0x00007fff48650000 - 0x00007fff48864000 	C:\WINDOWS\SYSTEM32\ntdll.dll
0x00007fff47f20000 - 0x00007fff47fe2000 	C:\WINDOWS\System32\KERNEL32.DLL
0x00007fff45a90000 - 0x00007fff45e2c000 	C:\WINDOWS\System32\KERNELBASE.dll
0x00007fff45e60000 - 0x00007fff45f71000 	C:\WINDOWS\System32\ucrtbase.dll
0x00007fff3de70000 - 0x00007fff3de87000 	C:\Users\1380e\.jdks\corretto-17.0.6\bin\jli.dll
0x00007fff319e0000 - 0x00007fff319f5000 	C:\Users\1380e\.jdks\corretto-17.0.6\bin\VCRUNTIME140.dll
0x00007fff47ff0000 - 0x00007fff4819b000 	C:\WINDOWS\System32\USER32.dll
0x00007fff45e30000 - 0x00007fff45e56000 	C:\WINDOWS\System32\win32u.dll
0x00007fff484c0000 - 0x00007fff484e9000 	C:\WINDOWS\System32\GDI32.dll
0x00007fff462d0000 - 0x00007fff463e3000 	C:\WINDOWS\System32\gdi32full.dll
0x00007fff45f80000 - 0x00007fff4601a000 	C:\WINDOWS\System32\msvcp_win.dll
0x00007fff44d80000 - 0x00007fff4500e000 	C:\WINDOWS\WinSxS\amd64_microsoft.windows.common-controls_6595b64144ccf1df_6.0.22621.608_none_a9444ca7c10bb01d\COMCTL32.dll
0x00007fff46c50000 - 0x00007fff46cf7000 	C:\WINDOWS\System32\msvcrt.dll
0x00007fff46510000 - 0x00007fff46541000 	C:\WINDOWS\System32\IMM32.DLL
0x00007fff10d20000 - 0x00007fff10dbb000 	C:\Users\1380e\.jdks\corretto-17.0.6\bin\msvcp140.dll
0x00007ffeebef0000 - 0x00007ffeecb08000 	C:\Users\1380e\.jdks\corretto-17.0.6\bin\server\jvm.dll
0x00007fff46460000 - 0x00007fff4650e000 	C:\WINDOWS\System32\ADVAPI32.dll
0x00007fff47c40000 - 0x00007fff47ce4000 	C:\WINDOWS\System32\sechost.dll
0x00007fff47690000 - 0x00007fff477a7000 	C:\WINDOWS\System32\RPCRT4.dll
0x00007fff2b900000 - 0x00007fff2b909000 	C:\WINDOWS\SYSTEM32\WSOCK32.dll
0x00007fff46d00000 - 0x00007fff46d71000 	C:\WINDOWS\System32\WS2_32.dll
0x00007fff3d090000 - 0x00007fff3d0c4000 	C:\WINDOWS\SYSTEM32\WINMM.dll
0x00007fff3cc00000 - 0x00007fff3cc0a000 	C:\WINDOWS\SYSTEM32\VERSION.dll
0x00007fff44400000 - 0x00007fff44418000 	C:\WINDOWS\SYSTEM32\kernel.appcore.dll
0x00007fff341a0000 - 0x00007fff341aa000 	C:\Users\1380e\.jdks\corretto-17.0.6\bin\jimage.dll
0x00007fff45320000 - 0x00007fff4554e000 	C:\WINDOWS\SYSTEM32\DBGHELP.DLL
0x00007fff477c0000 - 0x00007fff47b49000 	C:\WINDOWS\System32\combase.dll
0x00007fff47d00000 - 0x00007fff47dd7000 	C:\WINDOWS\System32\OLEAUT32.dll
0x00007fff451e0000 - 0x00007fff45212000 	C:\WINDOWS\SYSTEM32\dbgcore.DLL
0x00007fff46250000 - 0x00007fff462cb000 	C:\WINDOWS\System32\bcryptPrimitives.dll
0x00007fff33560000 - 0x00007fff3356e000 	C:\Users\1380e\.jdks\corretto-17.0.6\bin\instrument.dll
0x00007fff12f80000 - 0x00007fff12fa5000 	C:\Users\1380e\.jdks\corretto-17.0.6\bin\java.dll
0x00007fff10850000 - 0x00007fff10926000 	C:\Users\1380e\.jdks\corretto-17.0.6\bin\jsvml.dll
0x00007fff46ea0000 - 0x00007fff47690000 	C:\WINDOWS\System32\SHELL32.dll
0x00007fff431f0000 - 0x00007fff43abd000 	C:\WINDOWS\SYSTEM32\windows.storage.dll
0x00007fff430b0000 - 0x00007fff431ee000 	C:\WINDOWS\SYSTEM32\wintypes.dll
0x00007fff484f0000 - 0x00007fff485e1000 	C:\WINDOWS\System32\SHCORE.dll
0x00007fff47b50000 - 0x00007fff47bae000 	C:\WINDOWS\System32\shlwapi.dll
0x00007fff459c0000 - 0x00007fff459e1000 	C:\WINDOWS\SYSTEM32\profapi.dll
0x00007fff2c0a0000 - 0x00007fff2c0b8000 	C:\Users\1380e\.jdks\corretto-17.0.6\bin\zip.dll
0x00007fff31810000 - 0x00007fff31829000 	C:\Users\1380e\.jdks\corretto-17.0.6\bin\net.dll
0x00007fff3cdd0000 - 0x00007fff3cf07000 	C:\WINDOWS\SYSTEM32\WINHTTP.dll
0x00007fff44850000 - 0x00007fff448b9000 	C:\WINDOWS\system32\mswsock.dll
0x00007fff305d0000 - 0x00007fff305e5000 	C:\Users\1380e\.jdks\corretto-17.0.6\bin\nio.dll
0x00007fff33540000 - 0x00007fff3355a000 	C:\Program Files\JetBrains\IntelliJ IDEA 2022.3.2\bin\breakgen64.dll
0x00007fff43de0000 - 0x00007fff43ed3000 	C:\WINDOWS\SYSTEM32\DNSAPI.dll
0x00007fff43da0000 - 0x00007fff43dcd000 	C:\WINDOWS\SYSTEM32\IPHLPAPI.DLL
0x00007fff47cf0000 - 0x00007fff47cf9000 	C:\WINDOWS\System32\NSI.dll
0x00007fff38760000 - 0x00007fff3876a000 	C:\Windows\System32\rasadhlp.dll
0x00007fff3a600000 - 0x00007fff3a683000 	C:\WINDOWS\System32\fwpuclnt.dll
0x00007fff31a60000 - 0x00007fff31a69000 	C:\Users\1380e\.jdks\corretto-17.0.6\bin\management.dll
0x00007fff319b0000 - 0x00007fff319bb000 	C:\Users\1380e\.jdks\corretto-17.0.6\bin\management_ext.dll
0x00007fff47c30000 - 0x00007fff47c38000 	C:\WINDOWS\System32\PSAPI.DLL
0x00007fff45640000 - 0x00007fff4565b000 	C:\WINDOWS\SYSTEM32\CRYPTSP.dll
0x00007fff44220000 - 0x00007fff44255000 	C:\WINDOWS\system32\rsaenh.dll
0x00007fff44ad0000 - 0x00007fff44af8000 	C:\WINDOWS\SYSTEM32\USERENV.dll
0x00007fff452f0000 - 0x00007fff45318000 	C:\WINDOWS\SYSTEM32\bcrypt.dll
0x00007fff44b00000 - 0x00007fff44b0c000 	C:\WINDOWS\SYSTEM32\CRYPTBASE.dll
0x00007fff3cbe0000 - 0x00007fff3cbf9000 	C:\WINDOWS\SYSTEM32\dhcpcsvc6.DLL
0x00007fff3cbc0000 - 0x00007fff3cbdf000 	C:\WINDOWS\SYSTEM32\dhcpcsvc.DLL
0x00007fff0f3f0000 - 0x00007fff0f407000 	C:\WINDOWS\system32\napinsp.dll
0x00007fff0f350000 - 0x00007fff0f36b000 	C:\WINDOWS\system32\pnrpnsp.dll
0x00007fff0f330000 - 0x00007fff0f341000 	C:\WINDOWS\System32\winrnr.dll
0x00007fff26260000 - 0x00007fff26275000 	C:\WINDOWS\system32\wshbth.dll
0x00007fff0b5f0000 - 0x00007fff0b611000 	C:\WINDOWS\system32\nlansp_c.dll
0x00007fff31900000 - 0x00007fff31910000 	C:\Users\1380e\.jdks\corretto-17.0.6\bin\verify.dll
0x00007fff319a0000 - 0x00007fff319ae000 	C:\Users\1380e\.jdks\corretto-17.0.6\bin\sunmscapi.dll
0x00007fff46020000 - 0x00007fff46186000 	C:\WINDOWS\System32\CRYPT32.dll
0x00007fff44c60000 - 0x00007fff44c8e000 	C:\WINDOWS\SYSTEM32\ncrypt.dll
0x00007fff44c20000 - 0x00007fff44c57000 	C:\WINDOWS\SYSTEM32\NTASN1.dll

dbghelp: loaded successfully - version: 4.0.5 - missing functions: none
symbol engine: initialized successfully - sym options: 0x614 - pdb path: .;C:\Users\1380e\.jdks\corretto-17.0.6\bin;C:\WINDOWS\SYSTEM32;C:\WINDOWS\WinSxS\amd64_microsoft.windows.common-controls_6595b64144ccf1df_6.0.22621.608_none_a9444ca7c10bb01d;C:\Users\1380e\.jdks\corretto-17.0.6\bin\server;C:\Program Files\JetBrains\IntelliJ IDEA 2022.3.2\bin

VM Arguments:
jvm_args: -XX:TieredStopAtLevel=1 -Dspring.output.ansi.enabled=always -Dcom.sun.management.jmxremote -Dspring.jmx.enabled=true -Dspring.liveBeansView.mbeanDomain -Dspring.application.admin.enabled=true -Dmanagement.endpoints.jmx.exposure.include=* -javaagent:C:\Program Files\JetBrains\IntelliJ IDEA 2022.3.2\lib\idea_rt.jar=55315:C:\Program Files\JetBrains\IntelliJ IDEA 2022.3.2\bin -Dfile.encoding=UTF-8 
java_command: ru.skypro.homework.HomeworkApplication
java_class_path (initial): C:\Users\1380e\IdeaProjects\example-for-graduate-work-main\graduate-work\target\classes;C:\Users\1380e\.m2\repository\org\springframework\boot\spring-boot-starter-web\2.7.10\spring-boot-starter-web-2.7.10.jar;C:\Users\1380e\.m2\repository\org\springframework\boot\spring-boot-starter\2.7.10\spring-boot-starter-2.7.10.jar;C:\Users\1380e\.m2\repository\org\springframework\boot\spring-boot\2.7.10\spring-boot-2.7.10.jar;C:\Users\1380e\.m2\repository\org\springframework\boot\spring-boot-autoconfigure\2.7.10\spring-boot-autoconfigure-2.7.10.jar;C:\Users\1380e\.m2\repository\org\springframework\boot\spring-boot-starter-logging\2.7.10\spring-boot-starter-logging-2.7.10.jar;C:\Users\1380e\.m2\repository\ch\qos\logback\logback-classic\1.2.11\logback-classic-1.2.11.jar;C:\Users\1380e\.m2\repository\ch\qos\logback\logback-core\1.2.11\logback-core-1.2.11.jar;C:\Users\1380e\.m2\repository\org\apache\logging\log4j\log4j-to-slf4j\2.17.2\log4j-to-slf4j-2.17.2.jar;C:\Users\1380e\.m2\repository\org\apache\logging\log4j\log4j-api\2.17.2\log4j-api-2.17.2.jar;C:\Users\1380e\.m2\repository\org\slf4j\jul-to-slf4j\1.7.36\jul-to-slf4j-1.7.36.jar;C:\Users\1380e\.m2\repository\jakarta\annotation\jakarta.annotation-api\1.3.5\jakarta.annotation-api-1.3.5.jar;C:\Users\1380e\.m2\repository\org\yaml\snakeyaml\1.30\snakeyaml-1.30.jar;C:\Users\1380e\.m2\repository\org\springframework\boot\spring-boot-starter-json\2.7.10\spring-boot-starter-json-2.7.10.jar;C:\Users\1380e\.m2\repository\com\fasterxml\jackson\core\jackson-databind\2.13.5\jackson-databind-2.13.5.jar;C:\Users\1380e\.m2\repository\com\fasterxml\jackson\core\jackson-annotations\2.13.5\jackson-annotations-2.13.5.jar;C:\Users\1380e\.m2\repository\com\fasterxml\jackson\datatype\jackson-datatype-jdk8\2.13.5\jackson-datatype-jdk8-2.13.5.jar;C:\Users\1380e\.m2\repository\com\fasterxml\jackson\datatype\jackson-datatype-jsr310\2.13.5\jackson-datatype-jsr310-2.13.5.jar;C:\Users\1380e\.m2\repository\com\fasterxml\jackson\m
Launcher Type: SUN_STANDARD

[Global flags]
     intx CICompilerCount                          = 2                                         {product} {ergonomic}
     uint ConcGCThreads                            = 1                                         {product} {ergonomic}
     uint G1ConcRefinementThreads                  = 2                                         {product} {ergonomic}
   size_t G1HeapRegionSize                         = 2097152                                   {product} {ergonomic}
    uintx GCDrainStackTargetSize                   = 64                                        {product} {ergonomic}
   size_t InitialHeapSize                          = 167772160                                 {product} {ergonomic}
     bool ManagementServer                         = true                                      {product} {command line}
   size_t MarkStackSize                            = 4194304                                   {product} {ergonomic}
   size_t MaxHeapSize                              = 2652897280                                {product} {ergonomic}
   size_t MaxNewSize                               = 1591738368                                {product} {ergonomic}
   size_t MinHeapDeltaBytes                        = 2097152                                   {product} {ergonomic}
   size_t MinHeapSize                              = 8388608                                   {product} {ergonomic}
    uintx NonProfiledCodeHeapSize                  = 0                                      {pd product} {ergonomic}
     bool ProfileInterpreter                       = false                                  {pd product} {command line}
    uintx ProfiledCodeHeapSize                     = 0                                      {pd product} {ergonomic}
   size_t SoftMaxHeapSize                          = 2652897280                             {manageable} {ergonomic}
     intx TieredStopAtLevel                        = 1                                         {product} {command line}
     bool UseCompressedClassPointers               = true                           {product lp64_product} {ergonomic}
     bool UseCompressedOops                        = true                           {product lp64_product} {ergonomic}
     bool UseG1GC                                  = true                                      {product} {ergonomic}
     bool UseLargePagesIndividualAllocation        = false                                  {pd product} {ergonomic}

Logging:
Log output configuration:
 #0: stdout all=warning uptime,level,tags
 #1: stderr all=off uptime,level,tags

Environment Variables:
PATH=C:\WINDOWS\system32;C:\WINDOWS;C:\WINDOWS\System32\Wbem;C:\WINDOWS\System32\WindowsPowerShell\v1.0\;C:\WINDOWS\System32\OpenSSH\;C:\Program Files\Docker\Docker\resources\bin;C:\Program Files\Git\cmd;C:\Users\1380e\AppData\Local\Microsoft\WindowsApps;;C:\Program Files\JetBrains\IntelliJ IDEA 2022.3.2\bin;
USERNAME=1380e
OS=Windows_NT
PROCESSOR_IDENTIFIER=AMD64 Family 23 Model 24 Stepping 1, AuthenticAMD
TMP=C:\Users\1380e\AppData\Local\Temp
TEMP=C:\Users\1380e\AppData\Local\Temp



---------------  S Y S T E M  ---------------

OS:
 Windows 11 , 64 bit Build 22621 (10.0.22621.1485)
OS uptime: 0 days 23:52 hours
Hyper-V role detected

CPU: total 2 (initial active 2) (2 cores per cpu, 1 threads per core) family 23 model 24 stepping 1 microcode 0x0, cx8, cmov, fxsr, mmx, 3dnowpref, sse, sse2, sse3, ssse3, sse4a, sse4.1, sse4.2, popcnt, lzcnt, tsc, tscinvbit, avx, avx2, aes, clmul, bmi1, bmi2, adx, sha, fma, vzeroupper, clflush, clflushopt, hv

Memory: 4k page, system-wide physical 10119M (1822M free)
TotalPageFile size 13119M (AvailPageFile size 4M)
current process WorkingSet (physical memory assigned to process): 169M, peak: 169M
current process commit charge ("private bytes"): 198M, peak: 265M

vm_info: OpenJDK 64-Bit Server VM (17.0.6+10-LTS) for windows-amd64 JRE (17.0.6+10-LTS), built on Jan 13 2023 22:57:04 by "Administrator" with MS VC++ 15.9 (VS2017)

END.
